CRITICAL - 2023-07-23 21:06:45 --> Class "App\Models\MuralModel" not found
in APPPATH\Controllers\MuralController.php on line 70.
 1 SYSTEMPATH\CodeIgniter.php(934): App\Controllers\MuralController->getIdMurals()
 2 SYSTEMPATH\CodeIgniter.php(499): CodeIgniter\CodeIgniter->runController(Object(App\Controllers\MuralController))
 3 SYSTEMPATH\CodeIgniter.php(368): CodeIgniter\CodeIgniter->handleRequest(null, Object(Config\Cache), false)
 4 FCPATH\index.php(67): CodeIgniter\CodeIgniter->run()
CRITICAL - 2023-07-23 21:07:10 --> Class "App\Models\MuralModel" not found
in APPPATH\Controllers\MuralController.php on line 70.
 1 SYSTEMPATH\CodeIgniter.php(934): App\Controllers\MuralController->getIdMurals()
 2 SYSTEMPATH\CodeIgniter.php(499): CodeIgniter\CodeIgniter->runController(Object(App\Controllers\MuralController))
 3 SYSTEMPATH\CodeIgniter.php(368): CodeIgniter\CodeIgniter->handleRequest(null, Object(Config\Cache), false)
 4 FCPATH\index.php(67): CodeIgniter\CodeIgniter->run()
CRITICAL - 2023-07-23 21:14:02 --> Class "App\Models\MuralModel" not found
in APPPATH\Controllers\MuralController.php on line 70.
 1 SYSTEMPATH\CodeIgniter.php(934): App\Controllers\MuralController->getIdMurals()
 2 SYSTEMPATH\CodeIgniter.php(499): CodeIgniter\CodeIgniter->runController(Object(App\Controllers\MuralController))
 3 SYSTEMPATH\CodeIgniter.php(368): CodeIgniter\CodeIgniter->handleRequest(null, Object(Config\Cache), false)
 4 FCPATH\index.php(67): CodeIgniter\CodeIgniter->run()
ERROR - 2023-07-23 21:44:37 --> ErrorException: pg_query(): Query failed: ERROR:  lastval no está definido en esta sesión in C:\wamp64\www\codeigniter4-framework-5d3d4b2\system\Database\Postgre\Connection.php:147
Stack trace:
#0 [internal function]: CodeIgniter\Debug\Exceptions->errorHandler(2, 'pg_query(): Que...', 'C:\\wamp64\\www\\c...', 147)
#1 C:\wamp64\www\codeigniter4-framework-5d3d4b2\system\Database\Postgre\Connection.php(147): pg_query(Resource id #12, 'SELECT LASTVAL(...')
#2 C:\wamp64\www\codeigniter4-framework-5d3d4b2\system\Database\BaseConnection.php(692): CodeIgniter\Database\Postgre\Connection->execute('SELECT LASTVAL(...')
#3 C:\wamp64\www\codeigniter4-framework-5d3d4b2\system\Database\BaseConnection.php(606): CodeIgniter\Database\BaseConnection->simpleQuery('SELECT LASTVAL(...')
#4 C:\wamp64\www\codeigniter4-framework-5d3d4b2\system\Database\Postgre\Connection.php(440): CodeIgniter\Database\BaseConnection->query('SELECT LASTVAL(...')
#5 C:\wamp64\www\codeigniter4-framework-5d3d4b2\system\Model.php(335): CodeIgniter\Database\Postgre\Connection->insertID()
#6 C:\wamp64\www\codeigniter4-framework-5d3d4b2\system\BaseModel.php(782): CodeIgniter\Model->doInsert(Array)
#7 C:\wamp64\www\codeigniter4-framework-5d3d4b2\system\Model.php(730): CodeIgniter\BaseModel->insert(Array, true)
#8 C:\wamp64\www\codeigniter4-framework-5d3d4b2\app\Controllers\MuralController.php(33): CodeIgniter\Model->insert(Array)
#9 C:\wamp64\www\codeigniter4-framework-5d3d4b2\system\CodeIgniter.php(934): App\Controllers\MuralController->create()
#10 C:\wamp64\www\codeigniter4-framework-5d3d4b2\system\CodeIgniter.php(499): CodeIgniter\CodeIgniter->runController(Object(App\Controllers\MuralController))
#11 C:\wamp64\www\codeigniter4-framework-5d3d4b2\system\CodeIgniter.php(368): CodeIgniter\CodeIgniter->handleRequest(NULL, Object(Config\Cache), false)
#12 C:\wamp64\www\codeigniter4-framework-5d3d4b2\index.php(67): CodeIgniter\CodeIgniter->run()
#13 {main}
CRITICAL - 2023-07-23 21:44:37 --> pg_query(): Query failed: ERROR:  lastval no está definido en esta sesión
in SYSTEMPATH\Database\Postgre\Connection.php on line 147.
 1 [internal function]: CodeIgniter\Debug\Exceptions->errorHandler(2, 'pg_query(): Query failed: ERROR:  lastval no está definido en esta sesión', 'C:\\wamp64\\www\\codeigniter4-framework-5d3d4b2\\system\\Database\\Postgre\\Connection.php', 147)
 2 SYSTEMPATH\Database\Postgre\Connection.php(147): pg_query(resource (pgsql link persistent), 'SELECT LASTVAL() AS ins_id')
 3 SYSTEMPATH\Database\BaseConnection.php(692): CodeIgniter\Database\Postgre\Connection->execute('SELECT LASTVAL() AS ins_id')
 4 SYSTEMPATH\Database\BaseConnection.php(606): CodeIgniter\Database\BaseConnection->simpleQuery('SELECT LASTVAL() AS ins_id')
 5 SYSTEMPATH\Database\Postgre\Connection.php(440): CodeIgniter\Database\BaseConnection->query('SELECT LASTVAL() AS ins_id')
 6 SYSTEMPATH\Model.php(335): CodeIgniter\Database\Postgre\Connection->insertID()
 7 SYSTEMPATH\BaseModel.php(782): CodeIgniter\Model->doInsert([...])
 8 SYSTEMPATH\Model.php(730): CodeIgniter\BaseModel->insert([...], true)
 9 APPPATH\Controllers\MuralController.php(33): CodeIgniter\Model->insert([...])
10 SYSTEMPATH\CodeIgniter.php(934): App\Controllers\MuralController->create()
11 SYSTEMPATH\CodeIgniter.php(499): CodeIgniter\CodeIgniter->runController(Object(App\Controllers\MuralController))
12 SYSTEMPATH\CodeIgniter.php(368): CodeIgniter\CodeIgniter->handleRequest(null, Object(Config\Cache), false)
13 FCPATH\index.php(67): CodeIgniter\CodeIgniter->run()
ERROR - 2023-07-23 22:38:10 --> ErrorException: pg_query(): Query failed: ERROR:  llave duplicada viola restricción de unicidad «mural_pkey»
DETAIL:  Ya existe la llave (id_mural)=(b24c8fcb-1d10-4df1-9604-ba3182933e92). in C:\wamp64\www\codeigniter4-framework-5d3d4b2\system\Database\Postgre\Connection.php:147
Stack trace:
#0 [internal function]: CodeIgniter\Debug\Exceptions->errorHandler(2, 'pg_query(): Que...', 'C:\\wamp64\\www\\c...', 147)
#1 C:\wamp64\www\codeigniter4-framework-5d3d4b2\system\Database\Postgre\Connection.php(147): pg_query(Resource id #11, 'INSERT INTO "mu...')
#2 C:\wamp64\www\codeigniter4-framework-5d3d4b2\system\Database\BaseConnection.php(692): CodeIgniter\Database\Postgre\Connection->execute('INSERT INTO "mu...')
#3 C:\wamp64\www\codeigniter4-framework-5d3d4b2\system\Database\BaseConnection.php(606): CodeIgniter\Database\BaseConnection->simpleQuery('INSERT INTO "mu...')
#4 C:\wamp64\www\codeigniter4-framework-5d3d4b2\system\Database\BaseBuilder.php(2309): CodeIgniter\Database\BaseConnection->query('INSERT INTO "mu...', Array, false)
#5 C:\wamp64\www\codeigniter4-framework-5d3d4b2\system\Model.php(330): CodeIgniter\Database\BaseBuilder->insert()
#6 C:\wamp64\www\codeigniter4-framework-5d3d4b2\system\BaseModel.php(782): CodeIgniter\Model->doInsert(Array)
#7 C:\wamp64\www\codeigniter4-framework-5d3d4b2\system\Model.php(730): CodeIgniter\BaseModel->insert(Array, true)
#8 C:\wamp64\www\codeigniter4-framework-5d3d4b2\app\Controllers\MuralController.php(33): CodeIgniter\Model->insert(Array)
#9 C:\wamp64\www\codeigniter4-framework-5d3d4b2\system\CodeIgniter.php(934): App\Controllers\MuralController->create()
#10 C:\wamp64\www\codeigniter4-framework-5d3d4b2\system\CodeIgniter.php(499): CodeIgniter\CodeIgniter->runController(Object(App\Controllers\MuralController))
#11 C:\wamp64\www\codeigniter4-framework-5d3d4b2\system\CodeIgniter.php(368): CodeIgniter\CodeIgniter->handleRequest(NULL, Object(Config\Cache), false)
#12 C:\wamp64\www\codeigniter4-framework-5d3d4b2\index.php(67): CodeIgniter\CodeIgniter->run()
#13 {main}
CRITICAL - 2023-07-23 22:38:10 --> pg_query(): Query failed: ERROR:  llave duplicada viola restricción de unicidad «mural_pkey»
DETAIL:  Ya existe la llave (id_mural)=(b24c8fcb-1d10-4df1-9604-ba3182933e92).
in SYSTEMPATH\Database\Postgre\Connection.php on line 147.
 1 [internal function]: CodeIgniter\Debug\Exceptions->errorHandler(2, 'pg_query(): Query failed: ERROR:  llave duplicada viola restricción de unicidad «mural_pkey»
DETAIL:  Ya existe la llave (id_mural)=(b24c8fcb-1d10-4df1-9604-ba3182933e92).', 'C:\\wamp64\\www\\codeigniter4-framework-5d3d4b2\\system\\Database\\Postgre\\Connection.php', 147)
 2 SYSTEMPATH\Database\Postgre\Connection.php(147): pg_query(resource (pgsql link persistent), 'INSERT INTO "mural" ("id_mural", "id_user", "height", "width", "estado") VALUES (\'b24c8fcb-1d10-4df1-9604-ba3182933e92\', 1, 1600, 900, \'en espera\')')
 3 SYSTEMPATH\Database\BaseConnection.php(692): CodeIgniter\Database\Postgre\Connection->execute('INSERT INTO "mural" ("id_mural", "id_user", "height", "width", "estado") VALUES (\'b24c8fcb-1d10-4df1-9604-ba3182933e92\', 1, 1600, 900, \'en espera\')')
 4 SYSTEMPATH\Database\BaseConnection.php(606): CodeIgniter\Database\BaseConnection->simpleQuery('INSERT INTO "mural" ("id_mural", "id_user", "height", "width", "estado") VALUES (\'b24c8fcb-1d10-4df1-9604-ba3182933e92\', 1, 1600, 900, \'en espera\')')
 5 SYSTEMPATH\Database\BaseBuilder.php(2309): CodeIgniter\Database\BaseConnection->query('INSERT INTO "mural" ("id_mural", "id_user", "height", "width", "estado") VALUES (:id_mural:, :id_user:, :height:, :width:, :estado:)', [...], false)
 6 SYSTEMPATH\Model.php(330): CodeIgniter\Database\BaseBuilder->insert()
 7 SYSTEMPATH\BaseModel.php(782): CodeIgniter\Model->doInsert([...])
 8 SYSTEMPATH\Model.php(730): CodeIgniter\BaseModel->insert([...], true)
 9 APPPATH\Controllers\MuralController.php(33): CodeIgniter\Model->insert([...])
10 SYSTEMPATH\CodeIgniter.php(934): App\Controllers\MuralController->create()
11 SYSTEMPATH\CodeIgniter.php(499): CodeIgniter\CodeIgniter->runController(Object(App\Controllers\MuralController))
12 SYSTEMPATH\CodeIgniter.php(368): CodeIgniter\CodeIgniter->handleRequest(null, Object(Config\Cache), false)
13 FCPATH\index.php(67): CodeIgniter\CodeIgniter->run()
ERROR - 2023-07-23 22:41:54 --> ErrorException: pg_query(): Query failed: ERROR:  llave duplicada viola restricción de unicidad «mural_pkey»
DETAIL:  Ya existe la llave (id_mural)=(b24c8fcb-1d10-4df1-9604-ba3182933e92). in C:\wamp64\www\codeigniter4-framework-5d3d4b2\system\Database\Postgre\Connection.php:147
Stack trace:
#0 [internal function]: CodeIgniter\Debug\Exceptions->errorHandler(2, 'pg_query(): Que...', 'C:\\wamp64\\www\\c...', 147)
#1 C:\wamp64\www\codeigniter4-framework-5d3d4b2\system\Database\Postgre\Connection.php(147): pg_query(Resource id #12, 'INSERT INTO "mu...')
#2 C:\wamp64\www\codeigniter4-framework-5d3d4b2\system\Database\BaseConnection.php(692): CodeIgniter\Database\Postgre\Connection->execute('INSERT INTO "mu...')
#3 C:\wamp64\www\codeigniter4-framework-5d3d4b2\system\Database\BaseConnection.php(606): CodeIgniter\Database\BaseConnection->simpleQuery('INSERT INTO "mu...')
#4 C:\wamp64\www\codeigniter4-framework-5d3d4b2\system\Database\BaseBuilder.php(2309): CodeIgniter\Database\BaseConnection->query('INSERT INTO "mu...', Array, false)
#5 C:\wamp64\www\codeigniter4-framework-5d3d4b2\system\Model.php(330): CodeIgniter\Database\BaseBuilder->insert()
#6 C:\wamp64\www\codeigniter4-framework-5d3d4b2\system\BaseModel.php(782): CodeIgniter\Model->doInsert(Array)
#7 C:\wamp64\www\codeigniter4-framework-5d3d4b2\system\Model.php(730): CodeIgniter\BaseModel->insert(Array, true)
#8 C:\wamp64\www\codeigniter4-framework-5d3d4b2\app\Controllers\MuralController.php(33): CodeIgniter\Model->insert(Array)
#9 C:\wamp64\www\codeigniter4-framework-5d3d4b2\system\CodeIgniter.php(934): App\Controllers\MuralController->create()
#10 C:\wamp64\www\codeigniter4-framework-5d3d4b2\system\CodeIgniter.php(499): CodeIgniter\CodeIgniter->runController(Object(App\Controllers\MuralController))
#11 C:\wamp64\www\codeigniter4-framework-5d3d4b2\system\CodeIgniter.php(368): CodeIgniter\CodeIgniter->handleRequest(NULL, Object(Config\Cache), false)
#12 C:\wamp64\www\codeigniter4-framework-5d3d4b2\index.php(67): CodeIgniter\CodeIgniter->run()
#13 {main}
CRITICAL - 2023-07-23 22:41:54 --> pg_query(): Query failed: ERROR:  llave duplicada viola restricción de unicidad «mural_pkey»
DETAIL:  Ya existe la llave (id_mural)=(b24c8fcb-1d10-4df1-9604-ba3182933e92).
in SYSTEMPATH\Database\Postgre\Connection.php on line 147.
 1 [internal function]: CodeIgniter\Debug\Exceptions->errorHandler(2, 'pg_query(): Query failed: ERROR:  llave duplicada viola restricción de unicidad «mural_pkey»
DETAIL:  Ya existe la llave (id_mural)=(b24c8fcb-1d10-4df1-9604-ba3182933e92).', 'C:\\wamp64\\www\\codeigniter4-framework-5d3d4b2\\system\\Database\\Postgre\\Connection.php', 147)
 2 SYSTEMPATH\Database\Postgre\Connection.php(147): pg_query(resource (pgsql link persistent), 'INSERT INTO "mural" ("id_mural", "id_user", "height", "width", "estado") VALUES (\'b24c8fcb-1d10-4df1-9604-ba3182933e92\', 1, 1600, 900, \'en espera\')')
 3 SYSTEMPATH\Database\BaseConnection.php(692): CodeIgniter\Database\Postgre\Connection->execute('INSERT INTO "mural" ("id_mural", "id_user", "height", "width", "estado") VALUES (\'b24c8fcb-1d10-4df1-9604-ba3182933e92\', 1, 1600, 900, \'en espera\')')
 4 SYSTEMPATH\Database\BaseConnection.php(606): CodeIgniter\Database\BaseConnection->simpleQuery('INSERT INTO "mural" ("id_mural", "id_user", "height", "width", "estado") VALUES (\'b24c8fcb-1d10-4df1-9604-ba3182933e92\', 1, 1600, 900, \'en espera\')')
 5 SYSTEMPATH\Database\BaseBuilder.php(2309): CodeIgniter\Database\BaseConnection->query('INSERT INTO "mural" ("id_mural", "id_user", "height", "width", "estado") VALUES (:id_mural:, :id_user:, :height:, :width:, :estado:)', [...], false)
 6 SYSTEMPATH\Model.php(330): CodeIgniter\Database\BaseBuilder->insert()
 7 SYSTEMPATH\BaseModel.php(782): CodeIgniter\Model->doInsert([...])
 8 SYSTEMPATH\Model.php(730): CodeIgniter\BaseModel->insert([...], true)
 9 APPPATH\Controllers\MuralController.php(33): CodeIgniter\Model->insert([...])
10 SYSTEMPATH\CodeIgniter.php(934): App\Controllers\MuralController->create()
11 SYSTEMPATH\CodeIgniter.php(499): CodeIgniter\CodeIgniter->runController(Object(App\Controllers\MuralController))
12 SYSTEMPATH\CodeIgniter.php(368): CodeIgniter\CodeIgniter->handleRequest(null, Object(Config\Cache), false)
13 FCPATH\index.php(67): CodeIgniter\CodeIgniter->run()
ERROR - 2023-07-23 22:59:46 --> ErrorException: pg_query(): Query failed: ERROR:  lastval no está definido en esta sesión in C:\wamp64\www\codeigniter4-framework-5d3d4b2\system\Database\Postgre\Connection.php:147
Stack trace:
#0 [internal function]: CodeIgniter\Debug\Exceptions->errorHandler(2, 'pg_query(): Que...', 'C:\\wamp64\\www\\c...', 147)
#1 C:\wamp64\www\codeigniter4-framework-5d3d4b2\system\Database\Postgre\Connection.php(147): pg_query(Resource id #11, 'SELECT LASTVAL(...')
#2 C:\wamp64\www\codeigniter4-framework-5d3d4b2\system\Database\BaseConnection.php(692): CodeIgniter\Database\Postgre\Connection->execute('SELECT LASTVAL(...')
#3 C:\wamp64\www\codeigniter4-framework-5d3d4b2\system\Database\BaseConnection.php(606): CodeIgniter\Database\BaseConnection->simpleQuery('SELECT LASTVAL(...')
#4 C:\wamp64\www\codeigniter4-framework-5d3d4b2\system\Database\Postgre\Connection.php(440): CodeIgniter\Database\BaseConnection->query('SELECT LASTVAL(...')
#5 C:\wamp64\www\codeigniter4-framework-5d3d4b2\system\Model.php(335): CodeIgniter\Database\Postgre\Connection->insertID()
#6 C:\wamp64\www\codeigniter4-framework-5d3d4b2\system\BaseModel.php(782): CodeIgniter\Model->doInsert(Array)
#7 C:\wamp64\www\codeigniter4-framework-5d3d4b2\system\Model.php(730): CodeIgniter\BaseModel->insert(Array, true)
#8 C:\wamp64\www\codeigniter4-framework-5d3d4b2\app\Controllers\MuralController.php(33): CodeIgniter\Model->insert(Array)
#9 C:\wamp64\www\codeigniter4-framework-5d3d4b2\system\CodeIgniter.php(934): App\Controllers\MuralController->create()
#10 C:\wamp64\www\codeigniter4-framework-5d3d4b2\system\CodeIgniter.php(499): CodeIgniter\CodeIgniter->runController(Object(App\Controllers\MuralController))
#11 C:\wamp64\www\codeigniter4-framework-5d3d4b2\system\CodeIgniter.php(368): CodeIgniter\CodeIgniter->handleRequest(NULL, Object(Config\Cache), false)
#12 C:\wamp64\www\codeigniter4-framework-5d3d4b2\index.php(67): CodeIgniter\CodeIgniter->run()
#13 {main}
CRITICAL - 2023-07-23 22:59:46 --> pg_query(): Query failed: ERROR:  lastval no está definido en esta sesión
in SYSTEMPATH\Database\Postgre\Connection.php on line 147.
 1 [internal function]: CodeIgniter\Debug\Exceptions->errorHandler(2, 'pg_query(): Query failed: ERROR:  lastval no está definido en esta sesión', 'C:\\wamp64\\www\\codeigniter4-framework-5d3d4b2\\system\\Database\\Postgre\\Connection.php', 147)
 2 SYSTEMPATH\Database\Postgre\Connection.php(147): pg_query(resource (pgsql link persistent), 'SELECT LASTVAL() AS ins_id')
 3 SYSTEMPATH\Database\BaseConnection.php(692): CodeIgniter\Database\Postgre\Connection->execute('SELECT LASTVAL() AS ins_id')
 4 SYSTEMPATH\Database\BaseConnection.php(606): CodeIgniter\Database\BaseConnection->simpleQuery('SELECT LASTVAL() AS ins_id')
 5 SYSTEMPATH\Database\Postgre\Connection.php(440): CodeIgniter\Database\BaseConnection->query('SELECT LASTVAL() AS ins_id')
 6 SYSTEMPATH\Model.php(335): CodeIgniter\Database\Postgre\Connection->insertID()
 7 SYSTEMPATH\BaseModel.php(782): CodeIgniter\Model->doInsert([...])
 8 SYSTEMPATH\Model.php(730): CodeIgniter\BaseModel->insert([...], true)
 9 APPPATH\Controllers\MuralController.php(33): CodeIgniter\Model->insert([...])
10 SYSTEMPATH\CodeIgniter.php(934): App\Controllers\MuralController->create()
11 SYSTEMPATH\CodeIgniter.php(499): CodeIgniter\CodeIgniter->runController(Object(App\Controllers\MuralController))
12 SYSTEMPATH\CodeIgniter.php(368): CodeIgniter\CodeIgniter->handleRequest(null, Object(Config\Cache), false)
13 FCPATH\index.php(67): CodeIgniter\CodeIgniter->run()
ERROR - 2023-07-23 23:00:12 --> ErrorException: pg_query(): Query failed: ERROR:  llave duplicada viola restricción de unicidad «mural_pkey»
DETAIL:  Ya existe la llave (id_mural)=(a25c8fcb-1d10-4df1-9604-ba3182933e92). in C:\wamp64\www\codeigniter4-framework-5d3d4b2\system\Database\Postgre\Connection.php:147
Stack trace:
#0 [internal function]: CodeIgniter\Debug\Exceptions->errorHandler(2, 'pg_query(): Que...', 'C:\\wamp64\\www\\c...', 147)
#1 C:\wamp64\www\codeigniter4-framework-5d3d4b2\system\Database\Postgre\Connection.php(147): pg_query(Resource id #11, 'INSERT INTO "mu...')
#2 C:\wamp64\www\codeigniter4-framework-5d3d4b2\system\Database\BaseConnection.php(692): CodeIgniter\Database\Postgre\Connection->execute('INSERT INTO "mu...')
#3 C:\wamp64\www\codeigniter4-framework-5d3d4b2\system\Database\BaseConnection.php(606): CodeIgniter\Database\BaseConnection->simpleQuery('INSERT INTO "mu...')
#4 C:\wamp64\www\codeigniter4-framework-5d3d4b2\system\Database\BaseBuilder.php(2309): CodeIgniter\Database\BaseConnection->query('INSERT INTO "mu...', Array, false)
#5 C:\wamp64\www\codeigniter4-framework-5d3d4b2\system\Model.php(330): CodeIgniter\Database\BaseBuilder->insert()
#6 C:\wamp64\www\codeigniter4-framework-5d3d4b2\system\BaseModel.php(782): CodeIgniter\Model->doInsert(Array)
#7 C:\wamp64\www\codeigniter4-framework-5d3d4b2\system\Model.php(730): CodeIgniter\BaseModel->insert(Array, true)
#8 C:\wamp64\www\codeigniter4-framework-5d3d4b2\app\Controllers\MuralController.php(33): CodeIgniter\Model->insert(Array)
#9 C:\wamp64\www\codeigniter4-framework-5d3d4b2\system\CodeIgniter.php(934): App\Controllers\MuralController->create()
#10 C:\wamp64\www\codeigniter4-framework-5d3d4b2\system\CodeIgniter.php(499): CodeIgniter\CodeIgniter->runController(Object(App\Controllers\MuralController))
#11 C:\wamp64\www\codeigniter4-framework-5d3d4b2\system\CodeIgniter.php(368): CodeIgniter\CodeIgniter->handleRequest(NULL, Object(Config\Cache), false)
#12 C:\wamp64\www\codeigniter4-framework-5d3d4b2\index.php(67): CodeIgniter\CodeIgniter->run()
#13 {main}
CRITICAL - 2023-07-23 23:00:12 --> pg_query(): Query failed: ERROR:  llave duplicada viola restricción de unicidad «mural_pkey»
DETAIL:  Ya existe la llave (id_mural)=(a25c8fcb-1d10-4df1-9604-ba3182933e92).
in SYSTEMPATH\Database\Postgre\Connection.php on line 147.
 1 [internal function]: CodeIgniter\Debug\Exceptions->errorHandler(2, 'pg_query(): Query failed: ERROR:  llave duplicada viola restricción de unicidad «mural_pkey»
DETAIL:  Ya existe la llave (id_mural)=(a25c8fcb-1d10-4df1-9604-ba3182933e92).', 'C:\\wamp64\\www\\codeigniter4-framework-5d3d4b2\\system\\Database\\Postgre\\Connection.php', 147)
 2 SYSTEMPATH\Database\Postgre\Connection.php(147): pg_query(resource (pgsql link persistent), 'INSERT INTO "mural" ("id_mural", "id_user", "height", "width", "estado") VALUES (\'a25c8fcb-1d10-4df1-9604-ba3182933e92\', 2, 1600, 900, \'en espera\')')
 3 SYSTEMPATH\Database\BaseConnection.php(692): CodeIgniter\Database\Postgre\Connection->execute('INSERT INTO "mural" ("id_mural", "id_user", "height", "width", "estado") VALUES (\'a25c8fcb-1d10-4df1-9604-ba3182933e92\', 2, 1600, 900, \'en espera\')')
 4 SYSTEMPATH\Database\BaseConnection.php(606): CodeIgniter\Database\BaseConnection->simpleQuery('INSERT INTO "mural" ("id_mural", "id_user", "height", "width", "estado") VALUES (\'a25c8fcb-1d10-4df1-9604-ba3182933e92\', 2, 1600, 900, \'en espera\')')
 5 SYSTEMPATH\Database\BaseBuilder.php(2309): CodeIgniter\Database\BaseConnection->query('INSERT INTO "mural" ("id_mural", "id_user", "height", "width", "estado") VALUES (:id_mural:, :id_user:, :height:, :width:, :estado:)', [...], false)
 6 SYSTEMPATH\Model.php(330): CodeIgniter\Database\BaseBuilder->insert()
 7 SYSTEMPATH\BaseModel.php(782): CodeIgniter\Model->doInsert([...])
 8 SYSTEMPATH\Model.php(730): CodeIgniter\BaseModel->insert([...], true)
 9 APPPATH\Controllers\MuralController.php(33): CodeIgniter\Model->insert([...])
10 SYSTEMPATH\CodeIgniter.php(934): App\Controllers\MuralController->create()
11 SYSTEMPATH\CodeIgniter.php(499): CodeIgniter\CodeIgniter->runController(Object(App\Controllers\MuralController))
12 SYSTEMPATH\CodeIgniter.php(368): CodeIgniter\CodeIgniter->handleRequest(null, Object(Config\Cache), false)
13 FCPATH\index.php(67): CodeIgniter\CodeIgniter->run()
