CRITICAL - 2023-09-22 19:25:38 --> Undefined array key 11
in APPPATH\Controllers\MuralController.php on line 875.
 1 APPPATH\Controllers\MuralController.php(875): CodeIgniter\Debug\Exceptions->errorHandler(2, 'Undefined array key 11', 'C:\\wamp64\\www\\codeigniter4-framework-5d3d4b2\\app\\Controllers\\MuralController.php', 875)
 2 SYSTEMPATH\CodeIgniter.php(934): App\Controllers\MuralController->muralAll()
 3 SYSTEMPATH\CodeIgniter.php(499): CodeIgniter\CodeIgniter->runController(Object(App\Controllers\MuralController))
 4 SYSTEMPATH\CodeIgniter.php(368): CodeIgniter\CodeIgniter->handleRequest(null, Object(Config\Cache), false)
 5 FCPATH\index.php(67): CodeIgniter\CodeIgniter->run()
CRITICAL - 2023-09-22 20:06:59 --> Undefined array key 11
in APPPATH\Controllers\MuralController.php on line 875.
 1 APPPATH\Controllers\MuralController.php(875): CodeIgniter\Debug\Exceptions->errorHandler(2, 'Undefined array key 11', 'C:\\wamp64\\www\\codeigniter4-framework-5d3d4b2\\app\\Controllers\\MuralController.php', 875)
 2 SYSTEMPATH\CodeIgniter.php(934): App\Controllers\MuralController->muralAll()
 3 SYSTEMPATH\CodeIgniter.php(499): CodeIgniter\CodeIgniter->runController(Object(App\Controllers\MuralController))
 4 SYSTEMPATH\CodeIgniter.php(368): CodeIgniter\CodeIgniter->handleRequest(null, Object(Config\Cache), false)
 5 FCPATH\index.php(67): CodeIgniter\CodeIgniter->run()
CRITICAL - 2023-09-22 20:08:36 --> Undefined array key 11
in APPPATH\Controllers\MuralController.php on line 875.
 1 APPPATH\Controllers\MuralController.php(875): CodeIgniter\Debug\Exceptions->errorHandler(2, 'Undefined array key 11', 'C:\\wamp64\\www\\codeigniter4-framework-5d3d4b2\\app\\Controllers\\MuralController.php', 875)
 2 SYSTEMPATH\CodeIgniter.php(934): App\Controllers\MuralController->muralAll()
 3 SYSTEMPATH\CodeIgniter.php(499): CodeIgniter\CodeIgniter->runController(Object(App\Controllers\MuralController))
 4 SYSTEMPATH\CodeIgniter.php(368): CodeIgniter\CodeIgniter->handleRequest(null, Object(Config\Cache), false)
 5 FCPATH\index.php(67): CodeIgniter\CodeIgniter->run()
CRITICAL - 2023-09-22 20:09:02 --> Undefined array key 11
in APPPATH\Controllers\MuralController.php on line 875.
 1 APPPATH\Controllers\MuralController.php(875): CodeIgniter\Debug\Exceptions->errorHandler(2, 'Undefined array key 11', 'C:\\wamp64\\www\\codeigniter4-framework-5d3d4b2\\app\\Controllers\\MuralController.php', 875)
 2 SYSTEMPATH\CodeIgniter.php(934): App\Controllers\MuralController->muralAll()
 3 SYSTEMPATH\CodeIgniter.php(499): CodeIgniter\CodeIgniter->runController(Object(App\Controllers\MuralController))
 4 SYSTEMPATH\CodeIgniter.php(368): CodeIgniter\CodeIgniter->handleRequest(null, Object(Config\Cache), false)
 5 FCPATH\index.php(67): CodeIgniter\CodeIgniter->run()
CRITICAL - 2023-09-22 20:09:57 --> Undefined array key 18
in APPPATH\Controllers\MuralController.php on line 406.
 1 APPPATH\Controllers\MuralController.php(406): CodeIgniter\Debug\Exceptions->errorHandler(2, 'Undefined array key 18', 'C:\\wamp64\\www\\codeigniter4-framework-5d3d4b2\\app\\Controllers\\MuralController.php', 406)
 2 SYSTEMPATH\CodeIgniter.php(934): App\Controllers\MuralController->getMuralbyId()
 3 SYSTEMPATH\CodeIgniter.php(499): CodeIgniter\CodeIgniter->runController(Object(App\Controllers\MuralController))
 4 SYSTEMPATH\CodeIgniter.php(368): CodeIgniter\CodeIgniter->handleRequest(null, Object(Config\Cache), false)
 5 FCPATH\index.php(67): CodeIgniter\CodeIgniter->run()
CRITICAL - 2023-09-22 20:11:32 --> Undefined array key 11
in APPPATH\Controllers\MuralController.php on line 875.
 1 APPPATH\Controllers\MuralController.php(875): CodeIgniter\Debug\Exceptions->errorHandler(2, 'Undefined array key 11', 'C:\\wamp64\\www\\codeigniter4-framework-5d3d4b2\\app\\Controllers\\MuralController.php', 875)
 2 SYSTEMPATH\CodeIgniter.php(934): App\Controllers\MuralController->muralAll()
 3 SYSTEMPATH\CodeIgniter.php(499): CodeIgniter\CodeIgniter->runController(Object(App\Controllers\MuralController))
 4 SYSTEMPATH\CodeIgniter.php(368): CodeIgniter\CodeIgniter->handleRequest(null, Object(Config\Cache), false)
 5 FCPATH\index.php(67): CodeIgniter\CodeIgniter->run()
