ERROR - 2023-07-27 00:05:04 --> ErrorException: pg_query(): Query failed: ERROR:  el valor nulo en la columna «url_pdfs» de la relación «pdfs» viola la restricción de no nulo
DETAIL:  La fila que falla contiene (3, null, 70, 51, 200, 200, b24c8fcb-1d10-4df1-9604-ba3182933e92, red, solid, 2). in C:\wamp64\www\codeigniter4-framework-5d3d4b2\system\Database\Postgre\Connection.php:147
Stack trace:
#0 [internal function]: CodeIgniter\Debug\Exceptions->errorHandler(2, 'pg_query(): Que...', 'C:\\wamp64\\www\\c...', 147)
#1 C:\wamp64\www\codeigniter4-framework-5d3d4b2\system\Database\Postgre\Connection.php(147): pg_query(Resource id #11, 'INSERT INTO "pd...')
#2 C:\wamp64\www\codeigniter4-framework-5d3d4b2\system\Database\BaseConnection.php(692): CodeIgniter\Database\Postgre\Connection->execute('INSERT INTO "pd...')
#3 C:\wamp64\www\codeigniter4-framework-5d3d4b2\system\Database\BaseConnection.php(606): CodeIgniter\Database\BaseConnection->simpleQuery('INSERT INTO "pd...')
#4 C:\wamp64\www\codeigniter4-framework-5d3d4b2\system\Database\BaseBuilder.php(1801): CodeIgniter\Database\BaseConnection->query('INSERT INTO "pd...', NULL, false)
#5 C:\wamp64\www\codeigniter4-framework-5d3d4b2\system\Database\BaseBuilder.php(2192): CodeIgniter\Database\BaseBuilder->batchExecute('_insertBatch', 100)
#6 C:\wamp64\www\codeigniter4-framework-5d3d4b2\system\Model.php(364): CodeIgniter\Database\BaseBuilder->insertBatch(Array, NULL, 100)
#7 C:\wamp64\www\codeigniter4-framework-5d3d4b2\system\BaseModel.php(874): CodeIgniter\Model->doInsertBatch(Array, NULL, 100, false)
#8 C:\wamp64\www\codeigniter4-framework-5d3d4b2\app\Models\PdfModel.php(27): CodeIgniter\BaseModel->insertBatch(Array, NULL, 100, false)
#9 C:\wamp64\www\codeigniter4-framework-5d3d4b2\app\Controllers\MuralController.php(71): App\Models\PdfModel->insertBatch(Array)
#10 C:\wamp64\www\codeigniter4-framework-5d3d4b2\system\CodeIgniter.php(934): App\Controllers\MuralController->create()
#11 C:\wamp64\www\codeigniter4-framework-5d3d4b2\system\CodeIgniter.php(499): CodeIgniter\CodeIgniter->runController(Object(App\Controllers\MuralController))
#12 C:\wamp64\www\codeigniter4-framework-5d3d4b2\system\CodeIgniter.php(368): CodeIgniter\CodeIgniter->handleRequest(NULL, Object(Config\Cache), false)
#13 C:\wamp64\www\codeigniter4-framework-5d3d4b2\index.php(67): CodeIgniter\CodeIgniter->run()
#14 {main}
CRITICAL - 2023-07-27 00:05:04 --> pg_query(): Query failed: ERROR:  el valor nulo en la columna «url_pdfs» de la relación «pdfs» viola la restricción de no nulo
DETAIL:  La fila que falla contiene (3, null, 70, 51, 200, 200, b24c8fcb-1d10-4df1-9604-ba3182933e92, red, solid, 2).
in SYSTEMPATH\Database\Postgre\Connection.php on line 147.
 1 [internal function]: CodeIgniter\Debug\Exceptions->errorHandler(2, 'pg_query(): Query failed: ERROR:  el valor nulo en la columna «url_pdfs» de la relación «pdfs» viola la restricción de no nulo
DETAIL:  La fila que falla contiene (3, null, 70, 51, 200, 200, b24c8fcb-1d10-4df1-9604-ba3182933e92, red, solid, 2).', 'C:\\wamp64\\www\\codeigniter4-framework-5d3d4b2\\system\\Database\\Postgre\\Connection.php', 147)
 2 SYSTEMPATH\Database\Postgre\Connection.php(147): pg_query(resource (pgsql link persistent), 'INSERT INTO "pdfs"("border_color", "border_radius", "border_style", "height", "id_mural", "posx", "posy", "width")
VALUES (\'red\',\'2\',\'solid\',200,\'b24c8fcb-1d10-4df1-9604-ba3182933e92\',70,51,200)
')
 3 SYSTEMPATH\Database\BaseConnection.php(692): CodeIgniter\Database\Postgre\Connection->execute('INSERT INTO "pdfs"("border_color", "border_radius", "border_style", "height", "id_mural", "posx", "posy", "width")
VALUES (\'red\',\'2\',\'solid\',200,\'b24c8fcb-1d10-4df1-9604-ba3182933e92\',70,51,200)
')
 4 SYSTEMPATH\Database\BaseConnection.php(606): CodeIgniter\Database\BaseConnection->simpleQuery('INSERT INTO "pdfs"("border_color", "border_radius", "border_style", "height", "id_mural", "posx", "posy", "width")
VALUES (\'red\',\'2\',\'solid\',200,\'b24c8fcb-1d10-4df1-9604-ba3182933e92\',70,51,200)
')
 5 SYSTEMPATH\Database\BaseBuilder.php(1801): CodeIgniter\Database\BaseConnection->query('INSERT INTO "pdfs"("border_color", "border_radius", "border_style", "height", "id_mural", "posx", "posy", "width")
VALUES (\'red\',\'2\',\'solid\',200,\'b24c8fcb-1d10-4df1-9604-ba3182933e92\',70,51,200)
', null, false)
 6 SYSTEMPATH\Database\BaseBuilder.php(2192): CodeIgniter\Database\BaseBuilder->batchExecute('_insertBatch', 100)
 7 SYSTEMPATH\Model.php(364): CodeIgniter\Database\BaseBuilder->insertBatch([...], null, 100)
 8 SYSTEMPATH\BaseModel.php(874): CodeIgniter\Model->doInsertBatch([...], null, 100, false)
 9 APPPATH\Models\PdfModel.php(27): CodeIgniter\BaseModel->insertBatch([...], null, 100, false)
10 APPPATH\Controllers\MuralController.php(71): App\Models\PdfModel->insertBatch([...])
11 SYSTEMPATH\CodeIgniter.php(934): App\Controllers\MuralController->create()
12 SYSTEMPATH\CodeIgniter.php(499): CodeIgniter\CodeIgniter->runController(Object(App\Controllers\MuralController))
13 SYSTEMPATH\CodeIgniter.php(368): CodeIgniter\CodeIgniter->handleRequest(null, Object(Config\Cache), false)
14 FCPATH\index.php(67): CodeIgniter\CodeIgniter->run()
