CRITICAL - 2023-06-10 03:22:55 --> Class "APP\Models\user_model" not found
in APPPATH\Controllers\Login.php on line 16.
 1 SYSTEMPATH\CodeIgniter.php(906): App\Controllers\Login->__construct()
 2 SYSTEMPATH\CodeIgniter.php(490): CodeIgniter\CodeIgniter->createController()
 3 SYSTEMPATH\CodeIgniter.php(368): CodeIgniter\CodeIgniter->handleRequest(null, Object(Config\Cache), false)
 4 FCPATH\index.php(67): CodeIgniter\CodeIgniter->run()
CRITICAL - 2023-06-10 03:28:01 --> Class "APP\Models\user_model" not found
in APPPATH\Controllers\Login.php on line 16.
 1 SYSTEMPATH\CodeIgniter.php(906): App\Controllers\Login->__construct()
 2 SYSTEMPATH\CodeIgniter.php(490): CodeIgniter\CodeIgniter->createController()
 3 SYSTEMPATH\CodeIgniter.php(368): CodeIgniter\CodeIgniter->handleRequest(null, Object(Config\Cache), false)
 4 FCPATH\index.php(67): CodeIgniter\CodeIgniter->run()
CRITICAL - 2023-06-10 03:28:05 --> Class "APP\Models\user_model" not found
in APPPATH\Controllers\Login.php on line 16.
 1 SYSTEMPATH\CodeIgniter.php(906): App\Controllers\Login->__construct()
 2 SYSTEMPATH\CodeIgniter.php(490): CodeIgniter\CodeIgniter->createController()
 3 SYSTEMPATH\CodeIgniter.php(368): CodeIgniter\CodeIgniter->handleRequest(null, Object(Config\Cache), false)
 4 FCPATH\index.php(67): CodeIgniter\CodeIgniter->run()
CRITICAL - 2023-06-10 03:28:18 --> Class "APP\Models\user_model" not found
in APPPATH\Controllers\Login.php on line 16.
 1 SYSTEMPATH\CodeIgniter.php(906): App\Controllers\Login->__construct()
 2 SYSTEMPATH\CodeIgniter.php(490): CodeIgniter\CodeIgniter->createController()
 3 SYSTEMPATH\CodeIgniter.php(368): CodeIgniter\CodeIgniter->handleRequest(null, Object(Config\Cache), false)
 4 FCPATH\index.php(67): CodeIgniter\CodeIgniter->run()
CRITICAL - 2023-06-10 03:28:26 --> Class "APP\Models\user_model" not found
in APPPATH\Controllers\Login.php on line 16.
 1 SYSTEMPATH\CodeIgniter.php(906): App\Controllers\Login->__construct()
 2 SYSTEMPATH\CodeIgniter.php(490): CodeIgniter\CodeIgniter->createController()
 3 SYSTEMPATH\CodeIgniter.php(368): CodeIgniter\CodeIgniter->handleRequest(null, Object(Config\Cache), false)
 4 FCPATH\index.php(67): CodeIgniter\CodeIgniter->run()
CRITICAL - 2023-06-10 03:32:42 --> Class "APP\Models\user_model" not found
in APPPATH\Controllers\Login.php on line 16.
 1 SYSTEMPATH\CodeIgniter.php(906): App\Controllers\Login->__construct()
 2 SYSTEMPATH\CodeIgniter.php(490): CodeIgniter\CodeIgniter->createController()
 3 SYSTEMPATH\CodeIgniter.php(368): CodeIgniter\CodeIgniter->handleRequest(null, Object(Config\Cache), false)
 4 FCPATH\index.php(67): CodeIgniter\CodeIgniter->run()
CRITICAL - 2023-06-10 03:32:52 --> Class "APP\Models\user_model" not found
in APPPATH\Controllers\Login.php on line 16.
 1 SYSTEMPATH\CodeIgniter.php(906): App\Controllers\Login->__construct()
 2 SYSTEMPATH\CodeIgniter.php(490): CodeIgniter\CodeIgniter->createController()
 3 SYSTEMPATH\CodeIgniter.php(368): CodeIgniter\CodeIgniter->handleRequest(null, Object(Config\Cache), false)
 4 FCPATH\index.php(67): CodeIgniter\CodeIgniter->run()
CRITICAL - 2023-06-10 03:32:54 --> Class "APP\Models\user_model" not found
in APPPATH\Controllers\Login.php on line 16.
 1 SYSTEMPATH\CodeIgniter.php(906): App\Controllers\Login->__construct()
 2 SYSTEMPATH\CodeIgniter.php(490): CodeIgniter\CodeIgniter->createController()
 3 SYSTEMPATH\CodeIgniter.php(368): CodeIgniter\CodeIgniter->handleRequest(null, Object(Config\Cache), false)
 4 FCPATH\index.php(67): CodeIgniter\CodeIgniter->run()
CRITICAL - 2023-06-10 03:33:13 --> Class "APP\Models\user_model" not found
in APPPATH\Controllers\Login.php on line 16.
 1 SYSTEMPATH\CodeIgniter.php(906): App\Controllers\Login->__construct()
 2 SYSTEMPATH\CodeIgniter.php(490): CodeIgniter\CodeIgniter->createController()
 3 SYSTEMPATH\CodeIgniter.php(368): CodeIgniter\CodeIgniter->handleRequest(null, Object(Config\Cache), false)
 4 FCPATH\index.php(67): CodeIgniter\CodeIgniter->run()
CRITICAL - 2023-06-10 03:34:25 --> Class "APP\Models\user_model" not found
in APPPATH\Controllers\Login.php on line 16.
 1 SYSTEMPATH\CodeIgniter.php(906): App\Controllers\Login->__construct()
 2 SYSTEMPATH\CodeIgniter.php(490): CodeIgniter\CodeIgniter->createController()
 3 SYSTEMPATH\CodeIgniter.php(368): CodeIgniter\CodeIgniter->handleRequest(null, Object(Config\Cache), false)
 4 FCPATH\index.php(67): CodeIgniter\CodeIgniter->run()
CRITICAL - 2023-06-10 03:34:47 --> Class "APP\Models\user_model" not found
in APPPATH\Controllers\Login.php on line 16.
 1 SYSTEMPATH\CodeIgniter.php(906): App\Controllers\Login->__construct()
 2 SYSTEMPATH\CodeIgniter.php(490): CodeIgniter\CodeIgniter->createController()
 3 SYSTEMPATH\CodeIgniter.php(368): CodeIgniter\CodeIgniter->handleRequest(null, Object(Config\Cache), false)
 4 FCPATH\index.php(67): CodeIgniter\CodeIgniter->run()
CRITICAL - 2023-06-10 03:50:28 --> App\Controllers\Login::failUnauthorized(): Argument #1 ($description) must be of type string, array given, called in C:\wamp64\www\codeigniter4-framework-5d3d4b2\app\Controllers\Login.php on line 36
in SYSTEMPATH\API\ResponseTrait.php on line 200.
 1 APPPATH\Controllers\Login.php(36): App\Controllers\Login->failUnauthorized([...])
 2 SYSTEMPATH\CodeIgniter.php(934): App\Controllers\Login->loginOn()
 3 SYSTEMPATH\CodeIgniter.php(499): CodeIgniter\CodeIgniter->runController(Object(App\Controllers\Login))
 4 SYSTEMPATH\CodeIgniter.php(368): CodeIgniter\CodeIgniter->handleRequest(null, Object(Config\Cache), false)
 5 FCPATH\index.php(67): CodeIgniter\CodeIgniter->run()
CRITICAL - 2023-06-10 03:50:32 --> App\Controllers\Login::failUnauthorized(): Argument #1 ($description) must be of type string, array given, called in C:\wamp64\www\codeigniter4-framework-5d3d4b2\app\Controllers\Login.php on line 36
in SYSTEMPATH\API\ResponseTrait.php on line 200.
 1 APPPATH\Controllers\Login.php(36): App\Controllers\Login->failUnauthorized([...])
 2 SYSTEMPATH\CodeIgniter.php(934): App\Controllers\Login->loginOn()
 3 SYSTEMPATH\CodeIgniter.php(499): CodeIgniter\CodeIgniter->runController(Object(App\Controllers\Login))
 4 SYSTEMPATH\CodeIgniter.php(368): CodeIgniter\CodeIgniter->handleRequest(null, Object(Config\Cache), false)
 5 FCPATH\index.php(67): CodeIgniter\CodeIgniter->run()
CRITICAL - 2023-06-10 03:50:48 --> App\Controllers\Login::failUnauthorized(): Argument #1 ($description) must be of type string, array given, called in C:\wamp64\www\codeigniter4-framework-5d3d4b2\app\Controllers\Login.php on line 36
in SYSTEMPATH\API\ResponseTrait.php on line 200.
 1 APPPATH\Controllers\Login.php(36): App\Controllers\Login->failUnauthorized([...])
 2 SYSTEMPATH\CodeIgniter.php(934): App\Controllers\Login->loginOn()
 3 SYSTEMPATH\CodeIgniter.php(499): CodeIgniter\CodeIgniter->runController(Object(App\Controllers\Login))
 4 SYSTEMPATH\CodeIgniter.php(368): CodeIgniter\CodeIgniter->handleRequest(null, Object(Config\Cache), false)
 5 FCPATH\index.php(67): CodeIgniter\CodeIgniter->run()
CRITICAL - 2023-06-10 03:51:09 --> App\Controllers\Login::failUnauthorized(): Argument #1 ($description) must be of type string, array given, called in C:\wamp64\www\codeigniter4-framework-5d3d4b2\app\Controllers\Login.php on line 36
in SYSTEMPATH\API\ResponseTrait.php on line 200.
 1 APPPATH\Controllers\Login.php(36): App\Controllers\Login->failUnauthorized([...])
 2 SYSTEMPATH\CodeIgniter.php(934): App\Controllers\Login->loginOn()
 3 SYSTEMPATH\CodeIgniter.php(499): CodeIgniter\CodeIgniter->runController(Object(App\Controllers\Login))
 4 SYSTEMPATH\CodeIgniter.php(368): CodeIgniter\CodeIgniter->handleRequest(null, Object(Config\Cache), false)
 5 FCPATH\index.php(67): CodeIgniter\CodeIgniter->run()
CRITICAL - 2023-06-10 03:51:57 --> App\Controllers\Login::failUnauthorized(): Argument #1 ($description) must be of type string, null given, called in C:\wamp64\www\codeigniter4-framework-5d3d4b2\app\Controllers\Login.php on line 36
in SYSTEMPATH\API\ResponseTrait.php on line 200.
 1 APPPATH\Controllers\Login.php(36): App\Controllers\Login->failUnauthorized(null)
 2 SYSTEMPATH\CodeIgniter.php(934): App\Controllers\Login->loginOn()
 3 SYSTEMPATH\CodeIgniter.php(499): CodeIgniter\CodeIgniter->runController(Object(App\Controllers\Login))
 4 SYSTEMPATH\CodeIgniter.php(368): CodeIgniter\CodeIgniter->handleRequest(null, Object(Config\Cache), false)
 5 FCPATH\index.php(67): CodeIgniter\CodeIgniter->run()
ERROR - 2023-06-10 04:58:34 --> ErrorException: pg_query(): Query failed: ERROR:  el operador no existe: character varying = record
LINE 3: WHERE &quot;email&quot; = ('brylo1@outlook.com','123456')
                      ^
HINT:  Ningún operador coincide en el nombre y tipos de argumentos. Puede ser necesario agregar conversión explícita de tipos. in C:\wamp64\www\codeigniter4-framework-5d3d4b2\system\Database\Postgre\Connection.php:147
Stack trace:
#0 [internal function]: CodeIgniter\Debug\Exceptions->errorHandler(2, 'pg_query(): Que...', 'C:\\wamp64\\www\\c...', 147)
#1 C:\wamp64\www\codeigniter4-framework-5d3d4b2\system\Database\Postgre\Connection.php(147): pg_query(Resource id #12, 'SELECT *\nFROM "...')
#2 C:\wamp64\www\codeigniter4-framework-5d3d4b2\system\Database\BaseConnection.php(692): CodeIgniter\Database\Postgre\Connection->execute('SELECT *\nFROM "...')
#3 C:\wamp64\www\codeigniter4-framework-5d3d4b2\system\Database\BaseConnection.php(606): CodeIgniter\Database\BaseConnection->simpleQuery('SELECT *\nFROM "...')
#4 C:\wamp64\www\codeigniter4-framework-5d3d4b2\system\Database\BaseBuilder.php(1616): CodeIgniter\Database\BaseConnection->query('SELECT *\nFROM "...', Array, false)
#5 C:\wamp64\www\codeigniter4-framework-5d3d4b2\system\Model.php(268): CodeIgniter\Database\BaseBuilder->get()
#6 C:\wamp64\www\codeigniter4-framework-5d3d4b2\system\BaseModel.php(656): CodeIgniter\Model->doFirst()
#7 C:\wamp64\www\codeigniter4-framework-5d3d4b2\app\Models\user_model.php(13): CodeIgniter\BaseModel->first()
#8 C:\wamp64\www\codeigniter4-framework-5d3d4b2\app\Controllers\Login.php(26): App\Models\user_model->getUserByEmail(Array)
#9 C:\wamp64\www\codeigniter4-framework-5d3d4b2\system\CodeIgniter.php(934): App\Controllers\Login->loginOn()
#10 C:\wamp64\www\codeigniter4-framework-5d3d4b2\system\CodeIgniter.php(499): CodeIgniter\CodeIgniter->runController(Object(App\Controllers\Login))
#11 C:\wamp64\www\codeigniter4-framework-5d3d4b2\system\CodeIgniter.php(368): CodeIgniter\CodeIgniter->handleRequest(NULL, Object(Config\Cache), false)
#12 C:\wamp64\www\codeigniter4-framework-5d3d4b2\index.php(67): CodeIgniter\CodeIgniter->run()
#13 {main}
CRITICAL - 2023-06-10 04:58:34 --> pg_query(): Query failed: ERROR:  el operador no existe: character varying = record
LINE 3: WHERE &quot;email&quot; = ('brylo1@outlook.com','123456')
                      ^
HINT:  Ningún operador coincide en el nombre y tipos de argumentos. Puede ser necesario agregar conversión explícita de tipos.
in SYSTEMPATH\Database\Postgre\Connection.php on line 147.
 1 [internal function]: CodeIgniter\Debug\Exceptions->errorHandler(2, 'pg_query(): Query failed: ERROR:  el operador no existe: character varying = record
LINE 3: WHERE &quot;email&quot; = (\'brylo1@outlook.com\',\'123456\')
                      ^
HINT:  Ningún operador coincide en el nombre y tipos de argumentos. Puede ser necesario agregar conversión explícita de tipos.', 'C:\\wamp64\\www\\codeigniter4-framework-5d3d4b2\\system\\Database\\Postgre\\Connection.php', 147)
 2 SYSTEMPATH\Database\Postgre\Connection.php(147): pg_query(resource (pgsql link persistent), 'SELECT *
FROM "usuario"
WHERE "email" = (\'brylo1@outlook.com\',\'123456\')
 LIMIT 1')
 3 SYSTEMPATH\Database\BaseConnection.php(692): CodeIgniter\Database\Postgre\Connection->execute('SELECT *
FROM "usuario"
WHERE "email" = (\'brylo1@outlook.com\',\'123456\')
 LIMIT 1')
 4 SYSTEMPATH\Database\BaseConnection.php(606): CodeIgniter\Database\BaseConnection->simpleQuery('SELECT *
FROM "usuario"
WHERE "email" = (\'brylo1@outlook.com\',\'123456\')
 LIMIT 1')
 5 SYSTEMPATH\Database\BaseBuilder.php(1616): CodeIgniter\Database\BaseConnection->query('SELECT *
FROM "usuario"
WHERE "email" = :email:
 LIMIT 1', [...], false)
 6 SYSTEMPATH\Model.php(268): CodeIgniter\Database\BaseBuilder->get()
 7 SYSTEMPATH\BaseModel.php(656): CodeIgniter\Model->doFirst()
 8 APPPATH\Models\user_model.php(13): CodeIgniter\BaseModel->first()
 9 APPPATH\Controllers\Login.php(26): App\Models\user_model->getUserByEmail([...])
10 SYSTEMPATH\CodeIgniter.php(934): App\Controllers\Login->loginOn()
11 SYSTEMPATH\CodeIgniter.php(499): CodeIgniter\CodeIgniter->runController(Object(App\Controllers\Login))
12 SYSTEMPATH\CodeIgniter.php(368): CodeIgniter\CodeIgniter->handleRequest(null, Object(Config\Cache), false)
13 FCPATH\index.php(67): CodeIgniter\CodeIgniter->run()
CRITICAL - 2023-06-10 05:08:59 --> Undefined property: stdClass::$password
in APPPATH\Controllers\Login.php on line 24.
 1 APPPATH\Controllers\Login.php(24): CodeIgniter\Debug\Exceptions->errorHandler(2, 'Undefined property: stdClass::$password', 'C:\\wamp64\\www\\codeigniter4-framework-5d3d4b2\\app\\Controllers\\Login.php', 24)
 2 SYSTEMPATH\CodeIgniter.php(934): App\Controllers\Login->loginOn()
 3 SYSTEMPATH\CodeIgniter.php(499): CodeIgniter\CodeIgniter->runController(Object(App\Controllers\Login))
 4 SYSTEMPATH\CodeIgniter.php(368): CodeIgniter\CodeIgniter->handleRequest(null, Object(Config\Cache), false)
 5 FCPATH\index.php(67): CodeIgniter\CodeIgniter->run()
CRITICAL - 2023-06-10 05:09:15 --> Undefined property: stdClass::$password
in APPPATH\Controllers\Login.php on line 24.
 1 APPPATH\Controllers\Login.php(24): CodeIgniter\Debug\Exceptions->errorHandler(2, 'Undefined property: stdClass::$password', 'C:\\wamp64\\www\\codeigniter4-framework-5d3d4b2\\app\\Controllers\\Login.php', 24)
 2 SYSTEMPATH\CodeIgniter.php(934): App\Controllers\Login->loginOn()
 3 SYSTEMPATH\CodeIgniter.php(499): CodeIgniter\CodeIgniter->runController(Object(App\Controllers\Login))
 4 SYSTEMPATH\CodeIgniter.php(368): CodeIgniter\CodeIgniter->handleRequest(null, Object(Config\Cache), false)
 5 FCPATH\index.php(67): CodeIgniter\CodeIgniter->run()
