CRITICAL - 2023-08-09 16:40:31 --> Too few arguments to function App\Controllers\MuralController::getMuralbyId(), 0 passed in C:\wamp64\www\codeigniter4-framework-5d3d4b2\system\CodeIgniter.php on line 934 and exactly 1 expected
in APPPATH\Controllers\MuralController.php on line 208.
 1 SYSTEMPATH\CodeIgniter.php(934): App\Controllers\MuralController->getMuralbyId()
 2 SYSTEMPATH\CodeIgniter.php(499): CodeIgniter\CodeIgniter->runController(Object(App\Controllers\MuralController))
 3 SYSTEMPATH\CodeIgniter.php(368): CodeIgniter\CodeIgniter->handleRequest(null, Object(Config\Cache), false)
 4 FCPATH\index.php(67): CodeIgniter\CodeIgniter->run()
CRITICAL - 2023-08-09 16:43:54 --> Too few arguments to function App\Controllers\MuralController::getMuralbyId(), 0 passed in C:\wamp64\www\codeigniter4-framework-5d3d4b2\system\CodeIgniter.php on line 934 and exactly 1 expected
in APPPATH\Controllers\MuralController.php on line 208.
 1 SYSTEMPATH\CodeIgniter.php(934): App\Controllers\MuralController->getMuralbyId()
 2 SYSTEMPATH\CodeIgniter.php(499): CodeIgniter\CodeIgniter->runController(Object(App\Controllers\MuralController))
 3 SYSTEMPATH\CodeIgniter.php(368): CodeIgniter\CodeIgniter->handleRequest(null, Object(Config\Cache), false)
 4 FCPATH\index.php(67): CodeIgniter\CodeIgniter->run()
CRITICAL - 2023-08-09 16:44:58 --> Call to undefined method App\Models\Mural_Model::getMuralDetails
in SYSTEMPATH\Model.php on line 842.
 1 APPPATH\Controllers\MuralController.php(218): CodeIgniter\Model->__call('getMuralDetails', [...])
 2 SYSTEMPATH\CodeIgniter.php(934): App\Controllers\MuralController->getMuralbyId()
 3 SYSTEMPATH\CodeIgniter.php(499): CodeIgniter\CodeIgniter->runController(Object(App\Controllers\MuralController))
 4 SYSTEMPATH\CodeIgniter.php(368): CodeIgniter\CodeIgniter->handleRequest(null, Object(Config\Cache), false)
 5 FCPATH\index.php(67): CodeIgniter\CodeIgniter->run()
CRITICAL - 2023-08-09 21:26:27 --> Trying to access array offset on value of type int
in APPPATH\Controllers\MuralController.php on line 187.
 1 APPPATH\Controllers\MuralController.php(187): CodeIgniter\Debug\Exceptions->errorHandler(2, 'Trying to access array offset on value of type int', 'C:\\wamp64\\www\\codeigniter4-framework-5d3d4b2\\app\\Controllers\\MuralController.php', 187)
 2 SYSTEMPATH\CodeIgniter.php(934): App\Controllers\MuralController->EditMural()
 3 SYSTEMPATH\CodeIgniter.php(499): CodeIgniter\CodeIgniter->runController(Object(App\Controllers\MuralController))
 4 SYSTEMPATH\CodeIgniter.php(368): CodeIgniter\CodeIgniter->handleRequest(null, Object(Config\Cache), false)
 5 FCPATH\index.php(67): CodeIgniter\CodeIgniter->run()
