ERROR - 2023-07-29 02:57:28 --> ErrorException: pg_query(): Query failed: ERROR:  llave duplicada viola restricción de unicidad «mural_pkey»
DETAIL:  Ya existe la llave (id_mural)=(a24c8fcb-1d10-4df1-9604-ba3182933e92). in C:\wamp64\www\codeigniter4-framework-5d3d4b2\system\Database\Postgre\Connection.php:147
Stack trace:
#0 [internal function]: CodeIgniter\Debug\Exceptions->errorHandler(2, 'pg_query(): Que...', 'C:\\wamp64\\www\\c...', 147)
#1 C:\wamp64\www\codeigniter4-framework-5d3d4b2\system\Database\Postgre\Connection.php(147): pg_query(Resource id #11, 'INSERT INTO "mu...')
#2 C:\wamp64\www\codeigniter4-framework-5d3d4b2\system\Database\BaseConnection.php(692): CodeIgniter\Database\Postgre\Connection->execute('INSERT INTO "mu...')
#3 C:\wamp64\www\codeigniter4-framework-5d3d4b2\system\Database\BaseConnection.php(606): CodeIgniter\Database\BaseConnection->simpleQuery('INSERT INTO "mu...')
#4 C:\wamp64\www\codeigniter4-framework-5d3d4b2\system\Database\BaseBuilder.php(2309): CodeIgniter\Database\BaseConnection->query('INSERT INTO "mu...', Array, false)
#5 C:\wamp64\www\codeigniter4-framework-5d3d4b2\app\Models\Mural_Model.php(31): CodeIgniter\Database\BaseBuilder->insert(Array)
#6 C:\wamp64\www\codeigniter4-framework-5d3d4b2\app\Controllers\MuralController.php(36): App\Models\Mural_Model->insertMural(Array)
#7 C:\wamp64\www\codeigniter4-framework-5d3d4b2\system\CodeIgniter.php(934): App\Controllers\MuralController->create()
#8 C:\wamp64\www\codeigniter4-framework-5d3d4b2\system\CodeIgniter.php(499): CodeIgniter\CodeIgniter->runController(Object(App\Controllers\MuralController))
#9 C:\wamp64\www\codeigniter4-framework-5d3d4b2\system\CodeIgniter.php(368): CodeIgniter\CodeIgniter->handleRequest(NULL, Object(Config\Cache), false)
#10 C:\wamp64\www\codeigniter4-framework-5d3d4b2\index.php(67): CodeIgniter\CodeIgniter->run()
#11 {main}
CRITICAL - 2023-07-29 02:57:28 --> pg_query(): Query failed: ERROR:  llave duplicada viola restricción de unicidad «mural_pkey»
DETAIL:  Ya existe la llave (id_mural)=(a24c8fcb-1d10-4df1-9604-ba3182933e92).
in SYSTEMPATH\Database\Postgre\Connection.php on line 147.
 1 [internal function]: CodeIgniter\Debug\Exceptions->errorHandler(2, 'pg_query(): Query failed: ERROR:  llave duplicada viola restricción de unicidad «mural_pkey»
DETAIL:  Ya existe la llave (id_mural)=(a24c8fcb-1d10-4df1-9604-ba3182933e92).', 'C:\\wamp64\\www\\codeigniter4-framework-5d3d4b2\\system\\Database\\Postgre\\Connection.php', 147)
 2 SYSTEMPATH\Database\Postgre\Connection.php(147): pg_query(resource (pgsql link persistent), 'INSERT INTO "mural" ("id_mural", "id_user", "height", "width", "estado") VALUES (\'a24c8fcb-1d10-4df1-9604-ba3182933e92\', 3, 1600, 900, \'en espera\')')
 3 SYSTEMPATH\Database\BaseConnection.php(692): CodeIgniter\Database\Postgre\Connection->execute('INSERT INTO "mural" ("id_mural", "id_user", "height", "width", "estado") VALUES (\'a24c8fcb-1d10-4df1-9604-ba3182933e92\', 3, 1600, 900, \'en espera\')')
 4 SYSTEMPATH\Database\BaseConnection.php(606): CodeIgniter\Database\BaseConnection->simpleQuery('INSERT INTO "mural" ("id_mural", "id_user", "height", "width", "estado") VALUES (\'a24c8fcb-1d10-4df1-9604-ba3182933e92\', 3, 1600, 900, \'en espera\')')
 5 SYSTEMPATH\Database\BaseBuilder.php(2309): CodeIgniter\Database\BaseConnection->query('INSERT INTO "mural" ("id_mural", "id_user", "height", "width", "estado") VALUES (:id_mural:, :id_user:, :height:, :width:, :estado:)', [...], false)
 6 APPPATH\Models\Mural_Model.php(31): CodeIgniter\Database\BaseBuilder->insert([...])
 7 APPPATH\Controllers\MuralController.php(36): App\Models\Mural_Model->insertMural([...])
 8 SYSTEMPATH\CodeIgniter.php(934): App\Controllers\MuralController->create()
 9 SYSTEMPATH\CodeIgniter.php(499): CodeIgniter\CodeIgniter->runController(Object(App\Controllers\MuralController))
10 SYSTEMPATH\CodeIgniter.php(368): CodeIgniter\CodeIgniter->handleRequest(null, Object(Config\Cache), false)
11 FCPATH\index.php(67): CodeIgniter\CodeIgniter->run()
ERROR - 2023-07-29 03:49:15 --> ErrorException: pg_query(): Query failed: ERROR:  no existe la columna «id_user» en la relación «solicitar»
LINE 1: INSERT INTO &quot;solicitar&quot; (&quot;id_mural&quot;, &quot;id_user&quot;) VALUES ('b99...
                                             ^ in C:\wamp64\www\codeigniter4-framework-5d3d4b2\system\Database\Postgre\Connection.php:147
Stack trace:
#0 [internal function]: CodeIgniter\Debug\Exceptions->errorHandler(2, 'pg_query(): Que...', 'C:\\wamp64\\www\\c...', 147)
#1 C:\wamp64\www\codeigniter4-framework-5d3d4b2\system\Database\Postgre\Connection.php(147): pg_query(Resource id #12, 'INSERT INTO "so...')
#2 C:\wamp64\www\codeigniter4-framework-5d3d4b2\system\Database\BaseConnection.php(692): CodeIgniter\Database\Postgre\Connection->execute('INSERT INTO "so...')
#3 C:\wamp64\www\codeigniter4-framework-5d3d4b2\system\Database\BaseConnection.php(606): CodeIgniter\Database\BaseConnection->simpleQuery('INSERT INTO "so...')
#4 C:\wamp64\www\codeigniter4-framework-5d3d4b2\system\Database\BaseBuilder.php(2309): CodeIgniter\Database\BaseConnection->query('INSERT INTO "so...', Array, false)
#5 C:\wamp64\www\codeigniter4-framework-5d3d4b2\app\Models\SolicitarModel.php(17): CodeIgniter\Database\BaseBuilder->insert(Array)
#6 C:\wamp64\www\codeigniter4-framework-5d3d4b2\app\Controllers\MuralController.php(83): App\Models\SolicitarModel->insertSolicitud(Array)
#7 C:\wamp64\www\codeigniter4-framework-5d3d4b2\system\CodeIgniter.php(934): App\Controllers\MuralController->create()
#8 C:\wamp64\www\codeigniter4-framework-5d3d4b2\system\CodeIgniter.php(499): CodeIgniter\CodeIgniter->runController(Object(App\Controllers\MuralController))
#9 C:\wamp64\www\codeigniter4-framework-5d3d4b2\system\CodeIgniter.php(368): CodeIgniter\CodeIgniter->handleRequest(NULL, Object(Config\Cache), false)
#10 C:\wamp64\www\codeigniter4-framework-5d3d4b2\index.php(67): CodeIgniter\CodeIgniter->run()
#11 {main}
CRITICAL - 2023-07-29 03:49:15 --> pg_query(): Query failed: ERROR:  no existe la columna «id_user» en la relación «solicitar»
LINE 1: INSERT INTO &quot;solicitar&quot; (&quot;id_mural&quot;, &quot;id_user&quot;) VALUES ('b99...
                                             ^
in SYSTEMPATH\Database\Postgre\Connection.php on line 147.
 1 [internal function]: CodeIgniter\Debug\Exceptions->errorHandler(2, 'pg_query(): Query failed: ERROR:  no existe la columna «id_user» en la relación «solicitar»
LINE 1: INSERT INTO &quot;solicitar&quot; (&quot;id_mural&quot;, &quot;id_user&quot;) VALUES (\'b99...
                                             ^', 'C:\\wamp64\\www\\codeigniter4-framework-5d3d4b2\\system\\Database\\Postgre\\Connection.php', 147)
 2 SYSTEMPATH\Database\Postgre\Connection.php(147): pg_query(resource (pgsql link persistent), 'INSERT INTO "solicitar" ("id_mural", "id_user") VALUES (\'b99c8fcb-1d10-4df1-9604-ba3182933e92\', 3)')
 3 SYSTEMPATH\Database\BaseConnection.php(692): CodeIgniter\Database\Postgre\Connection->execute('INSERT INTO "solicitar" ("id_mural", "id_user") VALUES (\'b99c8fcb-1d10-4df1-9604-ba3182933e92\', 3)')
 4 SYSTEMPATH\Database\BaseConnection.php(606): CodeIgniter\Database\BaseConnection->simpleQuery('INSERT INTO "solicitar" ("id_mural", "id_user") VALUES (\'b99c8fcb-1d10-4df1-9604-ba3182933e92\', 3)')
 5 SYSTEMPATH\Database\BaseBuilder.php(2309): CodeIgniter\Database\BaseConnection->query('INSERT INTO "solicitar" ("id_mural", "id_user") VALUES (:id_mural:, :id_user:)', [...], false)
 6 APPPATH\Models\SolicitarModel.php(17): CodeIgniter\Database\BaseBuilder->insert([...])
 7 APPPATH\Controllers\MuralController.php(83): App\Models\SolicitarModel->insertSolicitud([...])
 8 SYSTEMPATH\CodeIgniter.php(934): App\Controllers\MuralController->create()
 9 SYSTEMPATH\CodeIgniter.php(499): CodeIgniter\CodeIgniter->runController(Object(App\Controllers\MuralController))
10 SYSTEMPATH\CodeIgniter.php(368): CodeIgniter\CodeIgniter->handleRequest(null, Object(Config\Cache), false)
11 FCPATH\index.php(67): CodeIgniter\CodeIgniter->run()
