CRITICAL - 2023-06-11 22:44:50 --> Too few arguments to function Firebase\JWT\JWT::encode(), 2 passed in C:\wamp64\www\codeigniter4-framework-5d3d4b2\app\Controllers\Login.php on line 52 and at least 3 expected
in FCPATH\vendor\firebase\php-jwt\src\JWT.php on line 188.
 1 APPPATH\Controllers\Login.php(52): Firebase\JWT\JWT::encode([...], 'generatoken')
 2 APPPATH\Controllers\Login.php(31): App\Controllers\Login->generateToken('1', 'brylo1@outlook.com')
 3 SYSTEMPATH\CodeIgniter.php(934): App\Controllers\Login->loginOn()
 4 SYSTEMPATH\CodeIgniter.php(499): CodeIgniter\CodeIgniter->runController(Object(App\Controllers\Login))
 5 SYSTEMPATH\CodeIgniter.php(368): CodeIgniter\CodeIgniter->handleRequest(null, Object(Config\Cache), false)
 6 FCPATH\index.php(67): CodeIgniter\CodeIgniter->run()
CRITICAL - 2023-06-11 22:44:54 --> Too few arguments to function Firebase\JWT\JWT::encode(), 2 passed in C:\wamp64\www\codeigniter4-framework-5d3d4b2\app\Controllers\Login.php on line 52 and at least 3 expected
in FCPATH\vendor\firebase\php-jwt\src\JWT.php on line 188.
 1 APPPATH\Controllers\Login.php(52): Firebase\JWT\JWT::encode([...], 'generatoken')
 2 APPPATH\Controllers\Login.php(31): App\Controllers\Login->generateToken('1', 'brylo1@outlook.com')
 3 SYSTEMPATH\CodeIgniter.php(934): App\Controllers\Login->loginOn()
 4 SYSTEMPATH\CodeIgniter.php(499): CodeIgniter\CodeIgniter->runController(Object(App\Controllers\Login))
 5 SYSTEMPATH\CodeIgniter.php(368): CodeIgniter\CodeIgniter->handleRequest(null, Object(Config\Cache), false)
 6 FCPATH\index.php(67): CodeIgniter\CodeIgniter->run()
CRITICAL - 2023-06-11 22:46:06 --> Too few arguments to function Firebase\JWT\JWT::encode(), 2 passed in C:\wamp64\www\codeigniter4-framework-5d3d4b2\app\Controllers\Login.php on line 52 and at least 3 expected
in FCPATH\vendor\firebase\php-jwt\src\JWT.php on line 188.
 1 APPPATH\Controllers\Login.php(52): Firebase\JWT\JWT::encode([...], 'generatoken')
 2 APPPATH\Controllers\Login.php(31): App\Controllers\Login->generateToken('1', 'brylo1@outlook.com')
 3 SYSTEMPATH\CodeIgniter.php(934): App\Controllers\Login->loginOn()
 4 SYSTEMPATH\CodeIgniter.php(499): CodeIgniter\CodeIgniter->runController(Object(App\Controllers\Login))
 5 SYSTEMPATH\CodeIgniter.php(368): CodeIgniter\CodeIgniter->handleRequest(null, Object(Config\Cache), false)
 6 FCPATH\index.php(67): CodeIgniter\CodeIgniter->run()
CRITICAL - 2023-06-11 22:46:09 --> Too few arguments to function Firebase\JWT\JWT::encode(), 2 passed in C:\wamp64\www\codeigniter4-framework-5d3d4b2\app\Controllers\Login.php on line 52 and at least 3 expected
in FCPATH\vendor\firebase\php-jwt\src\JWT.php on line 188.
 1 APPPATH\Controllers\Login.php(52): Firebase\JWT\JWT::encode([...], 'generatoken')
 2 APPPATH\Controllers\Login.php(31): App\Controllers\Login->generateToken('1', 'brylo1@outlook.com')
 3 SYSTEMPATH\CodeIgniter.php(934): App\Controllers\Login->loginOn()
 4 SYSTEMPATH\CodeIgniter.php(499): CodeIgniter\CodeIgniter->runController(Object(App\Controllers\Login))
 5 SYSTEMPATH\CodeIgniter.php(368): CodeIgniter\CodeIgniter->handleRequest(null, Object(Config\Cache), false)
 6 FCPATH\index.php(67): CodeIgniter\CodeIgniter->run()
CRITICAL - 2023-06-11 22:48:02 --> Too few arguments to function Firebase\JWT\JWT::encode(), 2 passed in C:\wamp64\www\codeigniter4-framework-5d3d4b2\app\Controllers\Login.php on line 52 and at least 3 expected
in FCPATH\vendor\firebase\php-jwt\src\JWT.php on line 188.
 1 APPPATH\Controllers\Login.php(52): Firebase\JWT\JWT::encode([...], 'generatoken')
 2 APPPATH\Controllers\Login.php(31): App\Controllers\Login->generateToken('1', 'brylo1@outlook.com')
 3 SYSTEMPATH\CodeIgniter.php(934): App\Controllers\Login->loginOn()
 4 SYSTEMPATH\CodeIgniter.php(499): CodeIgniter\CodeIgniter->runController(Object(App\Controllers\Login))
 5 SYSTEMPATH\CodeIgniter.php(368): CodeIgniter\CodeIgniter->handleRequest(null, Object(Config\Cache), false)
 6 FCPATH\index.php(67): CodeIgniter\CodeIgniter->run()
CRITICAL - 2023-06-11 22:49:00 --> Too few arguments to function Firebase\JWT\JWT::encode(), 2 passed in C:\wamp64\www\codeigniter4-framework-5d3d4b2\app\Controllers\Login.php on line 52 and at least 3 expected
in FCPATH\vendor\firebase\php-jwt\src\JWT.php on line 188.
 1 APPPATH\Controllers\Login.php(52): Firebase\JWT\JWT::encode([...], 'generatoken')
 2 APPPATH\Controllers\Login.php(31): App\Controllers\Login->generateToken('1', 'brylo1@outlook.com')
 3 SYSTEMPATH\CodeIgniter.php(934): App\Controllers\Login->loginOn()
 4 SYSTEMPATH\CodeIgniter.php(499): CodeIgniter\CodeIgniter->runController(Object(App\Controllers\Login))
 5 SYSTEMPATH\CodeIgniter.php(368): CodeIgniter\CodeIgniter->handleRequest(null, Object(Config\Cache), false)
 6 FCPATH\index.php(67): CodeIgniter\CodeIgniter->run()
CRITICAL - 2023-06-11 22:49:02 --> Too few arguments to function Firebase\JWT\JWT::encode(), 2 passed in C:\wamp64\www\codeigniter4-framework-5d3d4b2\app\Controllers\Login.php on line 52 and at least 3 expected
in FCPATH\vendor\firebase\php-jwt\src\JWT.php on line 188.
 1 APPPATH\Controllers\Login.php(52): Firebase\JWT\JWT::encode([...], 'generatoken')
 2 APPPATH\Controllers\Login.php(31): App\Controllers\Login->generateToken('1', 'brylo1@outlook.com')
 3 SYSTEMPATH\CodeIgniter.php(934): App\Controllers\Login->loginOn()
 4 SYSTEMPATH\CodeIgniter.php(499): CodeIgniter\CodeIgniter->runController(Object(App\Controllers\Login))
 5 SYSTEMPATH\CodeIgniter.php(368): CodeIgniter\CodeIgniter->handleRequest(null, Object(Config\Cache), false)
 6 FCPATH\index.php(67): CodeIgniter\CodeIgniter->run()
CRITICAL - 2023-06-11 22:49:17 --> syntax error, unexpected token ";"
in APPPATH\Controllers\Login.php on line 31.
 1 SYSTEMPATH\Autoloader\Autoloader.php(289): CodeIgniter\Autoloader\Autoloader->includeFile('C:\\wamp64\\www\\codeigniter4-framework-5d3d4b2\\app\\Controllers\\Login.php')
 2 SYSTEMPATH\Autoloader\Autoloader.php(267): CodeIgniter\Autoloader\Autoloader->loadInNamespace('App\\Controllers\\Login')
 3 [internal function]: CodeIgniter\Autoloader\Autoloader->loadClass('App\\Controllers\\Login')
 4 SYSTEMPATH\CodeIgniter.php(892): class_exists('\\App\\Controllers\\Login', true)
 5 SYSTEMPATH\CodeIgniter.php(486): CodeIgniter\CodeIgniter->startController()
 6 SYSTEMPATH\CodeIgniter.php(368): CodeIgniter\CodeIgniter->handleRequest(null, Object(Config\Cache), false)
 7 FCPATH\index.php(67): CodeIgniter\CodeIgniter->run()
CRITICAL - 2023-06-11 23:17:39 --> Too few arguments to function Firebase\JWT\JWT::encode(), 2 passed in C:\wamp64\www\codeigniter4-framework-5d3d4b2\app\Controllers\Login.php on line 52 and at least 3 expected
in FCPATH\vendor\firebase\php-jwt\src\JWT.php on line 188.
 1 APPPATH\Controllers\Login.php(52): Firebase\JWT\JWT::encode([...], 'generatoken')
 2 APPPATH\Controllers\Login.php(31): App\Controllers\Login->generateToken('1', 'brylo1@outlook.com')
 3 SYSTEMPATH\CodeIgniter.php(934): App\Controllers\Login->loginOn()
 4 SYSTEMPATH\CodeIgniter.php(499): CodeIgniter\CodeIgniter->runController(Object(App\Controllers\Login))
 5 SYSTEMPATH\CodeIgniter.php(368): CodeIgniter\CodeIgniter->handleRequest(null, Object(Config\Cache), false)
 6 FCPATH\index.php(67): CodeIgniter\CodeIgniter->run()
CRITICAL - 2023-06-11 23:18:16 --> Undefined variable $token
in APPPATH\Controllers\Login.php on line 34.
 1 APPPATH\Controllers\Login.php(34): CodeIgniter\Debug\Exceptions->errorHandler(2, 'Undefined variable $token', 'C:\\wamp64\\www\\codeigniter4-framework-5d3d4b2\\app\\Controllers\\Login.php', 34)
 2 SYSTEMPATH\CodeIgniter.php(934): App\Controllers\Login->loginOn()
 3 SYSTEMPATH\CodeIgniter.php(499): CodeIgniter\CodeIgniter->runController(Object(App\Controllers\Login))
 4 SYSTEMPATH\CodeIgniter.php(368): CodeIgniter\CodeIgniter->handleRequest(null, Object(Config\Cache), false)
 5 FCPATH\index.php(67): CodeIgniter\CodeIgniter->run()
