ERROR - 2023-09-24 00:44:29 --> Error connecting to the database: ErrorException: pg_pconnect(): Unable to connect to PostgreSQL server: FATAL:  too many connections for role &quot;khohrezb&quot; in C:\wamp64\www\codeigniter4-framework-5d3d4b2\system\Database\Postgre\Connection.php:75
Stack trace:
#0 [internal function]: CodeIgniter\Debug\Exceptions->errorHandler(2, 'pg_pconnect(): ...', 'C:\\wamp64\\www\\c...', 75)
#1 C:\wamp64\www\codeigniter4-framework-5d3d4b2\system\Database\Postgre\Connection.php(75): pg_pconnect('host=silly.db.e...')
#2 C:\wamp64\www\codeigniter4-framework-5d3d4b2\system\Database\BaseConnection.php(391): CodeIgniter\Database\Postgre\Connection->connect(true)
#3 C:\wamp64\www\codeigniter4-framework-5d3d4b2\system\Database\BaseConnection.php(574): CodeIgniter\Database\BaseConnection->initialize()
#4 C:\wamp64\www\codeigniter4-framework-5d3d4b2\system\Database\BaseBuilder.php(1616): CodeIgniter\Database\BaseConnection->query('SELECT "us"."id...', Array, false)
#5 C:\wamp64\www\codeigniter4-framework-5d3d4b2\app\Models\user_model.php(48): CodeIgniter\Database\BaseBuilder->get()
#6 C:\wamp64\www\codeigniter4-framework-5d3d4b2\app\Controllers\UserController.php(77): App\Models\user_model->getUserbyID(1)
#7 C:\wamp64\www\codeigniter4-framework-5d3d4b2\system\CodeIgniter.php(934): App\Controllers\UserController->getUserbyId()
#8 C:\wamp64\www\codeigniter4-framework-5d3d4b2\system\CodeIgniter.php(499): CodeIgniter\CodeIgniter->runController(Object(App\Controllers\UserController))
#9 C:\wamp64\www\codeigniter4-framework-5d3d4b2\system\CodeIgniter.php(368): CodeIgniter\CodeIgniter->handleRequest(NULL, Object(Config\Cache), false)
#10 C:\wamp64\www\codeigniter4-framework-5d3d4b2\index.php(67): CodeIgniter\CodeIgniter->run()
#11 {main}
CRITICAL - 2023-09-24 00:44:29 --> Unable to connect to the database.
Main connection [Postgre]: pg_pconnect(): Unable to connect to PostgreSQL server: FATAL:  too many connections for role &quot;khohrezb&quot;
in SYSTEMPATH\Database\BaseConnection.php on line 427.
 1 SYSTEMPATH\Database\BaseConnection.php(574): CodeIgniter\Database\BaseConnection->initialize()
 2 SYSTEMPATH\Database\BaseBuilder.php(1616): CodeIgniter\Database\BaseConnection->query('SELECT "us"."id_user", "us"."nombre" as "nombre", CONCAT(us.apellido_p, \' \', us.apellido_m) as apellidos, "us"."email" as "correo", "r"."id_rol" as "idRol", "r"."perfil" as "rol"
FROM "usuario" as "us"
INNER JOIN "rol" as "r" ON "us"."id_rol" = "r"."id_rol"
WHERE "us"."id_user" = :us.id_user:', [...], false)
 3 APPPATH\Models\user_model.php(48): CodeIgniter\Database\BaseBuilder->get()
 4 APPPATH\Controllers\UserController.php(77): App\Models\user_model->getUserbyID(1)
 5 SYSTEMPATH\CodeIgniter.php(934): App\Controllers\UserController->getUserbyId()
 6 SYSTEMPATH\CodeIgniter.php(499): CodeIgniter\CodeIgniter->runController(Object(App\Controllers\UserController))
 7 SYSTEMPATH\CodeIgniter.php(368): CodeIgniter\CodeIgniter->handleRequest(null, Object(Config\Cache), false)
 8 FCPATH\index.php(67): CodeIgniter\CodeIgniter->run()
ERROR - 2023-09-24 01:12:02 --> Error connecting to the database: ErrorException: pg_pconnect(): Unable to connect to PostgreSQL server: FATAL:  too many connections for role &quot;khohrezb&quot; in C:\wamp64\www\codeigniter4-framework-5d3d4b2\system\Database\Postgre\Connection.php:75
Stack trace:
#0 [internal function]: CodeIgniter\Debug\Exceptions->errorHandler(2, 'pg_pconnect(): ...', 'C:\\wamp64\\www\\c...', 75)
#1 C:\wamp64\www\codeigniter4-framework-5d3d4b2\system\Database\Postgre\Connection.php(75): pg_pconnect('host=silly.db.e...')
#2 C:\wamp64\www\codeigniter4-framework-5d3d4b2\system\Database\BaseConnection.php(391): CodeIgniter\Database\Postgre\Connection->connect(true)
#3 C:\wamp64\www\codeigniter4-framework-5d3d4b2\system\Database\BaseConnection.php(574): CodeIgniter\Database\BaseConnection->initialize()
#4 C:\wamp64\www\codeigniter4-framework-5d3d4b2\app\Models\Mural_Model.php(108): CodeIgniter\Database\BaseConnection->query('\r\n            S...', Array)
#5 C:\wamp64\www\codeigniter4-framework-5d3d4b2\app\Controllers\MuralController.php(274): App\Models\Mural_Model->getMuralbyId('693609dd-41e2-4...')
#6 C:\wamp64\www\codeigniter4-framework-5d3d4b2\system\CodeIgniter.php(934): App\Controllers\MuralController->getMuralbyId()
#7 C:\wamp64\www\codeigniter4-framework-5d3d4b2\system\CodeIgniter.php(499): CodeIgniter\CodeIgniter->runController(Object(App\Controllers\MuralController))
#8 C:\wamp64\www\codeigniter4-framework-5d3d4b2\system\CodeIgniter.php(368): CodeIgniter\CodeIgniter->handleRequest(NULL, Object(Config\Cache), false)
#9 C:\wamp64\www\codeigniter4-framework-5d3d4b2\index.php(67): CodeIgniter\CodeIgniter->run()
#10 {main}
CRITICAL - 2023-09-24 01:12:02 --> Unable to connect to the database.
Main connection [Postgre]: pg_pconnect(): Unable to connect to PostgreSQL server: FATAL:  too many connections for role &quot;khohrezb&quot;
in SYSTEMPATH\Database\BaseConnection.php on line 427.
 1 SYSTEMPATH\Database\BaseConnection.php(574): CodeIgniter\Database\BaseConnection->initialize()
 2 APPPATH\Models\Mural_Model.php(108): CodeIgniter\Database\BaseConnection->query('
            SELECT
                mur.*,
                ARRAY_AGG(DISTINCT txt.*) AS txts,
                ARRAY_AGG(DISTINCT vid.*) AS videos,
                ARRAY_AGG(DISTINCT img.*) AS imagenes,
                ARRAY_AGG(DISTINCT pdfs.*) AS pdfs
            FROM
                mural AS mur
            LEFT JOIN
                txt ON mur.id_mural = txt.id_mural
            LEFT JOIN
                videos AS vid ON mur.id_mural = vid.id_mural
            LEFT JOIN
                imagenes AS img ON mur.id_mural = img.id_mural
            LEFT JOIN
                pdfs ON mur.id_mural = pdfs.id_mural
            WHERE
                mur.id_mural = ?
            GROUP BY
                mur.id_mural
        ', [...])
 3 APPPATH\Controllers\MuralController.php(274): App\Models\Mural_Model->getMuralbyId('693609dd-41e2-4094-b9ec-7ab86eefa8fb')
 4 SYSTEMPATH\CodeIgniter.php(934): App\Controllers\MuralController->getMuralbyId()
 5 SYSTEMPATH\CodeIgniter.php(499): CodeIgniter\CodeIgniter->runController(Object(App\Controllers\MuralController))
 6 SYSTEMPATH\CodeIgniter.php(368): CodeIgniter\CodeIgniter->handleRequest(null, Object(Config\Cache), false)
 7 FCPATH\index.php(67): CodeIgniter\CodeIgniter->run()
ERROR - 2023-09-24 01:12:31 --> Error connecting to the database: ErrorException: pg_pconnect(): Unable to connect to PostgreSQL server: FATAL:  too many connections for role &quot;khohrezb&quot; in C:\wamp64\www\codeigniter4-framework-5d3d4b2\system\Database\Postgre\Connection.php:75
Stack trace:
#0 [internal function]: CodeIgniter\Debug\Exceptions->errorHandler(2, 'pg_pconnect(): ...', 'C:\\wamp64\\www\\c...', 75)
#1 C:\wamp64\www\codeigniter4-framework-5d3d4b2\system\Database\Postgre\Connection.php(75): pg_pconnect('host=silly.db.e...')
#2 C:\wamp64\www\codeigniter4-framework-5d3d4b2\system\Database\BaseConnection.php(391): CodeIgniter\Database\Postgre\Connection->connect(true)
#3 C:\wamp64\www\codeigniter4-framework-5d3d4b2\system\Database\BaseConnection.php(574): CodeIgniter\Database\BaseConnection->initialize()
#4 C:\wamp64\www\codeigniter4-framework-5d3d4b2\system\Database\BaseBuilder.php(1616): CodeIgniter\Database\BaseConnection->query('SELECT "us"."id...', Array, false)
#5 C:\wamp64\www\codeigniter4-framework-5d3d4b2\app\Models\user_model.php(48): CodeIgniter\Database\BaseBuilder->get()
#6 C:\wamp64\www\codeigniter4-framework-5d3d4b2\app\Controllers\UserController.php(77): App\Models\user_model->getUserbyID(1)
#7 C:\wamp64\www\codeigniter4-framework-5d3d4b2\system\CodeIgniter.php(934): App\Controllers\UserController->getUserbyId()
#8 C:\wamp64\www\codeigniter4-framework-5d3d4b2\system\CodeIgniter.php(499): CodeIgniter\CodeIgniter->runController(Object(App\Controllers\UserController))
#9 C:\wamp64\www\codeigniter4-framework-5d3d4b2\system\CodeIgniter.php(368): CodeIgniter\CodeIgniter->handleRequest(NULL, Object(Config\Cache), false)
#10 C:\wamp64\www\codeigniter4-framework-5d3d4b2\index.php(67): CodeIgniter\CodeIgniter->run()
#11 {main}
CRITICAL - 2023-09-24 01:12:31 --> Unable to connect to the database.
Main connection [Postgre]: pg_pconnect(): Unable to connect to PostgreSQL server: FATAL:  too many connections for role &quot;khohrezb&quot;
in SYSTEMPATH\Database\BaseConnection.php on line 427.
 1 SYSTEMPATH\Database\BaseConnection.php(574): CodeIgniter\Database\BaseConnection->initialize()
 2 SYSTEMPATH\Database\BaseBuilder.php(1616): CodeIgniter\Database\BaseConnection->query('SELECT "us"."id_user", "us"."nombre" as "nombre", CONCAT(us.apellido_p, \' \', us.apellido_m) as apellidos, "us"."email" as "correo", "r"."id_rol" as "idRol", "r"."perfil" as "rol"
FROM "usuario" as "us"
INNER JOIN "rol" as "r" ON "us"."id_rol" = "r"."id_rol"
WHERE "us"."id_user" = :us.id_user:', [...], false)
 3 APPPATH\Models\user_model.php(48): CodeIgniter\Database\BaseBuilder->get()
 4 APPPATH\Controllers\UserController.php(77): App\Models\user_model->getUserbyID(1)
 5 SYSTEMPATH\CodeIgniter.php(934): App\Controllers\UserController->getUserbyId()
 6 SYSTEMPATH\CodeIgniter.php(499): CodeIgniter\CodeIgniter->runController(Object(App\Controllers\UserController))
 7 SYSTEMPATH\CodeIgniter.php(368): CodeIgniter\CodeIgniter->handleRequest(null, Object(Config\Cache), false)
 8 FCPATH\index.php(67): CodeIgniter\CodeIgniter->run()
ERROR - 2023-09-24 01:12:34 --> Error connecting to the database: ErrorException: pg_pconnect(): Unable to connect to PostgreSQL server: FATAL:  too many connections for role &quot;khohrezb&quot; in C:\wamp64\www\codeigniter4-framework-5d3d4b2\system\Database\Postgre\Connection.php:75
Stack trace:
#0 [internal function]: CodeIgniter\Debug\Exceptions->errorHandler(2, 'pg_pconnect(): ...', 'C:\\wamp64\\www\\c...', 75)
#1 C:\wamp64\www\codeigniter4-framework-5d3d4b2\system\Database\Postgre\Connection.php(75): pg_pconnect('host=silly.db.e...')
#2 C:\wamp64\www\codeigniter4-framework-5d3d4b2\system\Database\BaseConnection.php(391): CodeIgniter\Database\Postgre\Connection->connect(true)
#3 C:\wamp64\www\codeigniter4-framework-5d3d4b2\system\Database\BaseConnection.php(574): CodeIgniter\Database\BaseConnection->initialize()
#4 C:\wamp64\www\codeigniter4-framework-5d3d4b2\app\Models\Mural_Model.php(108): CodeIgniter\Database\BaseConnection->query('\r\n            S...', Array)
#5 C:\wamp64\www\codeigniter4-framework-5d3d4b2\app\Controllers\MuralController.php(274): App\Models\Mural_Model->getMuralbyId('693609dd-41e2-4...')
#6 C:\wamp64\www\codeigniter4-framework-5d3d4b2\system\CodeIgniter.php(934): App\Controllers\MuralController->getMuralbyId()
#7 C:\wamp64\www\codeigniter4-framework-5d3d4b2\system\CodeIgniter.php(499): CodeIgniter\CodeIgniter->runController(Object(App\Controllers\MuralController))
#8 C:\wamp64\www\codeigniter4-framework-5d3d4b2\system\CodeIgniter.php(368): CodeIgniter\CodeIgniter->handleRequest(NULL, Object(Config\Cache), false)
#9 C:\wamp64\www\codeigniter4-framework-5d3d4b2\index.php(67): CodeIgniter\CodeIgniter->run()
#10 {main}
CRITICAL - 2023-09-24 01:12:34 --> Unable to connect to the database.
Main connection [Postgre]: pg_pconnect(): Unable to connect to PostgreSQL server: FATAL:  too many connections for role &quot;khohrezb&quot;
in SYSTEMPATH\Database\BaseConnection.php on line 427.
 1 SYSTEMPATH\Database\BaseConnection.php(574): CodeIgniter\Database\BaseConnection->initialize()
 2 APPPATH\Models\Mural_Model.php(108): CodeIgniter\Database\BaseConnection->query('
            SELECT
                mur.*,
                ARRAY_AGG(DISTINCT txt.*) AS txts,
                ARRAY_AGG(DISTINCT vid.*) AS videos,
                ARRAY_AGG(DISTINCT img.*) AS imagenes,
                ARRAY_AGG(DISTINCT pdfs.*) AS pdfs
            FROM
                mural AS mur
            LEFT JOIN
                txt ON mur.id_mural = txt.id_mural
            LEFT JOIN
                videos AS vid ON mur.id_mural = vid.id_mural
            LEFT JOIN
                imagenes AS img ON mur.id_mural = img.id_mural
            LEFT JOIN
                pdfs ON mur.id_mural = pdfs.id_mural
            WHERE
                mur.id_mural = ?
            GROUP BY
                mur.id_mural
        ', [...])
 3 APPPATH\Controllers\MuralController.php(274): App\Models\Mural_Model->getMuralbyId('693609dd-41e2-4094-b9ec-7ab86eefa8fb')
 4 SYSTEMPATH\CodeIgniter.php(934): App\Controllers\MuralController->getMuralbyId()
 5 SYSTEMPATH\CodeIgniter.php(499): CodeIgniter\CodeIgniter->runController(Object(App\Controllers\MuralController))
 6 SYSTEMPATH\CodeIgniter.php(368): CodeIgniter\CodeIgniter->handleRequest(null, Object(Config\Cache), false)
 7 FCPATH\index.php(67): CodeIgniter\CodeIgniter->run()
ERROR - 2023-09-24 01:33:55 --> Error connecting to the database: ErrorException: pg_pconnect(): Unable to connect to PostgreSQL server: FATAL:  too many connections for role &quot;khohrezb&quot; in C:\wamp64\www\codeigniter4-framework-5d3d4b2\system\Database\Postgre\Connection.php:75
Stack trace:
#0 [internal function]: CodeIgniter\Debug\Exceptions->errorHandler(2, 'pg_pconnect(): ...', 'C:\\wamp64\\www\\c...', 75)
#1 C:\wamp64\www\codeigniter4-framework-5d3d4b2\system\Database\Postgre\Connection.php(75): pg_pconnect('host=silly.db.e...')
#2 C:\wamp64\www\codeigniter4-framework-5d3d4b2\system\Database\BaseConnection.php(391): CodeIgniter\Database\Postgre\Connection->connect(true)
#3 C:\wamp64\www\codeigniter4-framework-5d3d4b2\system\Database\BaseConnection.php(574): CodeIgniter\Database\BaseConnection->initialize()
#4 C:\wamp64\www\codeigniter4-framework-5d3d4b2\app\Models\Mural_Model.php(137): CodeIgniter\Database\BaseConnection->query('\r\n            S...', Array)
#5 C:\wamp64\www\codeigniter4-framework-5d3d4b2\app\Controllers\MuralController.php(241): App\Models\Mural_Model->getMuralByUser(1)
#6 C:\wamp64\www\codeigniter4-framework-5d3d4b2\system\CodeIgniter.php(934): App\Controllers\MuralController->EditMural()
#7 C:\wamp64\www\codeigniter4-framework-5d3d4b2\system\CodeIgniter.php(499): CodeIgniter\CodeIgniter->runController(Object(App\Controllers\MuralController))
#8 C:\wamp64\www\codeigniter4-framework-5d3d4b2\system\CodeIgniter.php(368): CodeIgniter\CodeIgniter->handleRequest(NULL, Object(Config\Cache), false)
#9 C:\wamp64\www\codeigniter4-framework-5d3d4b2\index.php(67): CodeIgniter\CodeIgniter->run()
#10 {main}
CRITICAL - 2023-09-24 01:33:55 --> Unable to connect to the database.
Main connection [Postgre]: pg_pconnect(): Unable to connect to PostgreSQL server: FATAL:  too many connections for role &quot;khohrezb&quot;
in SYSTEMPATH\Database\BaseConnection.php on line 427.
 1 SYSTEMPATH\Database\BaseConnection.php(574): CodeIgniter\Database\BaseConnection->initialize()
 2 APPPATH\Models\Mural_Model.php(137): CodeIgniter\Database\BaseConnection->query('
            SELECT
                mur.*,
                ARRAY_AGG(DISTINCT txt.valor) AS txts,
                ARRAY_AGG(DISTINCT vid.url_video) AS videos,
                ARRAY_AGG(DISTINCT img.url) AS imagenes,
                ARRAY_AGG(DISTINCT pdfs.url_pdfs) AS pdfs
            FROM
                mural AS mur
            LEFT JOIN
                txt ON mur.id_mural = txt.id_mural
            LEFT JOIN
                videos AS vid ON mur.id_mural = vid.id_mural
            LEFT JOIN
                imagenes AS img ON mur.id_mural = img.id_mural
            LEFT JOIN
                pdfs ON mur.id_mural = pdfs.id_mural
            WHERE
                mur.id_user = ?
            GROUP BY
                mur.id_mural
        ', [...])
 3 APPPATH\Controllers\MuralController.php(241): App\Models\Mural_Model->getMuralByUser(1)
 4 SYSTEMPATH\CodeIgniter.php(934): App\Controllers\MuralController->EditMural()
 5 SYSTEMPATH\CodeIgniter.php(499): CodeIgniter\CodeIgniter->runController(Object(App\Controllers\MuralController))
 6 SYSTEMPATH\CodeIgniter.php(368): CodeIgniter\CodeIgniter->handleRequest(null, Object(Config\Cache), false)
 7 FCPATH\index.php(67): CodeIgniter\CodeIgniter->run()
ERROR - 2023-09-24 01:34:20 --> Error connecting to the database: ErrorException: pg_pconnect(): Unable to connect to PostgreSQL server: FATAL:  too many connections for role &quot;khohrezb&quot; in C:\wamp64\www\codeigniter4-framework-5d3d4b2\system\Database\Postgre\Connection.php:75
Stack trace:
#0 [internal function]: CodeIgniter\Debug\Exceptions->errorHandler(2, 'pg_pconnect(): ...', 'C:\\wamp64\\www\\c...', 75)
#1 C:\wamp64\www\codeigniter4-framework-5d3d4b2\system\Database\Postgre\Connection.php(75): pg_pconnect('host=silly.db.e...')
#2 C:\wamp64\www\codeigniter4-framework-5d3d4b2\system\Database\BaseConnection.php(391): CodeIgniter\Database\Postgre\Connection->connect(true)
#3 C:\wamp64\www\codeigniter4-framework-5d3d4b2\system\Database\BaseConnection.php(574): CodeIgniter\Database\BaseConnection->initialize()
#4 C:\wamp64\www\codeigniter4-framework-5d3d4b2\app\Models\Mural_Model.php(137): CodeIgniter\Database\BaseConnection->query('\r\n            S...', Array)
#5 C:\wamp64\www\codeigniter4-framework-5d3d4b2\app\Controllers\MuralController.php(241): App\Models\Mural_Model->getMuralByUser(1)
#6 C:\wamp64\www\codeigniter4-framework-5d3d4b2\system\CodeIgniter.php(934): App\Controllers\MuralController->EditMural()
#7 C:\wamp64\www\codeigniter4-framework-5d3d4b2\system\CodeIgniter.php(499): CodeIgniter\CodeIgniter->runController(Object(App\Controllers\MuralController))
#8 C:\wamp64\www\codeigniter4-framework-5d3d4b2\system\CodeIgniter.php(368): CodeIgniter\CodeIgniter->handleRequest(NULL, Object(Config\Cache), false)
#9 C:\wamp64\www\codeigniter4-framework-5d3d4b2\index.php(67): CodeIgniter\CodeIgniter->run()
#10 {main}
CRITICAL - 2023-09-24 01:34:20 --> Unable to connect to the database.
Main connection [Postgre]: pg_pconnect(): Unable to connect to PostgreSQL server: FATAL:  too many connections for role &quot;khohrezb&quot;
in SYSTEMPATH\Database\BaseConnection.php on line 427.
 1 SYSTEMPATH\Database\BaseConnection.php(574): CodeIgniter\Database\BaseConnection->initialize()
 2 APPPATH\Models\Mural_Model.php(137): CodeIgniter\Database\BaseConnection->query('
            SELECT
                mur.*,
                ARRAY_AGG(DISTINCT txt.valor) AS txts,
                ARRAY_AGG(DISTINCT vid.url_video) AS videos,
                ARRAY_AGG(DISTINCT img.url) AS imagenes,
                ARRAY_AGG(DISTINCT pdfs.url_pdfs) AS pdfs
            FROM
                mural AS mur
            LEFT JOIN
                txt ON mur.id_mural = txt.id_mural
            LEFT JOIN
                videos AS vid ON mur.id_mural = vid.id_mural
            LEFT JOIN
                imagenes AS img ON mur.id_mural = img.id_mural
            LEFT JOIN
                pdfs ON mur.id_mural = pdfs.id_mural
            WHERE
                mur.id_user = ?
            GROUP BY
                mur.id_mural
        ', [...])
 3 APPPATH\Controllers\MuralController.php(241): App\Models\Mural_Model->getMuralByUser(1)
 4 SYSTEMPATH\CodeIgniter.php(934): App\Controllers\MuralController->EditMural()
 5 SYSTEMPATH\CodeIgniter.php(499): CodeIgniter\CodeIgniter->runController(Object(App\Controllers\MuralController))
 6 SYSTEMPATH\CodeIgniter.php(368): CodeIgniter\CodeIgniter->handleRequest(null, Object(Config\Cache), false)
 7 FCPATH\index.php(67): CodeIgniter\CodeIgniter->run()
ERROR - 2023-09-24 01:34:28 --> Error connecting to the database: ErrorException: pg_pconnect(): Unable to connect to PostgreSQL server: FATAL:  too many connections for role &quot;khohrezb&quot; in C:\wamp64\www\codeigniter4-framework-5d3d4b2\system\Database\Postgre\Connection.php:75
Stack trace:
#0 [internal function]: CodeIgniter\Debug\Exceptions->errorHandler(2, 'pg_pconnect(): ...', 'C:\\wamp64\\www\\c...', 75)
#1 C:\wamp64\www\codeigniter4-framework-5d3d4b2\system\Database\Postgre\Connection.php(75): pg_pconnect('host=silly.db.e...')
#2 C:\wamp64\www\codeigniter4-framework-5d3d4b2\system\Database\BaseConnection.php(391): CodeIgniter\Database\Postgre\Connection->connect(true)
#3 C:\wamp64\www\codeigniter4-framework-5d3d4b2\system\Database\BaseConnection.php(574): CodeIgniter\Database\BaseConnection->initialize()
#4 C:\wamp64\www\codeigniter4-framework-5d3d4b2\system\Database\BaseBuilder.php(1616): CodeIgniter\Database\BaseConnection->query('SELECT "us"."id...', Array, false)
#5 C:\wamp64\www\codeigniter4-framework-5d3d4b2\app\Models\user_model.php(48): CodeIgniter\Database\BaseBuilder->get()
#6 C:\wamp64\www\codeigniter4-framework-5d3d4b2\app\Controllers\UserController.php(77): App\Models\user_model->getUserbyID(1)
#7 C:\wamp64\www\codeigniter4-framework-5d3d4b2\system\CodeIgniter.php(934): App\Controllers\UserController->getUserbyId()
#8 C:\wamp64\www\codeigniter4-framework-5d3d4b2\system\CodeIgniter.php(499): CodeIgniter\CodeIgniter->runController(Object(App\Controllers\UserController))
#9 C:\wamp64\www\codeigniter4-framework-5d3d4b2\system\CodeIgniter.php(368): CodeIgniter\CodeIgniter->handleRequest(NULL, Object(Config\Cache), false)
#10 C:\wamp64\www\codeigniter4-framework-5d3d4b2\index.php(67): CodeIgniter\CodeIgniter->run()
#11 {main}
CRITICAL - 2023-09-24 01:34:28 --> Unable to connect to the database.
Main connection [Postgre]: pg_pconnect(): Unable to connect to PostgreSQL server: FATAL:  too many connections for role &quot;khohrezb&quot;
in SYSTEMPATH\Database\BaseConnection.php on line 427.
 1 SYSTEMPATH\Database\BaseConnection.php(574): CodeIgniter\Database\BaseConnection->initialize()
 2 SYSTEMPATH\Database\BaseBuilder.php(1616): CodeIgniter\Database\BaseConnection->query('SELECT "us"."id_user", "us"."nombre" as "nombre", CONCAT(us.apellido_p, \' \', us.apellido_m) as apellidos, "us"."email" as "correo", "r"."id_rol" as "idRol", "r"."perfil" as "rol"
FROM "usuario" as "us"
INNER JOIN "rol" as "r" ON "us"."id_rol" = "r"."id_rol"
WHERE "us"."id_user" = :us.id_user:', [...], false)
 3 APPPATH\Models\user_model.php(48): CodeIgniter\Database\BaseBuilder->get()
 4 APPPATH\Controllers\UserController.php(77): App\Models\user_model->getUserbyID(1)
 5 SYSTEMPATH\CodeIgniter.php(934): App\Controllers\UserController->getUserbyId()
 6 SYSTEMPATH\CodeIgniter.php(499): CodeIgniter\CodeIgniter->runController(Object(App\Controllers\UserController))
 7 SYSTEMPATH\CodeIgniter.php(368): CodeIgniter\CodeIgniter->handleRequest(null, Object(Config\Cache), false)
 8 FCPATH\index.php(67): CodeIgniter\CodeIgniter->run()
ERROR - 2023-09-24 01:34:31 --> Error connecting to the database: ErrorException: pg_pconnect(): Unable to connect to PostgreSQL server: FATAL:  too many connections for role &quot;khohrezb&quot; in C:\wamp64\www\codeigniter4-framework-5d3d4b2\system\Database\Postgre\Connection.php:75
Stack trace:
#0 [internal function]: CodeIgniter\Debug\Exceptions->errorHandler(2, 'pg_pconnect(): ...', 'C:\\wamp64\\www\\c...', 75)
#1 C:\wamp64\www\codeigniter4-framework-5d3d4b2\system\Database\Postgre\Connection.php(75): pg_pconnect('host=silly.db.e...')
#2 C:\wamp64\www\codeigniter4-framework-5d3d4b2\system\Database\BaseConnection.php(391): CodeIgniter\Database\Postgre\Connection->connect(true)
#3 C:\wamp64\www\codeigniter4-framework-5d3d4b2\system\Database\BaseConnection.php(574): CodeIgniter\Database\BaseConnection->initialize()
#4 C:\wamp64\www\codeigniter4-framework-5d3d4b2\app\Models\Mural_Model.php(108): CodeIgniter\Database\BaseConnection->query('\r\n            S...', Array)
#5 C:\wamp64\www\codeigniter4-framework-5d3d4b2\app\Controllers\MuralController.php(274): App\Models\Mural_Model->getMuralbyId('693609dd-41e2-4...')
#6 C:\wamp64\www\codeigniter4-framework-5d3d4b2\system\CodeIgniter.php(934): App\Controllers\MuralController->getMuralbyId()
#7 C:\wamp64\www\codeigniter4-framework-5d3d4b2\system\CodeIgniter.php(499): CodeIgniter\CodeIgniter->runController(Object(App\Controllers\MuralController))
#8 C:\wamp64\www\codeigniter4-framework-5d3d4b2\system\CodeIgniter.php(368): CodeIgniter\CodeIgniter->handleRequest(NULL, Object(Config\Cache), false)
#9 C:\wamp64\www\codeigniter4-framework-5d3d4b2\index.php(67): CodeIgniter\CodeIgniter->run()
#10 {main}
CRITICAL - 2023-09-24 01:34:31 --> Unable to connect to the database.
Main connection [Postgre]: pg_pconnect(): Unable to connect to PostgreSQL server: FATAL:  too many connections for role &quot;khohrezb&quot;
in SYSTEMPATH\Database\BaseConnection.php on line 427.
 1 SYSTEMPATH\Database\BaseConnection.php(574): CodeIgniter\Database\BaseConnection->initialize()
 2 APPPATH\Models\Mural_Model.php(108): CodeIgniter\Database\BaseConnection->query('
            SELECT
                mur.*,
                ARRAY_AGG(DISTINCT txt.*) AS txts,
                ARRAY_AGG(DISTINCT vid.*) AS videos,
                ARRAY_AGG(DISTINCT img.*) AS imagenes,
                ARRAY_AGG(DISTINCT pdfs.*) AS pdfs
            FROM
                mural AS mur
            LEFT JOIN
                txt ON mur.id_mural = txt.id_mural
            LEFT JOIN
                videos AS vid ON mur.id_mural = vid.id_mural
            LEFT JOIN
                imagenes AS img ON mur.id_mural = img.id_mural
            LEFT JOIN
                pdfs ON mur.id_mural = pdfs.id_mural
            WHERE
                mur.id_mural = ?
            GROUP BY
                mur.id_mural
        ', [...])
 3 APPPATH\Controllers\MuralController.php(274): App\Models\Mural_Model->getMuralbyId('693609dd-41e2-4094-b9ec-7ab86eefa8fb')
 4 SYSTEMPATH\CodeIgniter.php(934): App\Controllers\MuralController->getMuralbyId()
 5 SYSTEMPATH\CodeIgniter.php(499): CodeIgniter\CodeIgniter->runController(Object(App\Controllers\MuralController))
 6 SYSTEMPATH\CodeIgniter.php(368): CodeIgniter\CodeIgniter->handleRequest(null, Object(Config\Cache), false)
 7 FCPATH\index.php(67): CodeIgniter\CodeIgniter->run()
ERROR - 2023-09-24 01:34:41 --> Error connecting to the database: ErrorException: pg_pconnect(): Unable to connect to PostgreSQL server: FATAL:  too many connections for role &quot;khohrezb&quot; in C:\wamp64\www\codeigniter4-framework-5d3d4b2\system\Database\Postgre\Connection.php:75
Stack trace:
#0 [internal function]: CodeIgniter\Debug\Exceptions->errorHandler(2, 'pg_pconnect(): ...', 'C:\\wamp64\\www\\c...', 75)
#1 C:\wamp64\www\codeigniter4-framework-5d3d4b2\system\Database\Postgre\Connection.php(75): pg_pconnect('host=silly.db.e...')
#2 C:\wamp64\www\codeigniter4-framework-5d3d4b2\system\Database\BaseConnection.php(391): CodeIgniter\Database\Postgre\Connection->connect(true)
#3 C:\wamp64\www\codeigniter4-framework-5d3d4b2\system\Database\BaseConnection.php(574): CodeIgniter\Database\BaseConnection->initialize()
#4 C:\wamp64\www\codeigniter4-framework-5d3d4b2\app\Models\Mural_Model.php(108): CodeIgniter\Database\BaseConnection->query('\r\n            S...', Array)
#5 C:\wamp64\www\codeigniter4-framework-5d3d4b2\app\Controllers\MuralController.php(274): App\Models\Mural_Model->getMuralbyId('693609dd-41e2-4...')
#6 C:\wamp64\www\codeigniter4-framework-5d3d4b2\system\CodeIgniter.php(934): App\Controllers\MuralController->getMuralbyId()
#7 C:\wamp64\www\codeigniter4-framework-5d3d4b2\system\CodeIgniter.php(499): CodeIgniter\CodeIgniter->runController(Object(App\Controllers\MuralController))
#8 C:\wamp64\www\codeigniter4-framework-5d3d4b2\system\CodeIgniter.php(368): CodeIgniter\CodeIgniter->handleRequest(NULL, Object(Config\Cache), false)
#9 C:\wamp64\www\codeigniter4-framework-5d3d4b2\index.php(67): CodeIgniter\CodeIgniter->run()
#10 {main}
CRITICAL - 2023-09-24 01:34:41 --> Unable to connect to the database.
Main connection [Postgre]: pg_pconnect(): Unable to connect to PostgreSQL server: FATAL:  too many connections for role &quot;khohrezb&quot;
in SYSTEMPATH\Database\BaseConnection.php on line 427.
 1 SYSTEMPATH\Database\BaseConnection.php(574): CodeIgniter\Database\BaseConnection->initialize()
 2 APPPATH\Models\Mural_Model.php(108): CodeIgniter\Database\BaseConnection->query('
            SELECT
                mur.*,
                ARRAY_AGG(DISTINCT txt.*) AS txts,
                ARRAY_AGG(DISTINCT vid.*) AS videos,
                ARRAY_AGG(DISTINCT img.*) AS imagenes,
                ARRAY_AGG(DISTINCT pdfs.*) AS pdfs
            FROM
                mural AS mur
            LEFT JOIN
                txt ON mur.id_mural = txt.id_mural
            LEFT JOIN
                videos AS vid ON mur.id_mural = vid.id_mural
            LEFT JOIN
                imagenes AS img ON mur.id_mural = img.id_mural
            LEFT JOIN
                pdfs ON mur.id_mural = pdfs.id_mural
            WHERE
                mur.id_mural = ?
            GROUP BY
                mur.id_mural
        ', [...])
 3 APPPATH\Controllers\MuralController.php(274): App\Models\Mural_Model->getMuralbyId('693609dd-41e2-4094-b9ec-7ab86eefa8fb')
 4 SYSTEMPATH\CodeIgniter.php(934): App\Controllers\MuralController->getMuralbyId()
 5 SYSTEMPATH\CodeIgniter.php(499): CodeIgniter\CodeIgniter->runController(Object(App\Controllers\MuralController))
 6 SYSTEMPATH\CodeIgniter.php(368): CodeIgniter\CodeIgniter->handleRequest(null, Object(Config\Cache), false)
 7 FCPATH\index.php(67): CodeIgniter\CodeIgniter->run()
ERROR - 2023-09-24 01:34:51 --> Error connecting to the database: ErrorException: pg_pconnect(): Unable to connect to PostgreSQL server: FATAL:  too many connections for role &quot;khohrezb&quot; in C:\wamp64\www\codeigniter4-framework-5d3d4b2\system\Database\Postgre\Connection.php:75
Stack trace:
#0 [internal function]: CodeIgniter\Debug\Exceptions->errorHandler(2, 'pg_pconnect(): ...', 'C:\\wamp64\\www\\c...', 75)
#1 C:\wamp64\www\codeigniter4-framework-5d3d4b2\system\Database\Postgre\Connection.php(75): pg_pconnect('host=silly.db.e...')
#2 C:\wamp64\www\codeigniter4-framework-5d3d4b2\system\Database\BaseConnection.php(391): CodeIgniter\Database\Postgre\Connection->connect(true)
#3 C:\wamp64\www\codeigniter4-framework-5d3d4b2\system\Database\BaseConnection.php(574): CodeIgniter\Database\BaseConnection->initialize()
#4 C:\wamp64\www\codeigniter4-framework-5d3d4b2\app\Models\Mural_Model.php(108): CodeIgniter\Database\BaseConnection->query('\r\n            S...', Array)
#5 C:\wamp64\www\codeigniter4-framework-5d3d4b2\app\Controllers\MuralController.php(274): App\Models\Mural_Model->getMuralbyId('693609dd-41e2-4...')
#6 C:\wamp64\www\codeigniter4-framework-5d3d4b2\system\CodeIgniter.php(934): App\Controllers\MuralController->getMuralbyId()
#7 C:\wamp64\www\codeigniter4-framework-5d3d4b2\system\CodeIgniter.php(499): CodeIgniter\CodeIgniter->runController(Object(App\Controllers\MuralController))
#8 C:\wamp64\www\codeigniter4-framework-5d3d4b2\system\CodeIgniter.php(368): CodeIgniter\CodeIgniter->handleRequest(NULL, Object(Config\Cache), false)
#9 C:\wamp64\www\codeigniter4-framework-5d3d4b2\index.php(67): CodeIgniter\CodeIgniter->run()
#10 {main}
CRITICAL - 2023-09-24 01:34:51 --> Unable to connect to the database.
Main connection [Postgre]: pg_pconnect(): Unable to connect to PostgreSQL server: FATAL:  too many connections for role &quot;khohrezb&quot;
in SYSTEMPATH\Database\BaseConnection.php on line 427.
 1 SYSTEMPATH\Database\BaseConnection.php(574): CodeIgniter\Database\BaseConnection->initialize()
 2 APPPATH\Models\Mural_Model.php(108): CodeIgniter\Database\BaseConnection->query('
            SELECT
                mur.*,
                ARRAY_AGG(DISTINCT txt.*) AS txts,
                ARRAY_AGG(DISTINCT vid.*) AS videos,
                ARRAY_AGG(DISTINCT img.*) AS imagenes,
                ARRAY_AGG(DISTINCT pdfs.*) AS pdfs
            FROM
                mural AS mur
            LEFT JOIN
                txt ON mur.id_mural = txt.id_mural
            LEFT JOIN
                videos AS vid ON mur.id_mural = vid.id_mural
            LEFT JOIN
                imagenes AS img ON mur.id_mural = img.id_mural
            LEFT JOIN
                pdfs ON mur.id_mural = pdfs.id_mural
            WHERE
                mur.id_mural = ?
            GROUP BY
                mur.id_mural
        ', [...])
 3 APPPATH\Controllers\MuralController.php(274): App\Models\Mural_Model->getMuralbyId('693609dd-41e2-4094-b9ec-7ab86eefa8fb')
 4 SYSTEMPATH\CodeIgniter.php(934): App\Controllers\MuralController->getMuralbyId()
 5 SYSTEMPATH\CodeIgniter.php(499): CodeIgniter\CodeIgniter->runController(Object(App\Controllers\MuralController))
 6 SYSTEMPATH\CodeIgniter.php(368): CodeIgniter\CodeIgniter->handleRequest(null, Object(Config\Cache), false)
 7 FCPATH\index.php(67): CodeIgniter\CodeIgniter->run()
ERROR - 2023-09-24 01:34:59 --> Error connecting to the database: ErrorException: pg_pconnect(): Unable to connect to PostgreSQL server: FATAL:  too many connections for role &quot;khohrezb&quot; in C:\wamp64\www\codeigniter4-framework-5d3d4b2\system\Database\Postgre\Connection.php:75
Stack trace:
#0 [internal function]: CodeIgniter\Debug\Exceptions->errorHandler(2, 'pg_pconnect(): ...', 'C:\\wamp64\\www\\c...', 75)
#1 C:\wamp64\www\codeigniter4-framework-5d3d4b2\system\Database\Postgre\Connection.php(75): pg_pconnect('host=silly.db.e...')
#2 C:\wamp64\www\codeigniter4-framework-5d3d4b2\system\Database\BaseConnection.php(391): CodeIgniter\Database\Postgre\Connection->connect(true)
#3 C:\wamp64\www\codeigniter4-framework-5d3d4b2\system\Database\BaseConnection.php(574): CodeIgniter\Database\BaseConnection->initialize()
#4 C:\wamp64\www\codeigniter4-framework-5d3d4b2\app\Models\Mural_Model.php(108): CodeIgniter\Database\BaseConnection->query('\r\n            S...', Array)
#5 C:\wamp64\www\codeigniter4-framework-5d3d4b2\app\Controllers\MuralController.php(274): App\Models\Mural_Model->getMuralbyId('693609dd-41e2-4...')
#6 C:\wamp64\www\codeigniter4-framework-5d3d4b2\system\CodeIgniter.php(934): App\Controllers\MuralController->getMuralbyId()
#7 C:\wamp64\www\codeigniter4-framework-5d3d4b2\system\CodeIgniter.php(499): CodeIgniter\CodeIgniter->runController(Object(App\Controllers\MuralController))
#8 C:\wamp64\www\codeigniter4-framework-5d3d4b2\system\CodeIgniter.php(368): CodeIgniter\CodeIgniter->handleRequest(NULL, Object(Config\Cache), false)
#9 C:\wamp64\www\codeigniter4-framework-5d3d4b2\index.php(67): CodeIgniter\CodeIgniter->run()
#10 {main}
CRITICAL - 2023-09-24 01:34:59 --> Unable to connect to the database.
Main connection [Postgre]: pg_pconnect(): Unable to connect to PostgreSQL server: FATAL:  too many connections for role &quot;khohrezb&quot;
in SYSTEMPATH\Database\BaseConnection.php on line 427.
 1 SYSTEMPATH\Database\BaseConnection.php(574): CodeIgniter\Database\BaseConnection->initialize()
 2 APPPATH\Models\Mural_Model.php(108): CodeIgniter\Database\BaseConnection->query('
            SELECT
                mur.*,
                ARRAY_AGG(DISTINCT txt.*) AS txts,
                ARRAY_AGG(DISTINCT vid.*) AS videos,
                ARRAY_AGG(DISTINCT img.*) AS imagenes,
                ARRAY_AGG(DISTINCT pdfs.*) AS pdfs
            FROM
                mural AS mur
            LEFT JOIN
                txt ON mur.id_mural = txt.id_mural
            LEFT JOIN
                videos AS vid ON mur.id_mural = vid.id_mural
            LEFT JOIN
                imagenes AS img ON mur.id_mural = img.id_mural
            LEFT JOIN
                pdfs ON mur.id_mural = pdfs.id_mural
            WHERE
                mur.id_mural = ?
            GROUP BY
                mur.id_mural
        ', [...])
 3 APPPATH\Controllers\MuralController.php(274): App\Models\Mural_Model->getMuralbyId('693609dd-41e2-4094-b9ec-7ab86eefa8fb')
 4 SYSTEMPATH\CodeIgniter.php(934): App\Controllers\MuralController->getMuralbyId()
 5 SYSTEMPATH\CodeIgniter.php(499): CodeIgniter\CodeIgniter->runController(Object(App\Controllers\MuralController))
 6 SYSTEMPATH\CodeIgniter.php(368): CodeIgniter\CodeIgniter->handleRequest(null, Object(Config\Cache), false)
 7 FCPATH\index.php(67): CodeIgniter\CodeIgniter->run()
