CRITICAL - 2023-06-01 04:59:49 --> Class "CodeIgniter\Database\pgsql\Connection" not found
in SYSTEMPATH\Database\Database.php on line 139.
 1 SYSTEMPATH\Database\Database.php(56): CodeIgniter\Database\Database->initDriver('pgsql', 'CodeIgniter\\Database\\pgsql\\Connection', [...])
 2 SYSTEMPATH\Database\Config.php(82): CodeIgniter\Database\Database->load([...], 'default')
 3 SYSTEMPATH\Common.php(362): CodeIgniter\Database\Config::connect('default', true)
 4 SYSTEMPATH\Database\MigrationRunner.php(151): db_connect(null)
 5 SYSTEMPATH\Config\Services.php(411): CodeIgniter\Database\MigrationRunner->__construct(null, null)
 6 SYSTEMPATH\Config\BaseService.php(252): CodeIgniter\Config\Services::migrations(Object(Config\Migrations), null, false)
 7 SYSTEMPATH\Config\BaseService.php(193): CodeIgniter\Config\BaseService::__callStatic('migrations', [...])
 8 SYSTEMPATH\Config\Services.php(406): CodeIgniter\Config\BaseService::getSharedInstance('migrations', null, null)
 9 SYSTEMPATH\Config\BaseService.php(252): CodeIgniter\Config\Services::migrations()
10 SYSTEMPATH\Commands\Database\Migrate.php(69): CodeIgniter\Config\BaseService::__callStatic('migrations', [])
11 SYSTEMPATH\CLI\Commands.php(65): CodeIgniter\Commands\Database\Migrate->run([])
12 SYSTEMPATH\CLI\Console.php(37): CodeIgniter\CLI\Commands->run('migrate', [])
13 ROOTPATH\spark(97): CodeIgniter\CLI\Console->run()
ERROR - 2023-06-01 05:05:00 --> Error connecting to the database: Error: Call to undefined function CodeIgniter\Database\Postgre\pg_pconnect() in C:\wamp64\www\codeigniter4-framework-5d3d4b2\system\Database\Postgre\Connection.php:75
Stack trace:
#0 C:\wamp64\www\codeigniter4-framework-5d3d4b2\system\Database\BaseConnection.php(391): CodeIgniter\Database\Postgre\Connection->connect(true)
#1 C:\wamp64\www\codeigniter4-framework-5d3d4b2\system\Database\BaseConnection.php(574): CodeIgniter\Database\BaseConnection->initialize()
#2 C:\wamp64\www\codeigniter4-framework-5d3d4b2\system\Database\BaseConnection.php(1409): CodeIgniter\Database\BaseConnection->query('SELECT "table_n...')
#3 C:\wamp64\www\codeigniter4-framework-5d3d4b2\system\Database\BaseConnection.php(1428): CodeIgniter\Database\BaseConnection->listTables()
#4 C:\wamp64\www\codeigniter4-framework-5d3d4b2\system\Database\MigrationRunner.php(768): CodeIgniter\Database\BaseConnection->tableExists('migrations')
#5 C:\wamp64\www\codeigniter4-framework-5d3d4b2\system\Database\MigrationRunner.php(168): CodeIgniter\Database\MigrationRunner->ensureTable()
#6 C:\wamp64\www\codeigniter4-framework-5d3d4b2\system\Commands\Database\Migrate.php(84): CodeIgniter\Database\MigrationRunner->latest(NULL)
#7 C:\wamp64\www\codeigniter4-framework-5d3d4b2\system\CLI\Commands.php(65): CodeIgniter\Commands\Database\Migrate->run(Array)
#8 C:\wamp64\www\codeigniter4-framework-5d3d4b2\system\CLI\Console.php(37): CodeIgniter\CLI\Commands->run('migrate', Array)
#9 C:\wamp64\www\codeigniter4-framework-5d3d4b2\spark(97): CodeIgniter\CLI\Console->run()
#10 {main}
ERROR - 2023-06-01 07:10:39 --> Error connecting to the database: Error: Call to undefined function CodeIgniter\Database\Postgre\pg_pconnect() in C:\wamp64\www\codeigniter4-framework-5d3d4b2\system\Database\Postgre\Connection.php:75
Stack trace:
#0 C:\wamp64\www\codeigniter4-framework-5d3d4b2\system\Database\BaseConnection.php(391): CodeIgniter\Database\Postgre\Connection->connect(true)
#1 C:\wamp64\www\codeigniter4-framework-5d3d4b2\system\Database\BaseConnection.php(574): CodeIgniter\Database\BaseConnection->initialize()
#2 C:\wamp64\www\codeigniter4-framework-5d3d4b2\system\Database\BaseConnection.php(1409): CodeIgniter\Database\BaseConnection->query('SELECT "table_n...')
#3 C:\wamp64\www\codeigniter4-framework-5d3d4b2\system\Database\BaseConnection.php(1428): CodeIgniter\Database\BaseConnection->listTables()
#4 C:\wamp64\www\codeigniter4-framework-5d3d4b2\system\Database\MigrationRunner.php(768): CodeIgniter\Database\BaseConnection->tableExists('migrations')
#5 C:\wamp64\www\codeigniter4-framework-5d3d4b2\system\Database\MigrationRunner.php(168): CodeIgniter\Database\MigrationRunner->ensureTable()
#6 C:\wamp64\www\codeigniter4-framework-5d3d4b2\system\Commands\Database\Migrate.php(84): CodeIgniter\Database\MigrationRunner->latest(NULL)
#7 C:\wamp64\www\codeigniter4-framework-5d3d4b2\system\CLI\Commands.php(65): CodeIgniter\Commands\Database\Migrate->run(Array)
#8 C:\wamp64\www\codeigniter4-framework-5d3d4b2\system\CLI\Console.php(37): CodeIgniter\CLI\Commands->run('migrate', Array)
#9 C:\wamp64\www\codeigniter4-framework-5d3d4b2\spark(97): CodeIgniter\CLI\Console->run()
#10 {main}
CRITICAL - 2023-06-01 08:29:42 --> Class "CodeIgniter\Database\pgsql\Connection" not found
in SYSTEMPATH\Database\Database.php on line 139.
 1 SYSTEMPATH\Database\Database.php(56): CodeIgniter\Database\Database->initDriver('pgsql', 'CodeIgniter\\Database\\pgsql\\Connection', [...])
 2 SYSTEMPATH\Database\Config.php(82): CodeIgniter\Database\Database->load([...], 'default')
 3 SYSTEMPATH\Common.php(362): CodeIgniter\Database\Config::connect('default', true)
 4 SYSTEMPATH\Database\MigrationRunner.php(151): db_connect(null)
 5 SYSTEMPATH\Config\Services.php(411): CodeIgniter\Database\MigrationRunner->__construct(null, null)
 6 SYSTEMPATH\Config\BaseService.php(252): CodeIgniter\Config\Services::migrations(Object(Config\Migrations), null, false)
 7 SYSTEMPATH\Config\BaseService.php(193): CodeIgniter\Config\BaseService::__callStatic('migrations', [...])
 8 SYSTEMPATH\Config\Services.php(406): CodeIgniter\Config\BaseService::getSharedInstance('migrations', null, null)
 9 SYSTEMPATH\Config\BaseService.php(252): CodeIgniter\Config\Services::migrations()
10 SYSTEMPATH\Commands\Database\Migrate.php(69): CodeIgniter\Config\BaseService::__callStatic('migrations', [])
11 SYSTEMPATH\CLI\Commands.php(65): CodeIgniter\Commands\Database\Migrate->run([])
12 SYSTEMPATH\CLI\Console.php(37): CodeIgniter\CLI\Commands->run('migrate', [])
13 ROOTPATH\spark(97): CodeIgniter\CLI\Console->run()
ERROR - 2023-06-01 08:29:58 --> Error connecting to the database: Error: Call to undefined function CodeIgniter\Database\Postgre\pg_pconnect() in C:\wamp64\www\codeigniter4-framework-5d3d4b2\system\Database\Postgre\Connection.php:75
Stack trace:
#0 C:\wamp64\www\codeigniter4-framework-5d3d4b2\system\Database\BaseConnection.php(391): CodeIgniter\Database\Postgre\Connection->connect(true)
#1 C:\wamp64\www\codeigniter4-framework-5d3d4b2\system\Database\BaseConnection.php(574): CodeIgniter\Database\BaseConnection->initialize()
#2 C:\wamp64\www\codeigniter4-framework-5d3d4b2\system\Database\BaseConnection.php(1409): CodeIgniter\Database\BaseConnection->query('SELECT "table_n...')
#3 C:\wamp64\www\codeigniter4-framework-5d3d4b2\system\Database\BaseConnection.php(1428): CodeIgniter\Database\BaseConnection->listTables()
#4 C:\wamp64\www\codeigniter4-framework-5d3d4b2\system\Database\MigrationRunner.php(768): CodeIgniter\Database\BaseConnection->tableExists('migrations')
#5 C:\wamp64\www\codeigniter4-framework-5d3d4b2\system\Database\MigrationRunner.php(168): CodeIgniter\Database\MigrationRunner->ensureTable()
#6 C:\wamp64\www\codeigniter4-framework-5d3d4b2\system\Commands\Database\Migrate.php(84): CodeIgniter\Database\MigrationRunner->latest(NULL)
#7 C:\wamp64\www\codeigniter4-framework-5d3d4b2\system\CLI\Commands.php(65): CodeIgniter\Commands\Database\Migrate->run(Array)
#8 C:\wamp64\www\codeigniter4-framework-5d3d4b2\system\CLI\Console.php(37): CodeIgniter\CLI\Commands->run('migrate', Array)
#9 C:\wamp64\www\codeigniter4-framework-5d3d4b2\spark(97): CodeIgniter\CLI\Console->run()
#10 {main}
ERROR - 2023-06-01 08:30:43 --> Error connecting to the database: Error: Call to undefined function CodeIgniter\Database\Postgre\pg_pconnect() in C:\wamp64\www\codeigniter4-framework-5d3d4b2\system\Database\Postgre\Connection.php:75
Stack trace:
#0 C:\wamp64\www\codeigniter4-framework-5d3d4b2\system\Database\BaseConnection.php(391): CodeIgniter\Database\Postgre\Connection->connect(true)
#1 C:\wamp64\www\codeigniter4-framework-5d3d4b2\system\Database\BaseConnection.php(574): CodeIgniter\Database\BaseConnection->initialize()
#2 C:\wamp64\www\codeigniter4-framework-5d3d4b2\system\Database\BaseConnection.php(1409): CodeIgniter\Database\BaseConnection->query('SELECT "table_n...')
#3 C:\wamp64\www\codeigniter4-framework-5d3d4b2\system\Database\BaseConnection.php(1428): CodeIgniter\Database\BaseConnection->listTables()
#4 C:\wamp64\www\codeigniter4-framework-5d3d4b2\system\Database\MigrationRunner.php(768): CodeIgniter\Database\BaseConnection->tableExists('migrations')
#5 C:\wamp64\www\codeigniter4-framework-5d3d4b2\system\Database\MigrationRunner.php(168): CodeIgniter\Database\MigrationRunner->ensureTable()
#6 C:\wamp64\www\codeigniter4-framework-5d3d4b2\system\Commands\Database\Migrate.php(84): CodeIgniter\Database\MigrationRunner->latest(NULL)
#7 C:\wamp64\www\codeigniter4-framework-5d3d4b2\system\CLI\Commands.php(65): CodeIgniter\Commands\Database\Migrate->run(Array)
#8 C:\wamp64\www\codeigniter4-framework-5d3d4b2\system\CLI\Console.php(37): CodeIgniter\CLI\Commands->run('migrate', Array)
#9 C:\wamp64\www\codeigniter4-framework-5d3d4b2\spark(97): CodeIgniter\CLI\Console->run()
#10 {main}
ERROR - 2023-06-01 08:31:38 --> Error connecting to the database: Error: Call to undefined function CodeIgniter\Database\Postgre\pg_connect() in C:\wamp64\www\codeigniter4-framework-5d3d4b2\system\Database\Postgre\Connection.php:75
Stack trace:
#0 C:\wamp64\www\codeigniter4-framework-5d3d4b2\system\Database\BaseConnection.php(391): CodeIgniter\Database\Postgre\Connection->connect(false)
#1 C:\wamp64\www\codeigniter4-framework-5d3d4b2\system\Database\BaseConnection.php(574): CodeIgniter\Database\BaseConnection->initialize()
#2 C:\wamp64\www\codeigniter4-framework-5d3d4b2\system\Database\BaseConnection.php(1409): CodeIgniter\Database\BaseConnection->query('SELECT "table_n...')
#3 C:\wamp64\www\codeigniter4-framework-5d3d4b2\system\Database\BaseConnection.php(1428): CodeIgniter\Database\BaseConnection->listTables()
#4 C:\wamp64\www\codeigniter4-framework-5d3d4b2\system\Database\MigrationRunner.php(768): CodeIgniter\Database\BaseConnection->tableExists('migrations')
#5 C:\wamp64\www\codeigniter4-framework-5d3d4b2\system\Database\MigrationRunner.php(168): CodeIgniter\Database\MigrationRunner->ensureTable()
#6 C:\wamp64\www\codeigniter4-framework-5d3d4b2\system\Commands\Database\Migrate.php(84): CodeIgniter\Database\MigrationRunner->latest(NULL)
#7 C:\wamp64\www\codeigniter4-framework-5d3d4b2\system\CLI\Commands.php(65): CodeIgniter\Commands\Database\Migrate->run(Array)
#8 C:\wamp64\www\codeigniter4-framework-5d3d4b2\system\CLI\Console.php(37): CodeIgniter\CLI\Commands->run('migrate', Array)
#9 C:\wamp64\www\codeigniter4-framework-5d3d4b2\spark(97): CodeIgniter\CLI\Console->run()
#10 {main}
ERROR - 2023-06-01 08:31:49 --> Error connecting to the database: Error: Call to undefined function CodeIgniter\Database\Postgre\pg_pconnect() in C:\wamp64\www\codeigniter4-framework-5d3d4b2\system\Database\Postgre\Connection.php:75
Stack trace:
#0 C:\wamp64\www\codeigniter4-framework-5d3d4b2\system\Database\BaseConnection.php(391): CodeIgniter\Database\Postgre\Connection->connect(true)
#1 C:\wamp64\www\codeigniter4-framework-5d3d4b2\system\Database\BaseConnection.php(574): CodeIgniter\Database\BaseConnection->initialize()
#2 C:\wamp64\www\codeigniter4-framework-5d3d4b2\system\Database\BaseConnection.php(1409): CodeIgniter\Database\BaseConnection->query('SELECT "table_n...')
#3 C:\wamp64\www\codeigniter4-framework-5d3d4b2\system\Database\BaseConnection.php(1428): CodeIgniter\Database\BaseConnection->listTables()
#4 C:\wamp64\www\codeigniter4-framework-5d3d4b2\system\Database\MigrationRunner.php(768): CodeIgniter\Database\BaseConnection->tableExists('migrations')
#5 C:\wamp64\www\codeigniter4-framework-5d3d4b2\system\Database\MigrationRunner.php(168): CodeIgniter\Database\MigrationRunner->ensureTable()
#6 C:\wamp64\www\codeigniter4-framework-5d3d4b2\system\Commands\Database\Migrate.php(84): CodeIgniter\Database\MigrationRunner->latest(NULL)
#7 C:\wamp64\www\codeigniter4-framework-5d3d4b2\system\CLI\Commands.php(65): CodeIgniter\Commands\Database\Migrate->run(Array)
#8 C:\wamp64\www\codeigniter4-framework-5d3d4b2\system\CLI\Console.php(37): CodeIgniter\CLI\Commands->run('migrate', Array)
#9 C:\wamp64\www\codeigniter4-framework-5d3d4b2\spark(97): CodeIgniter\CLI\Console->run()
#10 {main}
ERROR - 2023-06-01 08:31:51 --> Error connecting to the database: Error: Call to undefined function CodeIgniter\Database\Postgre\pg_pconnect() in C:\wamp64\www\codeigniter4-framework-5d3d4b2\system\Database\Postgre\Connection.php:75
Stack trace:
#0 C:\wamp64\www\codeigniter4-framework-5d3d4b2\system\Database\BaseConnection.php(391): CodeIgniter\Database\Postgre\Connection->connect(true)
#1 C:\wamp64\www\codeigniter4-framework-5d3d4b2\system\Database\BaseConnection.php(574): CodeIgniter\Database\BaseConnection->initialize()
#2 C:\wamp64\www\codeigniter4-framework-5d3d4b2\system\Database\BaseConnection.php(1409): CodeIgniter\Database\BaseConnection->query('SELECT "table_n...')
#3 C:\wamp64\www\codeigniter4-framework-5d3d4b2\system\Database\BaseConnection.php(1428): CodeIgniter\Database\BaseConnection->listTables()
#4 C:\wamp64\www\codeigniter4-framework-5d3d4b2\system\Database\MigrationRunner.php(768): CodeIgniter\Database\BaseConnection->tableExists('migrations')
#5 C:\wamp64\www\codeigniter4-framework-5d3d4b2\system\Database\MigrationRunner.php(168): CodeIgniter\Database\MigrationRunner->ensureTable()
#6 C:\wamp64\www\codeigniter4-framework-5d3d4b2\system\Commands\Database\Migrate.php(84): CodeIgniter\Database\MigrationRunner->latest(NULL)
#7 C:\wamp64\www\codeigniter4-framework-5d3d4b2\system\CLI\Commands.php(65): CodeIgniter\Commands\Database\Migrate->run(Array)
#8 C:\wamp64\www\codeigniter4-framework-5d3d4b2\system\CLI\Console.php(37): CodeIgniter\CLI\Commands->run('migrate', Array)
#9 C:\wamp64\www\codeigniter4-framework-5d3d4b2\spark(97): CodeIgniter\CLI\Console->run()
#10 {main}
ERROR - 2023-06-01 08:31:52 --> Error connecting to the database: Error: Call to undefined function CodeIgniter\Database\Postgre\pg_pconnect() in C:\wamp64\www\codeigniter4-framework-5d3d4b2\system\Database\Postgre\Connection.php:75
Stack trace:
#0 C:\wamp64\www\codeigniter4-framework-5d3d4b2\system\Database\BaseConnection.php(391): CodeIgniter\Database\Postgre\Connection->connect(true)
#1 C:\wamp64\www\codeigniter4-framework-5d3d4b2\system\Database\BaseConnection.php(574): CodeIgniter\Database\BaseConnection->initialize()
#2 C:\wamp64\www\codeigniter4-framework-5d3d4b2\system\Database\BaseConnection.php(1409): CodeIgniter\Database\BaseConnection->query('SELECT "table_n...')
#3 C:\wamp64\www\codeigniter4-framework-5d3d4b2\system\Database\BaseConnection.php(1428): CodeIgniter\Database\BaseConnection->listTables()
#4 C:\wamp64\www\codeigniter4-framework-5d3d4b2\system\Database\MigrationRunner.php(768): CodeIgniter\Database\BaseConnection->tableExists('migrations')
#5 C:\wamp64\www\codeigniter4-framework-5d3d4b2\system\Database\MigrationRunner.php(168): CodeIgniter\Database\MigrationRunner->ensureTable()
#6 C:\wamp64\www\codeigniter4-framework-5d3d4b2\system\Commands\Database\Migrate.php(84): CodeIgniter\Database\MigrationRunner->latest(NULL)
#7 C:\wamp64\www\codeigniter4-framework-5d3d4b2\system\CLI\Commands.php(65): CodeIgniter\Commands\Database\Migrate->run(Array)
#8 C:\wamp64\www\codeigniter4-framework-5d3d4b2\system\CLI\Console.php(37): CodeIgniter\CLI\Commands->run('migrate', Array)
#9 C:\wamp64\www\codeigniter4-framework-5d3d4b2\spark(97): CodeIgniter\CLI\Console->run()
#10 {main}
