ERROR - 2023-09-11 03:21:13 --> Error connecting to the database: ErrorException: pg_pconnect(): Unable to connect to PostgreSQL server: FATAL:  too many connections for role &quot;khohrezb&quot; in C:\wamp64\www\codeigniter4-framework-5d3d4b2\system\Database\Postgre\Connection.php:75
Stack trace:
#0 [internal function]: CodeIgniter\Debug\Exceptions->errorHandler(2, 'pg_pconnect(): ...', 'C:\\wamp64\\www\\c...', 75)
#1 C:\wamp64\www\codeigniter4-framework-5d3d4b2\system\Database\Postgre\Connection.php(75): pg_pconnect('host=silly.db.e...')
#2 C:\wamp64\www\codeigniter4-framework-5d3d4b2\system\Database\BaseConnection.php(391): CodeIgniter\Database\Postgre\Connection->connect(true)
#3 C:\wamp64\www\codeigniter4-framework-5d3d4b2\system\Database\BaseConnection.php(574): CodeIgniter\Database\BaseConnection->initialize()
#4 C:\wamp64\www\codeigniter4-framework-5d3d4b2\system\Database\BaseBuilder.php(2309): CodeIgniter\Database\BaseConnection->query('INSERT INTO "us...', Array, false)
#5 C:\wamp64\www\codeigniter4-framework-5d3d4b2\app\Models\user_model.php(24): CodeIgniter\Database\BaseBuilder->insert(Object(stdClass))
#6 C:\wamp64\www\codeigniter4-framework-5d3d4b2\app\Controllers\UserController.php(27): App\Models\user_model->insertUser(Object(stdClass))
#7 C:\wamp64\www\codeigniter4-framework-5d3d4b2\system\CodeIgniter.php(934): App\Controllers\UserController->insertUser()
#8 C:\wamp64\www\codeigniter4-framework-5d3d4b2\system\CodeIgniter.php(499): CodeIgniter\CodeIgniter->runController(Object(App\Controllers\UserController))
#9 C:\wamp64\www\codeigniter4-framework-5d3d4b2\system\CodeIgniter.php(368): CodeIgniter\CodeIgniter->handleRequest(NULL, Object(Config\Cache), false)
#10 C:\wamp64\www\codeigniter4-framework-5d3d4b2\index.php(67): CodeIgniter\CodeIgniter->run()
#11 {main}
CRITICAL - 2023-09-11 03:21:13 --> Unable to connect to the database.
Main connection [Postgre]: pg_pconnect(): Unable to connect to PostgreSQL server: FATAL:  too many connections for role &quot;khohrezb&quot;
in SYSTEMPATH\Database\BaseConnection.php on line 427.
 1 SYSTEMPATH\Database\BaseConnection.php(574): CodeIgniter\Database\BaseConnection->initialize()
 2 SYSTEMPATH\Database\BaseBuilder.php(2309): CodeIgniter\Database\BaseConnection->query('INSERT INTO "usuario" ("nombre", "apellido_p", "apellido_m", "correo", "id_rol", "contrasenia") VALUES (:nombre:, :apellido_p:, :apellido_m:, :correo:, :id_rol:, :contrasenia:)', [...], false)
 3 APPPATH\Models\user_model.php(24): CodeIgniter\Database\BaseBuilder->insert(Object(stdClass))
 4 APPPATH\Controllers\UserController.php(27): App\Models\user_model->insertUser(Object(stdClass))
 5 SYSTEMPATH\CodeIgniter.php(934): App\Controllers\UserController->insertUser()
 6 SYSTEMPATH\CodeIgniter.php(499): CodeIgniter\CodeIgniter->runController(Object(App\Controllers\UserController))
 7 SYSTEMPATH\CodeIgniter.php(368): CodeIgniter\CodeIgniter->handleRequest(null, Object(Config\Cache), false)
 8 FCPATH\index.php(67): CodeIgniter\CodeIgniter->run()
