CRITICAL - 2023-09-15 21:37:24 --> Undefined array key 18
in APPPATH\Controllers\MuralController.php on line 372.
 1 APPPATH\Controllers\MuralController.php(372): CodeIgniter\Debug\Exceptions->errorHandler(2, 'Undefined array key 18', 'C:\\wamp64\\www\\codeigniter4-framework-5d3d4b2\\app\\Controllers\\MuralController.php', 372)
 2 SYSTEMPATH\CodeIgniter.php(934): App\Controllers\MuralController->getMuralbyId()
 3 SYSTEMPATH\CodeIgniter.php(499): CodeIgniter\CodeIgniter->runController(Object(App\Controllers\MuralController))
 4 SYSTEMPATH\CodeIgniter.php(368): CodeIgniter\CodeIgniter->handleRequest(null, Object(Config\Cache), false)
 5 FCPATH\index.php(67): CodeIgniter\CodeIgniter->run()
CRITICAL - 2023-09-15 21:38:09 --> Undefined array key 11
in APPPATH\Controllers\MuralController.php on line 291.
 1 APPPATH\Controllers\MuralController.php(291): CodeIgniter\Debug\Exceptions->errorHandler(2, 'Undefined array key 11', 'C:\\wamp64\\www\\codeigniter4-framework-5d3d4b2\\app\\Controllers\\MuralController.php', 291)
 2 SYSTEMPATH\CodeIgniter.php(934): App\Controllers\MuralController->getMuralbyId()
 3 SYSTEMPATH\CodeIgniter.php(499): CodeIgniter\CodeIgniter->runController(Object(App\Controllers\MuralController))
 4 SYSTEMPATH\CodeIgniter.php(368): CodeIgniter\CodeIgniter->handleRequest(null, Object(Config\Cache), false)
 5 FCPATH\index.php(67): CodeIgniter\CodeIgniter->run()
CRITICAL - 2023-09-15 21:48:22 --> Cannot use object of type stdClass as array
in APPPATH\Controllers\MuralController.php on line 1064.
 1 SYSTEMPATH\CodeIgniter.php(934): App\Controllers\MuralController->getMuralEdit()
 2 SYSTEMPATH\CodeIgniter.php(499): CodeIgniter\CodeIgniter->runController(Object(App\Controllers\MuralController))
 3 SYSTEMPATH\CodeIgniter.php(368): CodeIgniter\CodeIgniter->handleRequest(null, Object(Config\Cache), false)
 4 FCPATH\index.php(67): CodeIgniter\CodeIgniter->run()
CRITICAL - 2023-09-15 21:51:09 --> Cannot use object of type stdClass as array
in APPPATH\Controllers\MuralController.php on line 1064.
 1 SYSTEMPATH\CodeIgniter.php(934): App\Controllers\MuralController->getMuralEdit()
 2 SYSTEMPATH\CodeIgniter.php(499): CodeIgniter\CodeIgniter->runController(Object(App\Controllers\MuralController))
 3 SYSTEMPATH\CodeIgniter.php(368): CodeIgniter\CodeIgniter->handleRequest(null, Object(Config\Cache), false)
 4 FCPATH\index.php(67): CodeIgniter\CodeIgniter->run()
CRITICAL - 2023-09-15 22:14:46 --> Cannot use object of type stdClass as array
in APPPATH\Controllers\MuralController.php on line 275.
 1 SYSTEMPATH\CodeIgniter.php(934): App\Controllers\MuralController->getMuralbyId()
 2 SYSTEMPATH\CodeIgniter.php(499): CodeIgniter\CodeIgniter->runController(Object(App\Controllers\MuralController))
 3 SYSTEMPATH\CodeIgniter.php(368): CodeIgniter\CodeIgniter->handleRequest(null, Object(Config\Cache), false)
 4 FCPATH\index.php(67): CodeIgniter\CodeIgniter->run()
CRITICAL - 2023-09-15 22:15:40 --> Undefined array key 20
in APPPATH\Controllers\MuralController.php on line 372.
 1 APPPATH\Controllers\MuralController.php(372): CodeIgniter\Debug\Exceptions->errorHandler(2, 'Undefined array key 20', 'C:\\wamp64\\www\\codeigniter4-framework-5d3d4b2\\app\\Controllers\\MuralController.php', 372)
 2 SYSTEMPATH\CodeIgniter.php(934): App\Controllers\MuralController->getMuralbyId()
 3 SYSTEMPATH\CodeIgniter.php(499): CodeIgniter\CodeIgniter->runController(Object(App\Controllers\MuralController))
 4 SYSTEMPATH\CodeIgniter.php(368): CodeIgniter\CodeIgniter->handleRequest(null, Object(Config\Cache), false)
 5 FCPATH\index.php(67): CodeIgniter\CodeIgniter->run()
