ERROR - 2023-08-05 23:59:35 --> Error connecting to the database: Error: Call to undefined function CodeIgniter\Database\Postgre\pg_pconnect() in C:\wamp64\www\codeigniter4-framework-5d3d4b2\system\Database\Postgre\Connection.php:75
Stack trace:
#0 C:\wamp64\www\codeigniter4-framework-5d3d4b2\system\Database\BaseConnection.php(391): CodeIgniter\Database\Postgre\Connection->connect(true)
#1 C:\wamp64\www\codeigniter4-framework-5d3d4b2\system\Database\BaseConnection.php(574): CodeIgniter\Database\BaseConnection->initialize()
#2 C:\wamp64\www\codeigniter4-framework-5d3d4b2\system\Database\BaseBuilder.php(1616): CodeIgniter\Database\BaseConnection->query('SELECT "usuario...', Array, false)
#3 C:\wamp64\www\codeigniter4-framework-5d3d4b2\system\Model.php(268): CodeIgniter\Database\BaseBuilder->get()
#4 C:\wamp64\www\codeigniter4-framework-5d3d4b2\system\BaseModel.php(656): CodeIgniter\Model->doFirst()
#5 C:\wamp64\www\codeigniter4-framework-5d3d4b2\app\Models\user_model.php(17): CodeIgniter\BaseModel->first()
#6 C:\wamp64\www\codeigniter4-framework-5d3d4b2\app\Controllers\loggin.php(26): App\Models\user_model->getUserByEmail('brylo1@outlook....')
#7 C:\wamp64\www\codeigniter4-framework-5d3d4b2\system\CodeIgniter.php(934): App\Controllers\loggin->loginOn()
#8 C:\wamp64\www\codeigniter4-framework-5d3d4b2\system\CodeIgniter.php(499): CodeIgniter\CodeIgniter->runController(Object(App\Controllers\loggin))
#9 C:\wamp64\www\codeigniter4-framework-5d3d4b2\system\CodeIgniter.php(368): CodeIgniter\CodeIgniter->handleRequest(NULL, Object(Config\Cache), false)
#10 C:\wamp64\www\codeigniter4-framework-5d3d4b2\index.php(67): CodeIgniter\CodeIgniter->run()
#11 {main}
CRITICAL - 2023-08-05 23:59:36 --> Unable to connect to the database.
Main connection [Postgre]: Call to undefined function CodeIgniter\Database\Postgre\pg_pconnect()
in SYSTEMPATH\Database\BaseConnection.php on line 427.
 1 SYSTEMPATH\Database\BaseConnection.php(574): CodeIgniter\Database\BaseConnection->initialize()
 2 SYSTEMPATH\Database\BaseBuilder.php(1616): CodeIgniter\Database\BaseConnection->query('SELECT "usuario".*, "rol"."perfil" as "perfil"
FROM "usuario"
INNER JOIN "rol" ON "rol"."id_rol" = "usuario"."id_rol"
WHERE "email" = :email:
 LIMIT 1', [...], false)
 3 SYSTEMPATH\Model.php(268): CodeIgniter\Database\BaseBuilder->get()
 4 SYSTEMPATH\BaseModel.php(656): CodeIgniter\Model->doFirst()
 5 APPPATH\Models\user_model.php(17): CodeIgniter\BaseModel->first()
 6 APPPATH\Controllers\loggin.php(26): App\Models\user_model->getUserByEmail('brylo1@outlook.com')
 7 SYSTEMPATH\CodeIgniter.php(934): App\Controllers\loggin->loginOn()
 8 SYSTEMPATH\CodeIgniter.php(499): CodeIgniter\CodeIgniter->runController(Object(App\Controllers\loggin))
 9 SYSTEMPATH\CodeIgniter.php(368): CodeIgniter\CodeIgniter->handleRequest(null, Object(Config\Cache), false)
10 FCPATH\index.php(67): CodeIgniter\CodeIgniter->run()
