ERROR - 2023-07-26 02:02:27 --> ErrorException: pg_query(): Query failed: ERROR:  lastval no está definido en esta sesión in C:\wamp64\www\codeigniter4-framework-5d3d4b2\system\Database\Postgre\Connection.php:147
Stack trace:
#0 [internal function]: CodeIgniter\Debug\Exceptions->errorHandler(2, 'pg_query(): Que...', 'C:\\wamp64\\www\\c...', 147)
#1 C:\wamp64\www\codeigniter4-framework-5d3d4b2\system\Database\Postgre\Connection.php(147): pg_query(Resource id #11, 'SELECT LASTVAL(...')
#2 C:\wamp64\www\codeigniter4-framework-5d3d4b2\system\Database\BaseConnection.php(692): CodeIgniter\Database\Postgre\Connection->execute('SELECT LASTVAL(...')
#3 C:\wamp64\www\codeigniter4-framework-5d3d4b2\system\Database\BaseConnection.php(606): CodeIgniter\Database\BaseConnection->simpleQuery('SELECT LASTVAL(...')
#4 C:\wamp64\www\codeigniter4-framework-5d3d4b2\system\Database\Postgre\Connection.php(440): CodeIgniter\Database\BaseConnection->query('SELECT LASTVAL(...')
#5 C:\wamp64\www\codeigniter4-framework-5d3d4b2\system\Model.php(335): CodeIgniter\Database\Postgre\Connection->insertID()
#6 C:\wamp64\www\codeigniter4-framework-5d3d4b2\system\BaseModel.php(782): CodeIgniter\Model->doInsert(Array)
#7 C:\wamp64\www\codeigniter4-framework-5d3d4b2\system\Model.php(730): CodeIgniter\BaseModel->insert(Array, true)
#8 C:\wamp64\www\codeigniter4-framework-5d3d4b2\app\Controllers\MuralController.php(35): CodeIgniter\Model->insert(Array)
#9 C:\wamp64\www\codeigniter4-framework-5d3d4b2\system\CodeIgniter.php(934): App\Controllers\MuralController->create()
#10 C:\wamp64\www\codeigniter4-framework-5d3d4b2\system\CodeIgniter.php(499): CodeIgniter\CodeIgniter->runController(Object(App\Controllers\MuralController))
#11 C:\wamp64\www\codeigniter4-framework-5d3d4b2\system\CodeIgniter.php(368): CodeIgniter\CodeIgniter->handleRequest(NULL, Object(Config\Cache), false)
#12 C:\wamp64\www\codeigniter4-framework-5d3d4b2\index.php(67): CodeIgniter\CodeIgniter->run()
#13 {main}
CRITICAL - 2023-07-26 02:02:27 --> pg_query(): Query failed: ERROR:  lastval no está definido en esta sesión
in SYSTEMPATH\Database\Postgre\Connection.php on line 147.
 1 [internal function]: CodeIgniter\Debug\Exceptions->errorHandler(2, 'pg_query(): Query failed: ERROR:  lastval no está definido en esta sesión', 'C:\\wamp64\\www\\codeigniter4-framework-5d3d4b2\\system\\Database\\Postgre\\Connection.php', 147)
 2 SYSTEMPATH\Database\Postgre\Connection.php(147): pg_query(resource (pgsql link persistent), 'SELECT LASTVAL() AS ins_id')
 3 SYSTEMPATH\Database\BaseConnection.php(692): CodeIgniter\Database\Postgre\Connection->execute('SELECT LASTVAL() AS ins_id')
 4 SYSTEMPATH\Database\BaseConnection.php(606): CodeIgniter\Database\BaseConnection->simpleQuery('SELECT LASTVAL() AS ins_id')
 5 SYSTEMPATH\Database\Postgre\Connection.php(440): CodeIgniter\Database\BaseConnection->query('SELECT LASTVAL() AS ins_id')
 6 SYSTEMPATH\Model.php(335): CodeIgniter\Database\Postgre\Connection->insertID()
 7 SYSTEMPATH\BaseModel.php(782): CodeIgniter\Model->doInsert([...])
 8 SYSTEMPATH\Model.php(730): CodeIgniter\BaseModel->insert([...], true)
 9 APPPATH\Controllers\MuralController.php(35): CodeIgniter\Model->insert([...])
10 SYSTEMPATH\CodeIgniter.php(934): App\Controllers\MuralController->create()
11 SYSTEMPATH\CodeIgniter.php(499): CodeIgniter\CodeIgniter->runController(Object(App\Controllers\MuralController))
12 SYSTEMPATH\CodeIgniter.php(368): CodeIgniter\CodeIgniter->handleRequest(null, Object(Config\Cache), false)
13 FCPATH\index.php(67): CodeIgniter\CodeIgniter->run()
ERROR - 2023-07-26 02:28:15 --> ErrorException: pg_query(): Query failed: ERROR:  lastval no está definido en esta sesión in C:\wamp64\www\codeigniter4-framework-5d3d4b2\system\Database\Postgre\Connection.php:147
Stack trace:
#0 [internal function]: CodeIgniter\Debug\Exceptions->errorHandler(2, 'pg_query(): Que...', 'C:\\wamp64\\www\\c...', 147)
#1 C:\wamp64\www\codeigniter4-framework-5d3d4b2\system\Database\Postgre\Connection.php(147): pg_query(Resource id #12, 'SELECT LASTVAL(...')
#2 C:\wamp64\www\codeigniter4-framework-5d3d4b2\system\Database\BaseConnection.php(692): CodeIgniter\Database\Postgre\Connection->execute('SELECT LASTVAL(...')
#3 C:\wamp64\www\codeigniter4-framework-5d3d4b2\system\Database\BaseConnection.php(606): CodeIgniter\Database\BaseConnection->simpleQuery('SELECT LASTVAL(...')
#4 C:\wamp64\www\codeigniter4-framework-5d3d4b2\system\Database\Postgre\Connection.php(440): CodeIgniter\Database\BaseConnection->query('SELECT LASTVAL(...')
#5 C:\wamp64\www\codeigniter4-framework-5d3d4b2\system\Model.php(335): CodeIgniter\Database\Postgre\Connection->insertID()
#6 C:\wamp64\www\codeigniter4-framework-5d3d4b2\system\BaseModel.php(782): CodeIgniter\Model->doInsert(Array)
#7 C:\wamp64\www\codeigniter4-framework-5d3d4b2\system\Model.php(730): CodeIgniter\BaseModel->insert(Array, true)
#8 C:\wamp64\www\codeigniter4-framework-5d3d4b2\app\Controllers\MuralController.php(35): CodeIgniter\Model->insert(Array)
#9 C:\wamp64\www\codeigniter4-framework-5d3d4b2\system\CodeIgniter.php(934): App\Controllers\MuralController->create()
#10 C:\wamp64\www\codeigniter4-framework-5d3d4b2\system\CodeIgniter.php(499): CodeIgniter\CodeIgniter->runController(Object(App\Controllers\MuralController))
#11 C:\wamp64\www\codeigniter4-framework-5d3d4b2\system\CodeIgniter.php(368): CodeIgniter\CodeIgniter->handleRequest(NULL, Object(Config\Cache), false)
#12 C:\wamp64\www\codeigniter4-framework-5d3d4b2\index.php(67): CodeIgniter\CodeIgniter->run()
#13 {main}
CRITICAL - 2023-07-26 02:28:15 --> pg_query(): Query failed: ERROR:  lastval no está definido en esta sesión
in SYSTEMPATH\Database\Postgre\Connection.php on line 147.
 1 [internal function]: CodeIgniter\Debug\Exceptions->errorHandler(2, 'pg_query(): Query failed: ERROR:  lastval no está definido en esta sesión', 'C:\\wamp64\\www\\codeigniter4-framework-5d3d4b2\\system\\Database\\Postgre\\Connection.php', 147)
 2 SYSTEMPATH\Database\Postgre\Connection.php(147): pg_query(resource (pgsql link persistent), 'SELECT LASTVAL() AS ins_id')
 3 SYSTEMPATH\Database\BaseConnection.php(692): CodeIgniter\Database\Postgre\Connection->execute('SELECT LASTVAL() AS ins_id')
 4 SYSTEMPATH\Database\BaseConnection.php(606): CodeIgniter\Database\BaseConnection->simpleQuery('SELECT LASTVAL() AS ins_id')
 5 SYSTEMPATH\Database\Postgre\Connection.php(440): CodeIgniter\Database\BaseConnection->query('SELECT LASTVAL() AS ins_id')
 6 SYSTEMPATH\Model.php(335): CodeIgniter\Database\Postgre\Connection->insertID()
 7 SYSTEMPATH\BaseModel.php(782): CodeIgniter\Model->doInsert([...])
 8 SYSTEMPATH\Model.php(730): CodeIgniter\BaseModel->insert([...], true)
 9 APPPATH\Controllers\MuralController.php(35): CodeIgniter\Model->insert([...])
10 SYSTEMPATH\CodeIgniter.php(934): App\Controllers\MuralController->create()
11 SYSTEMPATH\CodeIgniter.php(499): CodeIgniter\CodeIgniter->runController(Object(App\Controllers\MuralController))
12 SYSTEMPATH\CodeIgniter.php(368): CodeIgniter\CodeIgniter->handleRequest(null, Object(Config\Cache), false)
13 FCPATH\index.php(67): CodeIgniter\CodeIgniter->run()
ERROR - 2023-07-26 02:53:56 --> ErrorException: pg_query(): Query failed: ERROR:  lastval no está definido en esta sesión in C:\wamp64\www\codeigniter4-framework-5d3d4b2\system\Database\Postgre\Connection.php:147
Stack trace:
#0 [internal function]: CodeIgniter\Debug\Exceptions->errorHandler(2, 'pg_query(): Que...', 'C:\\wamp64\\www\\c...', 147)
#1 C:\wamp64\www\codeigniter4-framework-5d3d4b2\system\Database\Postgre\Connection.php(147): pg_query(Resource id #11, 'SELECT LASTVAL(...')
#2 C:\wamp64\www\codeigniter4-framework-5d3d4b2\system\Database\BaseConnection.php(692): CodeIgniter\Database\Postgre\Connection->execute('SELECT LASTVAL(...')
#3 C:\wamp64\www\codeigniter4-framework-5d3d4b2\system\Database\BaseConnection.php(606): CodeIgniter\Database\BaseConnection->simpleQuery('SELECT LASTVAL(...')
#4 C:\wamp64\www\codeigniter4-framework-5d3d4b2\system\Database\Postgre\Connection.php(440): CodeIgniter\Database\BaseConnection->query('SELECT LASTVAL(...')
#5 C:\wamp64\www\codeigniter4-framework-5d3d4b2\system\Model.php(335): CodeIgniter\Database\Postgre\Connection->insertID()
#6 C:\wamp64\www\codeigniter4-framework-5d3d4b2\system\BaseModel.php(782): CodeIgniter\Model->doInsert(Array)
#7 C:\wamp64\www\codeigniter4-framework-5d3d4b2\system\Model.php(730): CodeIgniter\BaseModel->insert(Array, true)
#8 C:\wamp64\www\codeigniter4-framework-5d3d4b2\app\Controllers\MuralController.php(35): CodeIgniter\Model->insert(Array)
#9 C:\wamp64\www\codeigniter4-framework-5d3d4b2\system\CodeIgniter.php(934): App\Controllers\MuralController->create()
#10 C:\wamp64\www\codeigniter4-framework-5d3d4b2\system\CodeIgniter.php(499): CodeIgniter\CodeIgniter->runController(Object(App\Controllers\MuralController))
#11 C:\wamp64\www\codeigniter4-framework-5d3d4b2\system\CodeIgniter.php(368): CodeIgniter\CodeIgniter->handleRequest(NULL, Object(Config\Cache), false)
#12 C:\wamp64\www\codeigniter4-framework-5d3d4b2\index.php(67): CodeIgniter\CodeIgniter->run()
#13 {main}
CRITICAL - 2023-07-26 02:53:56 --> pg_query(): Query failed: ERROR:  lastval no está definido en esta sesión
in SYSTEMPATH\Database\Postgre\Connection.php on line 147.
 1 [internal function]: CodeIgniter\Debug\Exceptions->errorHandler(2, 'pg_query(): Query failed: ERROR:  lastval no está definido en esta sesión', 'C:\\wamp64\\www\\codeigniter4-framework-5d3d4b2\\system\\Database\\Postgre\\Connection.php', 147)
 2 SYSTEMPATH\Database\Postgre\Connection.php(147): pg_query(resource (pgsql link persistent), 'SELECT LASTVAL() AS ins_id')
 3 SYSTEMPATH\Database\BaseConnection.php(692): CodeIgniter\Database\Postgre\Connection->execute('SELECT LASTVAL() AS ins_id')
 4 SYSTEMPATH\Database\BaseConnection.php(606): CodeIgniter\Database\BaseConnection->simpleQuery('SELECT LASTVAL() AS ins_id')
 5 SYSTEMPATH\Database\Postgre\Connection.php(440): CodeIgniter\Database\BaseConnection->query('SELECT LASTVAL() AS ins_id')
 6 SYSTEMPATH\Model.php(335): CodeIgniter\Database\Postgre\Connection->insertID()
 7 SYSTEMPATH\BaseModel.php(782): CodeIgniter\Model->doInsert([...])
 8 SYSTEMPATH\Model.php(730): CodeIgniter\BaseModel->insert([...], true)
 9 APPPATH\Controllers\MuralController.php(35): CodeIgniter\Model->insert([...])
10 SYSTEMPATH\CodeIgniter.php(934): App\Controllers\MuralController->create()
11 SYSTEMPATH\CodeIgniter.php(499): CodeIgniter\CodeIgniter->runController(Object(App\Controllers\MuralController))
12 SYSTEMPATH\CodeIgniter.php(368): CodeIgniter\CodeIgniter->handleRequest(null, Object(Config\Cache), false)
13 FCPATH\index.php(67): CodeIgniter\CodeIgniter->run()
ERROR - 2023-07-26 21:13:11 --> ErrorException: pg_query(): Query failed: ERROR:  lastval no está definido en esta sesión in C:\wamp64\www\codeigniter4-framework-5d3d4b2\system\Database\Postgre\Connection.php:147
Stack trace:
#0 [internal function]: CodeIgniter\Debug\Exceptions->errorHandler(2, 'pg_query(): Que...', 'C:\\wamp64\\www\\c...', 147)
#1 C:\wamp64\www\codeigniter4-framework-5d3d4b2\system\Database\Postgre\Connection.php(147): pg_query(Resource id #11, 'SELECT LASTVAL(...')
#2 C:\wamp64\www\codeigniter4-framework-5d3d4b2\system\Database\BaseConnection.php(692): CodeIgniter\Database\Postgre\Connection->execute('SELECT LASTVAL(...')
#3 C:\wamp64\www\codeigniter4-framework-5d3d4b2\system\Database\BaseConnection.php(606): CodeIgniter\Database\BaseConnection->simpleQuery('SELECT LASTVAL(...')
#4 C:\wamp64\www\codeigniter4-framework-5d3d4b2\system\Database\Postgre\Connection.php(440): CodeIgniter\Database\BaseConnection->query('SELECT LASTVAL(...')
#5 C:\wamp64\www\codeigniter4-framework-5d3d4b2\system\Model.php(335): CodeIgniter\Database\Postgre\Connection->insertID()
#6 C:\wamp64\www\codeigniter4-framework-5d3d4b2\system\BaseModel.php(782): CodeIgniter\Model->doInsert(Array)
#7 C:\wamp64\www\codeigniter4-framework-5d3d4b2\system\Model.php(730): CodeIgniter\BaseModel->insert(Array, true)
#8 C:\wamp64\www\codeigniter4-framework-5d3d4b2\app\Controllers\MuralController.php(35): CodeIgniter\Model->insert(Array)
#9 C:\wamp64\www\codeigniter4-framework-5d3d4b2\system\CodeIgniter.php(934): App\Controllers\MuralController->create()
#10 C:\wamp64\www\codeigniter4-framework-5d3d4b2\system\CodeIgniter.php(499): CodeIgniter\CodeIgniter->runController(Object(App\Controllers\MuralController))
#11 C:\wamp64\www\codeigniter4-framework-5d3d4b2\system\CodeIgniter.php(368): CodeIgniter\CodeIgniter->handleRequest(NULL, Object(Config\Cache), false)
#12 C:\wamp64\www\codeigniter4-framework-5d3d4b2\index.php(67): CodeIgniter\CodeIgniter->run()
#13 {main}
CRITICAL - 2023-07-26 21:13:11 --> pg_query(): Query failed: ERROR:  lastval no está definido en esta sesión
in SYSTEMPATH\Database\Postgre\Connection.php on line 147.
 1 [internal function]: CodeIgniter\Debug\Exceptions->errorHandler(2, 'pg_query(): Query failed: ERROR:  lastval no está definido en esta sesión', 'C:\\wamp64\\www\\codeigniter4-framework-5d3d4b2\\system\\Database\\Postgre\\Connection.php', 147)
 2 SYSTEMPATH\Database\Postgre\Connection.php(147): pg_query(resource (pgsql link persistent), 'SELECT LASTVAL() AS ins_id')
 3 SYSTEMPATH\Database\BaseConnection.php(692): CodeIgniter\Database\Postgre\Connection->execute('SELECT LASTVAL() AS ins_id')
 4 SYSTEMPATH\Database\BaseConnection.php(606): CodeIgniter\Database\BaseConnection->simpleQuery('SELECT LASTVAL() AS ins_id')
 5 SYSTEMPATH\Database\Postgre\Connection.php(440): CodeIgniter\Database\BaseConnection->query('SELECT LASTVAL() AS ins_id')
 6 SYSTEMPATH\Model.php(335): CodeIgniter\Database\Postgre\Connection->insertID()
 7 SYSTEMPATH\BaseModel.php(782): CodeIgniter\Model->doInsert([...])
 8 SYSTEMPATH\Model.php(730): CodeIgniter\BaseModel->insert([...], true)
 9 APPPATH\Controllers\MuralController.php(35): CodeIgniter\Model->insert([...])
10 SYSTEMPATH\CodeIgniter.php(934): App\Controllers\MuralController->create()
11 SYSTEMPATH\CodeIgniter.php(499): CodeIgniter\CodeIgniter->runController(Object(App\Controllers\MuralController))
12 SYSTEMPATH\CodeIgniter.php(368): CodeIgniter\CodeIgniter->handleRequest(null, Object(Config\Cache), false)
13 FCPATH\index.php(67): CodeIgniter\CodeIgniter->run()
ERROR - 2023-07-26 21:53:11 --> ErrorException: pg_query(): Query failed: ERROR:  lastval no está definido en esta sesión in C:\wamp64\www\codeigniter4-framework-5d3d4b2\system\Database\Postgre\Connection.php:147
Stack trace:
#0 [internal function]: CodeIgniter\Debug\Exceptions->errorHandler(2, 'pg_query(): Que...', 'C:\\wamp64\\www\\c...', 147)
#1 C:\wamp64\www\codeigniter4-framework-5d3d4b2\system\Database\Postgre\Connection.php(147): pg_query(Resource id #11, 'SELECT LASTVAL(...')
#2 C:\wamp64\www\codeigniter4-framework-5d3d4b2\system\Database\BaseConnection.php(692): CodeIgniter\Database\Postgre\Connection->execute('SELECT LASTVAL(...')
#3 C:\wamp64\www\codeigniter4-framework-5d3d4b2\system\Database\BaseConnection.php(606): CodeIgniter\Database\BaseConnection->simpleQuery('SELECT LASTVAL(...')
#4 C:\wamp64\www\codeigniter4-framework-5d3d4b2\system\Database\Postgre\Connection.php(440): CodeIgniter\Database\BaseConnection->query('SELECT LASTVAL(...')
#5 C:\wamp64\www\codeigniter4-framework-5d3d4b2\system\Model.php(335): CodeIgniter\Database\Postgre\Connection->insertID()
#6 C:\wamp64\www\codeigniter4-framework-5d3d4b2\system\BaseModel.php(782): CodeIgniter\Model->doInsert(Array)
#7 C:\wamp64\www\codeigniter4-framework-5d3d4b2\system\Model.php(730): CodeIgniter\BaseModel->insert(Array, true)
#8 C:\wamp64\www\codeigniter4-framework-5d3d4b2\app\Controllers\MuralController.php(35): CodeIgniter\Model->insert(Array)
#9 C:\wamp64\www\codeigniter4-framework-5d3d4b2\system\CodeIgniter.php(934): App\Controllers\MuralController->create()
#10 C:\wamp64\www\codeigniter4-framework-5d3d4b2\system\CodeIgniter.php(499): CodeIgniter\CodeIgniter->runController(Object(App\Controllers\MuralController))
#11 C:\wamp64\www\codeigniter4-framework-5d3d4b2\system\CodeIgniter.php(368): CodeIgniter\CodeIgniter->handleRequest(NULL, Object(Config\Cache), false)
#12 C:\wamp64\www\codeigniter4-framework-5d3d4b2\index.php(67): CodeIgniter\CodeIgniter->run()
#13 {main}
CRITICAL - 2023-07-26 21:53:11 --> pg_query(): Query failed: ERROR:  lastval no está definido en esta sesión
in SYSTEMPATH\Database\Postgre\Connection.php on line 147.
 1 [internal function]: CodeIgniter\Debug\Exceptions->errorHandler(2, 'pg_query(): Query failed: ERROR:  lastval no está definido en esta sesión', 'C:\\wamp64\\www\\codeigniter4-framework-5d3d4b2\\system\\Database\\Postgre\\Connection.php', 147)
 2 SYSTEMPATH\Database\Postgre\Connection.php(147): pg_query(resource (pgsql link persistent), 'SELECT LASTVAL() AS ins_id')
 3 SYSTEMPATH\Database\BaseConnection.php(692): CodeIgniter\Database\Postgre\Connection->execute('SELECT LASTVAL() AS ins_id')
 4 SYSTEMPATH\Database\BaseConnection.php(606): CodeIgniter\Database\BaseConnection->simpleQuery('SELECT LASTVAL() AS ins_id')
 5 SYSTEMPATH\Database\Postgre\Connection.php(440): CodeIgniter\Database\BaseConnection->query('SELECT LASTVAL() AS ins_id')
 6 SYSTEMPATH\Model.php(335): CodeIgniter\Database\Postgre\Connection->insertID()
 7 SYSTEMPATH\BaseModel.php(782): CodeIgniter\Model->doInsert([...])
 8 SYSTEMPATH\Model.php(730): CodeIgniter\BaseModel->insert([...], true)
 9 APPPATH\Controllers\MuralController.php(35): CodeIgniter\Model->insert([...])
10 SYSTEMPATH\CodeIgniter.php(934): App\Controllers\MuralController->create()
11 SYSTEMPATH\CodeIgniter.php(499): CodeIgniter\CodeIgniter->runController(Object(App\Controllers\MuralController))
12 SYSTEMPATH\CodeIgniter.php(368): CodeIgniter\CodeIgniter->handleRequest(null, Object(Config\Cache), false)
13 FCPATH\index.php(67): CodeIgniter\CodeIgniter->run()
ERROR - 2023-07-26 22:05:27 --> ErrorException: pg_query(): Query failed: ERROR:  lastval no está definido en esta sesión in C:\wamp64\www\codeigniter4-framework-5d3d4b2\system\Database\Postgre\Connection.php:147
Stack trace:
#0 [internal function]: CodeIgniter\Debug\Exceptions->errorHandler(2, 'pg_query(): Que...', 'C:\\wamp64\\www\\c...', 147)
#1 C:\wamp64\www\codeigniter4-framework-5d3d4b2\system\Database\Postgre\Connection.php(147): pg_query(Resource id #11, 'SELECT LASTVAL(...')
#2 C:\wamp64\www\codeigniter4-framework-5d3d4b2\system\Database\BaseConnection.php(692): CodeIgniter\Database\Postgre\Connection->execute('SELECT LASTVAL(...')
#3 C:\wamp64\www\codeigniter4-framework-5d3d4b2\system\Database\BaseConnection.php(606): CodeIgniter\Database\BaseConnection->simpleQuery('SELECT LASTVAL(...')
#4 C:\wamp64\www\codeigniter4-framework-5d3d4b2\system\Database\Postgre\Connection.php(440): CodeIgniter\Database\BaseConnection->query('SELECT LASTVAL(...')
#5 C:\wamp64\www\codeigniter4-framework-5d3d4b2\system\Model.php(335): CodeIgniter\Database\Postgre\Connection->insertID()
#6 C:\wamp64\www\codeigniter4-framework-5d3d4b2\system\BaseModel.php(782): CodeIgniter\Model->doInsert(Array)
#7 C:\wamp64\www\codeigniter4-framework-5d3d4b2\system\Model.php(730): CodeIgniter\BaseModel->insert(Array, true)
#8 C:\wamp64\www\codeigniter4-framework-5d3d4b2\app\Controllers\MuralController.php(37): CodeIgniter\Model->insert(Array)
#9 C:\wamp64\www\codeigniter4-framework-5d3d4b2\system\CodeIgniter.php(934): App\Controllers\MuralController->create()
#10 C:\wamp64\www\codeigniter4-framework-5d3d4b2\system\CodeIgniter.php(499): CodeIgniter\CodeIgniter->runController(Object(App\Controllers\MuralController))
#11 C:\wamp64\www\codeigniter4-framework-5d3d4b2\system\CodeIgniter.php(368): CodeIgniter\CodeIgniter->handleRequest(NULL, Object(Config\Cache), false)
#12 C:\wamp64\www\codeigniter4-framework-5d3d4b2\index.php(67): CodeIgniter\CodeIgniter->run()
#13 {main}
CRITICAL - 2023-07-26 22:05:27 --> pg_query(): Query failed: ERROR:  lastval no está definido en esta sesión
in SYSTEMPATH\Database\Postgre\Connection.php on line 147.
 1 [internal function]: CodeIgniter\Debug\Exceptions->errorHandler(2, 'pg_query(): Query failed: ERROR:  lastval no está definido en esta sesión', 'C:\\wamp64\\www\\codeigniter4-framework-5d3d4b2\\system\\Database\\Postgre\\Connection.php', 147)
 2 SYSTEMPATH\Database\Postgre\Connection.php(147): pg_query(resource (pgsql link persistent), 'SELECT LASTVAL() AS ins_id')
 3 SYSTEMPATH\Database\BaseConnection.php(692): CodeIgniter\Database\Postgre\Connection->execute('SELECT LASTVAL() AS ins_id')
 4 SYSTEMPATH\Database\BaseConnection.php(606): CodeIgniter\Database\BaseConnection->simpleQuery('SELECT LASTVAL() AS ins_id')
 5 SYSTEMPATH\Database\Postgre\Connection.php(440): CodeIgniter\Database\BaseConnection->query('SELECT LASTVAL() AS ins_id')
 6 SYSTEMPATH\Model.php(335): CodeIgniter\Database\Postgre\Connection->insertID()
 7 SYSTEMPATH\BaseModel.php(782): CodeIgniter\Model->doInsert([...])
 8 SYSTEMPATH\Model.php(730): CodeIgniter\BaseModel->insert([...], true)
 9 APPPATH\Controllers\MuralController.php(37): CodeIgniter\Model->insert([...])
10 SYSTEMPATH\CodeIgniter.php(934): App\Controllers\MuralController->create()
11 SYSTEMPATH\CodeIgniter.php(499): CodeIgniter\CodeIgniter->runController(Object(App\Controllers\MuralController))
12 SYSTEMPATH\CodeIgniter.php(368): CodeIgniter\CodeIgniter->handleRequest(null, Object(Config\Cache), false)
13 FCPATH\index.php(67): CodeIgniter\CodeIgniter->run()
CRITICAL - 2023-07-26 23:01:35 --> Declaration of App\Models\TextoModel::insertBatch($data) must be compatible with CodeIgniter\BaseModel::insertBatch(?array $set = null, ?bool $escape = null, int $batchSize = 100, bool $testing = false)
in APPPATH\Models\TextoModel.php on line 25.
 1 [internal function]: CodeIgniter\Debug\Exceptions->shutdownHandler()
CRITICAL - 2023-07-26 23:05:09 --> Declaration of App\Models\TextoModel::insertBatch($data) must be compatible with CodeIgniter\BaseModel::insertBatch(?array $set = null, ?bool $escape = null, int $batchSize = 100, bool $testing = false)
in APPPATH\Models\TextoModel.php on line 25.
 1 [internal function]: CodeIgniter\Debug\Exceptions->shutdownHandler()
ERROR - 2023-07-26 23:07:09 --> ErrorException: pg_query(): Query failed: ERROR:  llave duplicada viola restricción de unicidad «mural_pkey»
DETAIL:  Ya existe la llave (id_mural)=(b94c8fcb-1d10-4df1-9604-ba3182933e92). in C:\wamp64\www\codeigniter4-framework-5d3d4b2\system\Database\Postgre\Connection.php:147
Stack trace:
#0 [internal function]: CodeIgniter\Debug\Exceptions->errorHandler(2, 'pg_query(): Que...', 'C:\\wamp64\\www\\c...', 147)
#1 C:\wamp64\www\codeigniter4-framework-5d3d4b2\system\Database\Postgre\Connection.php(147): pg_query(Resource id #11, 'INSERT INTO "mu...')
#2 C:\wamp64\www\codeigniter4-framework-5d3d4b2\system\Database\BaseConnection.php(692): CodeIgniter\Database\Postgre\Connection->execute('INSERT INTO "mu...')
#3 C:\wamp64\www\codeigniter4-framework-5d3d4b2\system\Database\BaseConnection.php(606): CodeIgniter\Database\BaseConnection->simpleQuery('INSERT INTO "mu...')
#4 C:\wamp64\www\codeigniter4-framework-5d3d4b2\system\Database\BaseBuilder.php(2309): CodeIgniter\Database\BaseConnection->query('INSERT INTO "mu...', Array, false)
#5 C:\wamp64\www\codeigniter4-framework-5d3d4b2\app\Models\Mural_Model.php(31): CodeIgniter\Database\BaseBuilder->insert(Array)
#6 C:\wamp64\www\codeigniter4-framework-5d3d4b2\app\Controllers\MuralController.php(36): App\Models\Mural_Model->insertMural(Array)
#7 C:\wamp64\www\codeigniter4-framework-5d3d4b2\system\CodeIgniter.php(934): App\Controllers\MuralController->create()
#8 C:\wamp64\www\codeigniter4-framework-5d3d4b2\system\CodeIgniter.php(499): CodeIgniter\CodeIgniter->runController(Object(App\Controllers\MuralController))
#9 C:\wamp64\www\codeigniter4-framework-5d3d4b2\system\CodeIgniter.php(368): CodeIgniter\CodeIgniter->handleRequest(NULL, Object(Config\Cache), false)
#10 C:\wamp64\www\codeigniter4-framework-5d3d4b2\index.php(67): CodeIgniter\CodeIgniter->run()
#11 {main}
CRITICAL - 2023-07-26 23:07:10 --> pg_query(): Query failed: ERROR:  llave duplicada viola restricción de unicidad «mural_pkey»
DETAIL:  Ya existe la llave (id_mural)=(b94c8fcb-1d10-4df1-9604-ba3182933e92).
in SYSTEMPATH\Database\Postgre\Connection.php on line 147.
 1 [internal function]: CodeIgniter\Debug\Exceptions->errorHandler(2, 'pg_query(): Query failed: ERROR:  llave duplicada viola restricción de unicidad «mural_pkey»
DETAIL:  Ya existe la llave (id_mural)=(b94c8fcb-1d10-4df1-9604-ba3182933e92).', 'C:\\wamp64\\www\\codeigniter4-framework-5d3d4b2\\system\\Database\\Postgre\\Connection.php', 147)
 2 SYSTEMPATH\Database\Postgre\Connection.php(147): pg_query(resource (pgsql link persistent), 'INSERT INTO "mural" ("id_mural", "id_user", "height", "width", "estado") VALUES (\'b94c8fcb-1d10-4df1-9604-ba3182933e92\', 1, 1600, 900, \'en espera\')')
 3 SYSTEMPATH\Database\BaseConnection.php(692): CodeIgniter\Database\Postgre\Connection->execute('INSERT INTO "mural" ("id_mural", "id_user", "height", "width", "estado") VALUES (\'b94c8fcb-1d10-4df1-9604-ba3182933e92\', 1, 1600, 900, \'en espera\')')
 4 SYSTEMPATH\Database\BaseConnection.php(606): CodeIgniter\Database\BaseConnection->simpleQuery('INSERT INTO "mural" ("id_mural", "id_user", "height", "width", "estado") VALUES (\'b94c8fcb-1d10-4df1-9604-ba3182933e92\', 1, 1600, 900, \'en espera\')')
 5 SYSTEMPATH\Database\BaseBuilder.php(2309): CodeIgniter\Database\BaseConnection->query('INSERT INTO "mural" ("id_mural", "id_user", "height", "width", "estado") VALUES (:id_mural:, :id_user:, :height:, :width:, :estado:)', [...], false)
 6 APPPATH\Models\Mural_Model.php(31): CodeIgniter\Database\BaseBuilder->insert([...])
 7 APPPATH\Controllers\MuralController.php(36): App\Models\Mural_Model->insertMural([...])
 8 SYSTEMPATH\CodeIgniter.php(934): App\Controllers\MuralController->create()
 9 SYSTEMPATH\CodeIgniter.php(499): CodeIgniter\CodeIgniter->runController(Object(App\Controllers\MuralController))
10 SYSTEMPATH\CodeIgniter.php(368): CodeIgniter\CodeIgniter->handleRequest(null, Object(Config\Cache), false)
11 FCPATH\index.php(67): CodeIgniter\CodeIgniter->run()
CRITICAL - 2023-07-26 23:07:13 --> Declaration of App\Models\TextoModel::insertBatch($data) must be compatible with CodeIgniter\BaseModel::insertBatch(?array $set = null, ?bool $escape = null, int $batchSize = 100, bool $testing = false)
in APPPATH\Models\TextoModel.php on line 25.
 1 [internal function]: CodeIgniter\Debug\Exceptions->shutdownHandler()
ERROR - 2023-07-26 23:08:04 --> ErrorException: pg_query(): Query failed: ERROR:  llave duplicada viola restricción de unicidad «mural_pkey»
DETAIL:  Ya existe la llave (id_mural)=(b84c8fcb-1d10-4df1-9604-ba3182933e92). in C:\wamp64\www\codeigniter4-framework-5d3d4b2\system\Database\Postgre\Connection.php:147
Stack trace:
#0 [internal function]: CodeIgniter\Debug\Exceptions->errorHandler(2, 'pg_query(): Que...', 'C:\\wamp64\\www\\c...', 147)
#1 C:\wamp64\www\codeigniter4-framework-5d3d4b2\system\Database\Postgre\Connection.php(147): pg_query(Resource id #11, 'INSERT INTO "mu...')
#2 C:\wamp64\www\codeigniter4-framework-5d3d4b2\system\Database\BaseConnection.php(692): CodeIgniter\Database\Postgre\Connection->execute('INSERT INTO "mu...')
#3 C:\wamp64\www\codeigniter4-framework-5d3d4b2\system\Database\BaseConnection.php(606): CodeIgniter\Database\BaseConnection->simpleQuery('INSERT INTO "mu...')
#4 C:\wamp64\www\codeigniter4-framework-5d3d4b2\system\Database\BaseBuilder.php(2309): CodeIgniter\Database\BaseConnection->query('INSERT INTO "mu...', Array, false)
#5 C:\wamp64\www\codeigniter4-framework-5d3d4b2\app\Models\Mural_Model.php(31): CodeIgniter\Database\BaseBuilder->insert(Array)
#6 C:\wamp64\www\codeigniter4-framework-5d3d4b2\app\Controllers\MuralController.php(36): App\Models\Mural_Model->insertMural(Array)
#7 C:\wamp64\www\codeigniter4-framework-5d3d4b2\system\CodeIgniter.php(934): App\Controllers\MuralController->create()
#8 C:\wamp64\www\codeigniter4-framework-5d3d4b2\system\CodeIgniter.php(499): CodeIgniter\CodeIgniter->runController(Object(App\Controllers\MuralController))
#9 C:\wamp64\www\codeigniter4-framework-5d3d4b2\system\CodeIgniter.php(368): CodeIgniter\CodeIgniter->handleRequest(NULL, Object(Config\Cache), false)
#10 C:\wamp64\www\codeigniter4-framework-5d3d4b2\index.php(67): CodeIgniter\CodeIgniter->run()
#11 {main}
CRITICAL - 2023-07-26 23:08:04 --> pg_query(): Query failed: ERROR:  llave duplicada viola restricción de unicidad «mural_pkey»
DETAIL:  Ya existe la llave (id_mural)=(b84c8fcb-1d10-4df1-9604-ba3182933e92).
in SYSTEMPATH\Database\Postgre\Connection.php on line 147.
 1 [internal function]: CodeIgniter\Debug\Exceptions->errorHandler(2, 'pg_query(): Query failed: ERROR:  llave duplicada viola restricción de unicidad «mural_pkey»
DETAIL:  Ya existe la llave (id_mural)=(b84c8fcb-1d10-4df1-9604-ba3182933e92).', 'C:\\wamp64\\www\\codeigniter4-framework-5d3d4b2\\system\\Database\\Postgre\\Connection.php', 147)
 2 SYSTEMPATH\Database\Postgre\Connection.php(147): pg_query(resource (pgsql link persistent), 'INSERT INTO "mural" ("id_mural", "id_user", "height", "width", "estado") VALUES (\'b84c8fcb-1d10-4df1-9604-ba3182933e92\', 1, 1600, 900, \'en espera\')')
 3 SYSTEMPATH\Database\BaseConnection.php(692): CodeIgniter\Database\Postgre\Connection->execute('INSERT INTO "mural" ("id_mural", "id_user", "height", "width", "estado") VALUES (\'b84c8fcb-1d10-4df1-9604-ba3182933e92\', 1, 1600, 900, \'en espera\')')
 4 SYSTEMPATH\Database\BaseConnection.php(606): CodeIgniter\Database\BaseConnection->simpleQuery('INSERT INTO "mural" ("id_mural", "id_user", "height", "width", "estado") VALUES (\'b84c8fcb-1d10-4df1-9604-ba3182933e92\', 1, 1600, 900, \'en espera\')')
 5 SYSTEMPATH\Database\BaseBuilder.php(2309): CodeIgniter\Database\BaseConnection->query('INSERT INTO "mural" ("id_mural", "id_user", "height", "width", "estado") VALUES (:id_mural:, :id_user:, :height:, :width:, :estado:)', [...], false)
 6 APPPATH\Models\Mural_Model.php(31): CodeIgniter\Database\BaseBuilder->insert([...])
 7 APPPATH\Controllers\MuralController.php(36): App\Models\Mural_Model->insertMural([...])
 8 SYSTEMPATH\CodeIgniter.php(934): App\Controllers\MuralController->create()
 9 SYSTEMPATH\CodeIgniter.php(499): CodeIgniter\CodeIgniter->runController(Object(App\Controllers\MuralController))
10 SYSTEMPATH\CodeIgniter.php(368): CodeIgniter\CodeIgniter->handleRequest(null, Object(Config\Cache), false)
11 FCPATH\index.php(67): CodeIgniter\CodeIgniter->run()
CRITICAL - 2023-07-26 23:08:11 --> Declaration of App\Models\TextoModel::insertBatch($data) must be compatible with CodeIgniter\BaseModel::insertBatch(?array $set = null, ?bool $escape = null, int $batchSize = 100, bool $testing = false)
in APPPATH\Models\TextoModel.php on line 25.
 1 [internal function]: CodeIgniter\Debug\Exceptions->shutdownHandler()
CRITICAL - 2023-07-26 23:08:15 --> Declaration of App\Models\TextoModel::insertBatch($data) must be compatible with CodeIgniter\BaseModel::insertBatch(?array $set = null, ?bool $escape = null, int $batchSize = 100, bool $testing = false)
in APPPATH\Models\TextoModel.php on line 25.
 1 [internal function]: CodeIgniter\Debug\Exceptions->shutdownHandler()
ERROR - 2023-07-26 23:18:19 --> ErrorException: pg_query(): Query failed: ERROR:  no existe la columna «font_weight» en la relación «txt»
LINE 1: ...s&quot;, &quot;border_style&quot;, &quot;color&quot;, &quot;font&quot;, &quot;font_size&quot;, &quot;font_weig...
                                                             ^ in C:\wamp64\www\codeigniter4-framework-5d3d4b2\system\Database\Postgre\Connection.php:147
Stack trace:
#0 [internal function]: CodeIgniter\Debug\Exceptions->errorHandler(2, 'pg_query(): Que...', 'C:\\wamp64\\www\\c...', 147)
#1 C:\wamp64\www\codeigniter4-framework-5d3d4b2\system\Database\Postgre\Connection.php(147): pg_query(Resource id #11, 'INSERT INTO "tx...')
#2 C:\wamp64\www\codeigniter4-framework-5d3d4b2\system\Database\BaseConnection.php(692): CodeIgniter\Database\Postgre\Connection->execute('INSERT INTO "tx...')
#3 C:\wamp64\www\codeigniter4-framework-5d3d4b2\system\Database\BaseConnection.php(606): CodeIgniter\Database\BaseConnection->simpleQuery('INSERT INTO "tx...')
#4 C:\wamp64\www\codeigniter4-framework-5d3d4b2\system\Database\BaseBuilder.php(1801): CodeIgniter\Database\BaseConnection->query('INSERT INTO "tx...', NULL, false)
#5 C:\wamp64\www\codeigniter4-framework-5d3d4b2\system\Database\BaseBuilder.php(2192): CodeIgniter\Database\BaseBuilder->batchExecute('_insertBatch', 100)
#6 C:\wamp64\www\codeigniter4-framework-5d3d4b2\system\Model.php(364): CodeIgniter\Database\BaseBuilder->insertBatch(Array, NULL, 100)
#7 C:\wamp64\www\codeigniter4-framework-5d3d4b2\system\BaseModel.php(874): CodeIgniter\Model->doInsertBatch(Array, NULL, 100, false)
#8 C:\wamp64\www\codeigniter4-framework-5d3d4b2\app\Models\TextoModel.php(27): CodeIgniter\BaseModel->insertBatch(Array, NULL, 100, false)
#9 C:\wamp64\www\codeigniter4-framework-5d3d4b2\app\Controllers\MuralController.php(53): App\Models\TextoModel->insertBatch(Array)
#10 C:\wamp64\www\codeigniter4-framework-5d3d4b2\system\CodeIgniter.php(934): App\Controllers\MuralController->create()
#11 C:\wamp64\www\codeigniter4-framework-5d3d4b2\system\CodeIgniter.php(499): CodeIgniter\CodeIgniter->runController(Object(App\Controllers\MuralController))
#12 C:\wamp64\www\codeigniter4-framework-5d3d4b2\system\CodeIgniter.php(368): CodeIgniter\CodeIgniter->handleRequest(NULL, Object(Config\Cache), false)
#13 C:\wamp64\www\codeigniter4-framework-5d3d4b2\index.php(67): CodeIgniter\CodeIgniter->run()
#14 {main}
CRITICAL - 2023-07-26 23:18:19 --> pg_query(): Query failed: ERROR:  no existe la columna «font_weight» en la relación «txt»
LINE 1: ...s&quot;, &quot;border_style&quot;, &quot;color&quot;, &quot;font&quot;, &quot;font_size&quot;, &quot;font_weig...
                                                             ^
in SYSTEMPATH\Database\Postgre\Connection.php on line 147.
 1 [internal function]: CodeIgniter\Debug\Exceptions->errorHandler(2, 'pg_query(): Query failed: ERROR:  no existe la columna «font_weight» en la relación «txt»
LINE 1: ...s&quot;, &quot;border_style&quot;, &quot;color&quot;, &quot;font&quot;, &quot;font_size&quot;, &quot;font_weig...
                                                             ^', 'C:\\wamp64\\www\\codeigniter4-framework-5d3d4b2\\system\\Database\\Postgre\\Connection.php', 147)
 2 SYSTEMPATH\Database\Postgre\Connection.php(147): pg_query(resource (pgsql link persistent), 'INSERT INTO "txt"("backgroundcolor", "border_color", "border_radius", "border_style", "color", "font", "font_size", "font_weight", "height", "id_mural", "posx", "posy", "sangria", "valor", "width")
VALUES (\'red\',\'red\',\'2\',\'solid\',\'black\',\'roboto\',\'20\',\'bolder\',200,\'b24c8fcb-1d10-4df1-9604-ba3182933e92\',50,91,\'center\',\'texto 1\',900), (\'red\',\'red\',\'2\',\'solid\',\'black\',\'arial\',\'20\',\'bolder\',200,\'b24c8fcb-1d10-4df1-9604-ba3182933e92\',40,91,\'center\',\'texto 2\',900)
')
 3 SYSTEMPATH\Database\BaseConnection.php(692): CodeIgniter\Database\Postgre\Connection->execute('INSERT INTO "txt"("backgroundcolor", "border_color", "border_radius", "border_style", "color", "font", "font_size", "font_weight", "height", "id_mural", "posx", "posy", "sangria", "valor", "width")
VALUES (\'red\',\'red\',\'2\',\'solid\',\'black\',\'roboto\',\'20\',\'bolder\',200,\'b24c8fcb-1d10-4df1-9604-ba3182933e92\',50,91,\'center\',\'texto 1\',900), (\'red\',\'red\',\'2\',\'solid\',\'black\',\'arial\',\'20\',\'bolder\',200,\'b24c8fcb-1d10-4df1-9604-ba3182933e92\',40,91,\'center\',\'texto 2\',900)
')
 4 SYSTEMPATH\Database\BaseConnection.php(606): CodeIgniter\Database\BaseConnection->simpleQuery('INSERT INTO "txt"("backgroundcolor", "border_color", "border_radius", "border_style", "color", "font", "font_size", "font_weight", "height", "id_mural", "posx", "posy", "sangria", "valor", "width")
VALUES (\'red\',\'red\',\'2\',\'solid\',\'black\',\'roboto\',\'20\',\'bolder\',200,\'b24c8fcb-1d10-4df1-9604-ba3182933e92\',50,91,\'center\',\'texto 1\',900), (\'red\',\'red\',\'2\',\'solid\',\'black\',\'arial\',\'20\',\'bolder\',200,\'b24c8fcb-1d10-4df1-9604-ba3182933e92\',40,91,\'center\',\'texto 2\',900)
')
 5 SYSTEMPATH\Database\BaseBuilder.php(1801): CodeIgniter\Database\BaseConnection->query('INSERT INTO "txt"("backgroundcolor", "border_color", "border_radius", "border_style", "color", "font", "font_size", "font_weight", "height", "id_mural", "posx", "posy", "sangria", "valor", "width")
VALUES (\'red\',\'red\',\'2\',\'solid\',\'black\',\'roboto\',\'20\',\'bolder\',200,\'b24c8fcb-1d10-4df1-9604-ba3182933e92\',50,91,\'center\',\'texto 1\',900), (\'red\',\'red\',\'2\',\'solid\',\'black\',\'arial\',\'20\',\'bolder\',200,\'b24c8fcb-1d10-4df1-9604-ba3182933e92\',40,91,\'center\',\'texto 2\',900)
', null, false)
 6 SYSTEMPATH\Database\BaseBuilder.php(2192): CodeIgniter\Database\BaseBuilder->batchExecute('_insertBatch', 100)
 7 SYSTEMPATH\Model.php(364): CodeIgniter\Database\BaseBuilder->insertBatch([...], null, 100)
 8 SYSTEMPATH\BaseModel.php(874): CodeIgniter\Model->doInsertBatch([...], null, 100, false)
 9 APPPATH\Models\TextoModel.php(27): CodeIgniter\BaseModel->insertBatch([...], null, 100, false)
10 APPPATH\Controllers\MuralController.php(53): App\Models\TextoModel->insertBatch([...])
11 SYSTEMPATH\CodeIgniter.php(934): App\Controllers\MuralController->create()
12 SYSTEMPATH\CodeIgniter.php(499): CodeIgniter\CodeIgniter->runController(Object(App\Controllers\MuralController))
13 SYSTEMPATH\CodeIgniter.php(368): CodeIgniter\CodeIgniter->handleRequest(null, Object(Config\Cache), false)
14 FCPATH\index.php(67): CodeIgniter\CodeIgniter->run()
ERROR - 2023-07-26 23:18:45 --> ErrorException: pg_query(): Query failed: ERROR:  no existe la columna «font_weight» en la relación «txt»
LINE 1: ...s&quot;, &quot;border_style&quot;, &quot;color&quot;, &quot;font&quot;, &quot;font_size&quot;, &quot;font_weig...
                                                             ^ in C:\wamp64\www\codeigniter4-framework-5d3d4b2\system\Database\Postgre\Connection.php:147
Stack trace:
#0 [internal function]: CodeIgniter\Debug\Exceptions->errorHandler(2, 'pg_query(): Que...', 'C:\\wamp64\\www\\c...', 147)
#1 C:\wamp64\www\codeigniter4-framework-5d3d4b2\system\Database\Postgre\Connection.php(147): pg_query(Resource id #11, 'INSERT INTO "tx...')
#2 C:\wamp64\www\codeigniter4-framework-5d3d4b2\system\Database\BaseConnection.php(692): CodeIgniter\Database\Postgre\Connection->execute('INSERT INTO "tx...')
#3 C:\wamp64\www\codeigniter4-framework-5d3d4b2\system\Database\BaseConnection.php(606): CodeIgniter\Database\BaseConnection->simpleQuery('INSERT INTO "tx...')
#4 C:\wamp64\www\codeigniter4-framework-5d3d4b2\system\Database\BaseBuilder.php(1801): CodeIgniter\Database\BaseConnection->query('INSERT INTO "tx...', NULL, false)
#5 C:\wamp64\www\codeigniter4-framework-5d3d4b2\system\Database\BaseBuilder.php(2192): CodeIgniter\Database\BaseBuilder->batchExecute('_insertBatch', 100)
#6 C:\wamp64\www\codeigniter4-framework-5d3d4b2\system\Model.php(364): CodeIgniter\Database\BaseBuilder->insertBatch(Array, NULL, 100)
#7 C:\wamp64\www\codeigniter4-framework-5d3d4b2\system\BaseModel.php(874): CodeIgniter\Model->doInsertBatch(Array, NULL, 100, false)
#8 C:\wamp64\www\codeigniter4-framework-5d3d4b2\app\Models\TextoModel.php(27): CodeIgniter\BaseModel->insertBatch(Array, NULL, 100, false)
#9 C:\wamp64\www\codeigniter4-framework-5d3d4b2\app\Controllers\MuralController.php(53): App\Models\TextoModel->insertBatch(Array)
#10 C:\wamp64\www\codeigniter4-framework-5d3d4b2\system\CodeIgniter.php(934): App\Controllers\MuralController->create()
#11 C:\wamp64\www\codeigniter4-framework-5d3d4b2\system\CodeIgniter.php(499): CodeIgniter\CodeIgniter->runController(Object(App\Controllers\MuralController))
#12 C:\wamp64\www\codeigniter4-framework-5d3d4b2\system\CodeIgniter.php(368): CodeIgniter\CodeIgniter->handleRequest(NULL, Object(Config\Cache), false)
#13 C:\wamp64\www\codeigniter4-framework-5d3d4b2\index.php(67): CodeIgniter\CodeIgniter->run()
#14 {main}
CRITICAL - 2023-07-26 23:18:45 --> pg_query(): Query failed: ERROR:  no existe la columna «font_weight» en la relación «txt»
LINE 1: ...s&quot;, &quot;border_style&quot;, &quot;color&quot;, &quot;font&quot;, &quot;font_size&quot;, &quot;font_weig...
                                                             ^
in SYSTEMPATH\Database\Postgre\Connection.php on line 147.
 1 [internal function]: CodeIgniter\Debug\Exceptions->errorHandler(2, 'pg_query(): Query failed: ERROR:  no existe la columna «font_weight» en la relación «txt»
LINE 1: ...s&quot;, &quot;border_style&quot;, &quot;color&quot;, &quot;font&quot;, &quot;font_size&quot;, &quot;font_weig...
                                                             ^', 'C:\\wamp64\\www\\codeigniter4-framework-5d3d4b2\\system\\Database\\Postgre\\Connection.php', 147)
 2 SYSTEMPATH\Database\Postgre\Connection.php(147): pg_query(resource (pgsql link persistent), 'INSERT INTO "txt"("backgroundcolor", "border_color", "border_radius", "border_style", "color", "font", "font_size", "font_weight", "height", "id_mural", "posx", "posy", "sangria", "valor", "width")
VALUES (\'red\',\'red\',\'2\',\'solid\',\'black\',\'roboto\',\'20\',\'bolder\',200,\'b24c8fcb-1d10-4df1-9604-ba3182933e92\',50,91,\'center\',\'texto 1\',900), (\'red\',\'red\',\'2\',\'solid\',\'black\',\'arial\',\'20\',\'bolder\',200,\'b24c8fcb-1d10-4df1-9604-ba3182933e92\',40,91,\'center\',\'texto 2\',900)
')
 3 SYSTEMPATH\Database\BaseConnection.php(692): CodeIgniter\Database\Postgre\Connection->execute('INSERT INTO "txt"("backgroundcolor", "border_color", "border_radius", "border_style", "color", "font", "font_size", "font_weight", "height", "id_mural", "posx", "posy", "sangria", "valor", "width")
VALUES (\'red\',\'red\',\'2\',\'solid\',\'black\',\'roboto\',\'20\',\'bolder\',200,\'b24c8fcb-1d10-4df1-9604-ba3182933e92\',50,91,\'center\',\'texto 1\',900), (\'red\',\'red\',\'2\',\'solid\',\'black\',\'arial\',\'20\',\'bolder\',200,\'b24c8fcb-1d10-4df1-9604-ba3182933e92\',40,91,\'center\',\'texto 2\',900)
')
 4 SYSTEMPATH\Database\BaseConnection.php(606): CodeIgniter\Database\BaseConnection->simpleQuery('INSERT INTO "txt"("backgroundcolor", "border_color", "border_radius", "border_style", "color", "font", "font_size", "font_weight", "height", "id_mural", "posx", "posy", "sangria", "valor", "width")
VALUES (\'red\',\'red\',\'2\',\'solid\',\'black\',\'roboto\',\'20\',\'bolder\',200,\'b24c8fcb-1d10-4df1-9604-ba3182933e92\',50,91,\'center\',\'texto 1\',900), (\'red\',\'red\',\'2\',\'solid\',\'black\',\'arial\',\'20\',\'bolder\',200,\'b24c8fcb-1d10-4df1-9604-ba3182933e92\',40,91,\'center\',\'texto 2\',900)
')
 5 SYSTEMPATH\Database\BaseBuilder.php(1801): CodeIgniter\Database\BaseConnection->query('INSERT INTO "txt"("backgroundcolor", "border_color", "border_radius", "border_style", "color", "font", "font_size", "font_weight", "height", "id_mural", "posx", "posy", "sangria", "valor", "width")
VALUES (\'red\',\'red\',\'2\',\'solid\',\'black\',\'roboto\',\'20\',\'bolder\',200,\'b24c8fcb-1d10-4df1-9604-ba3182933e92\',50,91,\'center\',\'texto 1\',900), (\'red\',\'red\',\'2\',\'solid\',\'black\',\'arial\',\'20\',\'bolder\',200,\'b24c8fcb-1d10-4df1-9604-ba3182933e92\',40,91,\'center\',\'texto 2\',900)
', null, false)
 6 SYSTEMPATH\Database\BaseBuilder.php(2192): CodeIgniter\Database\BaseBuilder->batchExecute('_insertBatch', 100)
 7 SYSTEMPATH\Model.php(364): CodeIgniter\Database\BaseBuilder->insertBatch([...], null, 100)
 8 SYSTEMPATH\BaseModel.php(874): CodeIgniter\Model->doInsertBatch([...], null, 100, false)
 9 APPPATH\Models\TextoModel.php(27): CodeIgniter\BaseModel->insertBatch([...], null, 100, false)
10 APPPATH\Controllers\MuralController.php(53): App\Models\TextoModel->insertBatch([...])
11 SYSTEMPATH\CodeIgniter.php(934): App\Controllers\MuralController->create()
12 SYSTEMPATH\CodeIgniter.php(499): CodeIgniter\CodeIgniter->runController(Object(App\Controllers\MuralController))
13 SYSTEMPATH\CodeIgniter.php(368): CodeIgniter\CodeIgniter->handleRequest(null, Object(Config\Cache), false)
14 FCPATH\index.php(67): CodeIgniter\CodeIgniter->run()
ERROR - 2023-07-26 23:26:08 --> ErrorException: pg_query(): Query failed: ERROR:  el valor nulo en la columna «url_pdfs» de la relación «pdfs» viola la restricción de no nulo
DETAIL:  La fila que falla contiene (1, null, 70, 51, 200, 200, b24c8fcb-1d10-4df1-9604-ba3182933e92, red, solid, 2). in C:\wamp64\www\codeigniter4-framework-5d3d4b2\system\Database\Postgre\Connection.php:147
Stack trace:
#0 [internal function]: CodeIgniter\Debug\Exceptions->errorHandler(2, 'pg_query(): Que...', 'C:\\wamp64\\www\\c...', 147)
#1 C:\wamp64\www\codeigniter4-framework-5d3d4b2\system\Database\Postgre\Connection.php(147): pg_query(Resource id #11, 'INSERT INTO "pd...')
#2 C:\wamp64\www\codeigniter4-framework-5d3d4b2\system\Database\BaseConnection.php(692): CodeIgniter\Database\Postgre\Connection->execute('INSERT INTO "pd...')
#3 C:\wamp64\www\codeigniter4-framework-5d3d4b2\system\Database\BaseConnection.php(606): CodeIgniter\Database\BaseConnection->simpleQuery('INSERT INTO "pd...')
#4 C:\wamp64\www\codeigniter4-framework-5d3d4b2\system\Database\BaseBuilder.php(1801): CodeIgniter\Database\BaseConnection->query('INSERT INTO "pd...', NULL, false)
#5 C:\wamp64\www\codeigniter4-framework-5d3d4b2\system\Database\BaseBuilder.php(2192): CodeIgniter\Database\BaseBuilder->batchExecute('_insertBatch', 100)
#6 C:\wamp64\www\codeigniter4-framework-5d3d4b2\system\Model.php(364): CodeIgniter\Database\BaseBuilder->insertBatch(Array, NULL, 100)
#7 C:\wamp64\www\codeigniter4-framework-5d3d4b2\system\BaseModel.php(874): CodeIgniter\Model->doInsertBatch(Array, NULL, 100, false)
#8 C:\wamp64\www\codeigniter4-framework-5d3d4b2\app\Models\PdfModel.php(27): CodeIgniter\BaseModel->insertBatch(Array, NULL, 100, false)
#9 C:\wamp64\www\codeigniter4-framework-5d3d4b2\app\Controllers\MuralController.php(71): App\Models\PdfModel->insertBatch(Array)
#10 C:\wamp64\www\codeigniter4-framework-5d3d4b2\system\CodeIgniter.php(934): App\Controllers\MuralController->create()
#11 C:\wamp64\www\codeigniter4-framework-5d3d4b2\system\CodeIgniter.php(499): CodeIgniter\CodeIgniter->runController(Object(App\Controllers\MuralController))
#12 C:\wamp64\www\codeigniter4-framework-5d3d4b2\system\CodeIgniter.php(368): CodeIgniter\CodeIgniter->handleRequest(NULL, Object(Config\Cache), false)
#13 C:\wamp64\www\codeigniter4-framework-5d3d4b2\index.php(67): CodeIgniter\CodeIgniter->run()
#14 {main}
CRITICAL - 2023-07-26 23:26:08 --> pg_query(): Query failed: ERROR:  el valor nulo en la columna «url_pdfs» de la relación «pdfs» viola la restricción de no nulo
DETAIL:  La fila que falla contiene (1, null, 70, 51, 200, 200, b24c8fcb-1d10-4df1-9604-ba3182933e92, red, solid, 2).
in SYSTEMPATH\Database\Postgre\Connection.php on line 147.
 1 [internal function]: CodeIgniter\Debug\Exceptions->errorHandler(2, 'pg_query(): Query failed: ERROR:  el valor nulo en la columna «url_pdfs» de la relación «pdfs» viola la restricción de no nulo
DETAIL:  La fila que falla contiene (1, null, 70, 51, 200, 200, b24c8fcb-1d10-4df1-9604-ba3182933e92, red, solid, 2).', 'C:\\wamp64\\www\\codeigniter4-framework-5d3d4b2\\system\\Database\\Postgre\\Connection.php', 147)
 2 SYSTEMPATH\Database\Postgre\Connection.php(147): pg_query(resource (pgsql link persistent), 'INSERT INTO "pdfs"("border_color", "border_radius", "border_style", "height", "id_mural", "posx", "posy", "width")
VALUES (\'red\',\'2\',\'solid\',200,\'b24c8fcb-1d10-4df1-9604-ba3182933e92\',70,51,200)
')
 3 SYSTEMPATH\Database\BaseConnection.php(692): CodeIgniter\Database\Postgre\Connection->execute('INSERT INTO "pdfs"("border_color", "border_radius", "border_style", "height", "id_mural", "posx", "posy", "width")
VALUES (\'red\',\'2\',\'solid\',200,\'b24c8fcb-1d10-4df1-9604-ba3182933e92\',70,51,200)
')
 4 SYSTEMPATH\Database\BaseConnection.php(606): CodeIgniter\Database\BaseConnection->simpleQuery('INSERT INTO "pdfs"("border_color", "border_radius", "border_style", "height", "id_mural", "posx", "posy", "width")
VALUES (\'red\',\'2\',\'solid\',200,\'b24c8fcb-1d10-4df1-9604-ba3182933e92\',70,51,200)
')
 5 SYSTEMPATH\Database\BaseBuilder.php(1801): CodeIgniter\Database\BaseConnection->query('INSERT INTO "pdfs"("border_color", "border_radius", "border_style", "height", "id_mural", "posx", "posy", "width")
VALUES (\'red\',\'2\',\'solid\',200,\'b24c8fcb-1d10-4df1-9604-ba3182933e92\',70,51,200)
', null, false)
 6 SYSTEMPATH\Database\BaseBuilder.php(2192): CodeIgniter\Database\BaseBuilder->batchExecute('_insertBatch', 100)
 7 SYSTEMPATH\Model.php(364): CodeIgniter\Database\BaseBuilder->insertBatch([...], null, 100)
 8 SYSTEMPATH\BaseModel.php(874): CodeIgniter\Model->doInsertBatch([...], null, 100, false)
 9 APPPATH\Models\PdfModel.php(27): CodeIgniter\BaseModel->insertBatch([...], null, 100, false)
10 APPPATH\Controllers\MuralController.php(71): App\Models\PdfModel->insertBatch([...])
11 SYSTEMPATH\CodeIgniter.php(934): App\Controllers\MuralController->create()
12 SYSTEMPATH\CodeIgniter.php(499): CodeIgniter\CodeIgniter->runController(Object(App\Controllers\MuralController))
13 SYSTEMPATH\CodeIgniter.php(368): CodeIgniter\CodeIgniter->handleRequest(null, Object(Config\Cache), false)
14 FCPATH\index.php(67): CodeIgniter\CodeIgniter->run()
ERROR - 2023-07-26 23:38:59 --> ErrorException: pg_query(): Query failed: ERROR:  el valor nulo en la columna «url_pdfs» de la relación «pdfs» viola la restricción de no nulo
DETAIL:  La fila que falla contiene (1, null, 70, 51, 200, 200, b24c8fcb-1d10-4df1-9604-ba3182933e92, red, solid, 2). in C:\wamp64\www\codeigniter4-framework-5d3d4b2\system\Database\Postgre\Connection.php:147
Stack trace:
#0 [internal function]: CodeIgniter\Debug\Exceptions->errorHandler(2, 'pg_query(): Que...', 'C:\\wamp64\\www\\c...', 147)
#1 C:\wamp64\www\codeigniter4-framework-5d3d4b2\system\Database\Postgre\Connection.php(147): pg_query(Resource id #11, 'INSERT INTO "pd...')
#2 C:\wamp64\www\codeigniter4-framework-5d3d4b2\system\Database\BaseConnection.php(692): CodeIgniter\Database\Postgre\Connection->execute('INSERT INTO "pd...')
#3 C:\wamp64\www\codeigniter4-framework-5d3d4b2\system\Database\BaseConnection.php(606): CodeIgniter\Database\BaseConnection->simpleQuery('INSERT INTO "pd...')
#4 C:\wamp64\www\codeigniter4-framework-5d3d4b2\system\Database\BaseBuilder.php(1801): CodeIgniter\Database\BaseConnection->query('INSERT INTO "pd...', NULL, false)
#5 C:\wamp64\www\codeigniter4-framework-5d3d4b2\system\Database\BaseBuilder.php(2192): CodeIgniter\Database\BaseBuilder->batchExecute('_insertBatch', 100)
#6 C:\wamp64\www\codeigniter4-framework-5d3d4b2\system\Model.php(364): CodeIgniter\Database\BaseBuilder->insertBatch(Array, NULL, 100)
#7 C:\wamp64\www\codeigniter4-framework-5d3d4b2\system\BaseModel.php(874): CodeIgniter\Model->doInsertBatch(Array, NULL, 100, false)
#8 C:\wamp64\www\codeigniter4-framework-5d3d4b2\app\Models\PdfModel.php(27): CodeIgniter\BaseModel->insertBatch(Array, NULL, 100, false)
#9 C:\wamp64\www\codeigniter4-framework-5d3d4b2\app\Controllers\MuralController.php(71): App\Models\PdfModel->insertBatch(Array)
#10 C:\wamp64\www\codeigniter4-framework-5d3d4b2\system\CodeIgniter.php(934): App\Controllers\MuralController->create()
#11 C:\wamp64\www\codeigniter4-framework-5d3d4b2\system\CodeIgniter.php(499): CodeIgniter\CodeIgniter->runController(Object(App\Controllers\MuralController))
#12 C:\wamp64\www\codeigniter4-framework-5d3d4b2\system\CodeIgniter.php(368): CodeIgniter\CodeIgniter->handleRequest(NULL, Object(Config\Cache), false)
#13 C:\wamp64\www\codeigniter4-framework-5d3d4b2\index.php(67): CodeIgniter\CodeIgniter->run()
#14 {main}
CRITICAL - 2023-07-26 23:38:59 --> pg_query(): Query failed: ERROR:  el valor nulo en la columna «url_pdfs» de la relación «pdfs» viola la restricción de no nulo
DETAIL:  La fila que falla contiene (1, null, 70, 51, 200, 200, b24c8fcb-1d10-4df1-9604-ba3182933e92, red, solid, 2).
in SYSTEMPATH\Database\Postgre\Connection.php on line 147.
 1 [internal function]: CodeIgniter\Debug\Exceptions->errorHandler(2, 'pg_query(): Query failed: ERROR:  el valor nulo en la columna «url_pdfs» de la relación «pdfs» viola la restricción de no nulo
DETAIL:  La fila que falla contiene (1, null, 70, 51, 200, 200, b24c8fcb-1d10-4df1-9604-ba3182933e92, red, solid, 2).', 'C:\\wamp64\\www\\codeigniter4-framework-5d3d4b2\\system\\Database\\Postgre\\Connection.php', 147)
 2 SYSTEMPATH\Database\Postgre\Connection.php(147): pg_query(resource (pgsql link persistent), 'INSERT INTO "pdfs"("border_color", "border_radius", "border_style", "height", "id_mural", "posx", "posy", "width")
VALUES (\'red\',\'2\',\'solid\',200,\'b24c8fcb-1d10-4df1-9604-ba3182933e92\',70,51,200)
')
 3 SYSTEMPATH\Database\BaseConnection.php(692): CodeIgniter\Database\Postgre\Connection->execute('INSERT INTO "pdfs"("border_color", "border_radius", "border_style", "height", "id_mural", "posx", "posy", "width")
VALUES (\'red\',\'2\',\'solid\',200,\'b24c8fcb-1d10-4df1-9604-ba3182933e92\',70,51,200)
')
 4 SYSTEMPATH\Database\BaseConnection.php(606): CodeIgniter\Database\BaseConnection->simpleQuery('INSERT INTO "pdfs"("border_color", "border_radius", "border_style", "height", "id_mural", "posx", "posy", "width")
VALUES (\'red\',\'2\',\'solid\',200,\'b24c8fcb-1d10-4df1-9604-ba3182933e92\',70,51,200)
')
 5 SYSTEMPATH\Database\BaseBuilder.php(1801): CodeIgniter\Database\BaseConnection->query('INSERT INTO "pdfs"("border_color", "border_radius", "border_style", "height", "id_mural", "posx", "posy", "width")
VALUES (\'red\',\'2\',\'solid\',200,\'b24c8fcb-1d10-4df1-9604-ba3182933e92\',70,51,200)
', null, false)
 6 SYSTEMPATH\Database\BaseBuilder.php(2192): CodeIgniter\Database\BaseBuilder->batchExecute('_insertBatch', 100)
 7 SYSTEMPATH\Model.php(364): CodeIgniter\Database\BaseBuilder->insertBatch([...], null, 100)
 8 SYSTEMPATH\BaseModel.php(874): CodeIgniter\Model->doInsertBatch([...], null, 100, false)
 9 APPPATH\Models\PdfModel.php(27): CodeIgniter\BaseModel->insertBatch([...], null, 100, false)
10 APPPATH\Controllers\MuralController.php(71): App\Models\PdfModel->insertBatch([...])
11 SYSTEMPATH\CodeIgniter.php(934): App\Controllers\MuralController->create()
12 SYSTEMPATH\CodeIgniter.php(499): CodeIgniter\CodeIgniter->runController(Object(App\Controllers\MuralController))
13 SYSTEMPATH\CodeIgniter.php(368): CodeIgniter\CodeIgniter->handleRequest(null, Object(Config\Cache), false)
14 FCPATH\index.php(67): CodeIgniter\CodeIgniter->run()
ERROR - 2023-07-26 23:42:03 --> ErrorException: pg_query(): Query failed: ERROR:  el valor nulo en la columna «url_pdfs» de la relación «pdfs» viola la restricción de no nulo
DETAIL:  La fila que falla contiene (2, null, 70, 51, 200, 200, b24c8fcb-1d10-4df1-9604-ba3182933e92, red, solid, 2). in C:\wamp64\www\codeigniter4-framework-5d3d4b2\system\Database\Postgre\Connection.php:147
Stack trace:
#0 [internal function]: CodeIgniter\Debug\Exceptions->errorHandler(2, 'pg_query(): Que...', 'C:\\wamp64\\www\\c...', 147)
#1 C:\wamp64\www\codeigniter4-framework-5d3d4b2\system\Database\Postgre\Connection.php(147): pg_query(Resource id #11, 'INSERT INTO "pd...')
#2 C:\wamp64\www\codeigniter4-framework-5d3d4b2\system\Database\BaseConnection.php(692): CodeIgniter\Database\Postgre\Connection->execute('INSERT INTO "pd...')
#3 C:\wamp64\www\codeigniter4-framework-5d3d4b2\system\Database\BaseConnection.php(606): CodeIgniter\Database\BaseConnection->simpleQuery('INSERT INTO "pd...')
#4 C:\wamp64\www\codeigniter4-framework-5d3d4b2\system\Database\BaseBuilder.php(1801): CodeIgniter\Database\BaseConnection->query('INSERT INTO "pd...', NULL, false)
#5 C:\wamp64\www\codeigniter4-framework-5d3d4b2\system\Database\BaseBuilder.php(2192): CodeIgniter\Database\BaseBuilder->batchExecute('_insertBatch', 100)
#6 C:\wamp64\www\codeigniter4-framework-5d3d4b2\system\Model.php(364): CodeIgniter\Database\BaseBuilder->insertBatch(Array, NULL, 100)
#7 C:\wamp64\www\codeigniter4-framework-5d3d4b2\system\BaseModel.php(874): CodeIgniter\Model->doInsertBatch(Array, NULL, 100, false)
#8 C:\wamp64\www\codeigniter4-framework-5d3d4b2\app\Models\PdfModel.php(27): CodeIgniter\BaseModel->insertBatch(Array, NULL, 100, false)
#9 C:\wamp64\www\codeigniter4-framework-5d3d4b2\app\Controllers\MuralController.php(71): App\Models\PdfModel->insertBatch(Array)
#10 C:\wamp64\www\codeigniter4-framework-5d3d4b2\system\CodeIgniter.php(934): App\Controllers\MuralController->create()
#11 C:\wamp64\www\codeigniter4-framework-5d3d4b2\system\CodeIgniter.php(499): CodeIgniter\CodeIgniter->runController(Object(App\Controllers\MuralController))
#12 C:\wamp64\www\codeigniter4-framework-5d3d4b2\system\CodeIgniter.php(368): CodeIgniter\CodeIgniter->handleRequest(NULL, Object(Config\Cache), false)
#13 C:\wamp64\www\codeigniter4-framework-5d3d4b2\index.php(67): CodeIgniter\CodeIgniter->run()
#14 {main}
CRITICAL - 2023-07-26 23:42:03 --> pg_query(): Query failed: ERROR:  el valor nulo en la columna «url_pdfs» de la relación «pdfs» viola la restricción de no nulo
DETAIL:  La fila que falla contiene (2, null, 70, 51, 200, 200, b24c8fcb-1d10-4df1-9604-ba3182933e92, red, solid, 2).
in SYSTEMPATH\Database\Postgre\Connection.php on line 147.
 1 [internal function]: CodeIgniter\Debug\Exceptions->errorHandler(2, 'pg_query(): Query failed: ERROR:  el valor nulo en la columna «url_pdfs» de la relación «pdfs» viola la restricción de no nulo
DETAIL:  La fila que falla contiene (2, null, 70, 51, 200, 200, b24c8fcb-1d10-4df1-9604-ba3182933e92, red, solid, 2).', 'C:\\wamp64\\www\\codeigniter4-framework-5d3d4b2\\system\\Database\\Postgre\\Connection.php', 147)
 2 SYSTEMPATH\Database\Postgre\Connection.php(147): pg_query(resource (pgsql link persistent), 'INSERT INTO "pdfs"("border_color", "border_radius", "border_style", "height", "id_mural", "posx", "posy", "width")
VALUES (\'red\',\'2\',\'solid\',200,\'b24c8fcb-1d10-4df1-9604-ba3182933e92\',70,51,200)
')
 3 SYSTEMPATH\Database\BaseConnection.php(692): CodeIgniter\Database\Postgre\Connection->execute('INSERT INTO "pdfs"("border_color", "border_radius", "border_style", "height", "id_mural", "posx", "posy", "width")
VALUES (\'red\',\'2\',\'solid\',200,\'b24c8fcb-1d10-4df1-9604-ba3182933e92\',70,51,200)
')
 4 SYSTEMPATH\Database\BaseConnection.php(606): CodeIgniter\Database\BaseConnection->simpleQuery('INSERT INTO "pdfs"("border_color", "border_radius", "border_style", "height", "id_mural", "posx", "posy", "width")
VALUES (\'red\',\'2\',\'solid\',200,\'b24c8fcb-1d10-4df1-9604-ba3182933e92\',70,51,200)
')
 5 SYSTEMPATH\Database\BaseBuilder.php(1801): CodeIgniter\Database\BaseConnection->query('INSERT INTO "pdfs"("border_color", "border_radius", "border_style", "height", "id_mural", "posx", "posy", "width")
VALUES (\'red\',\'2\',\'solid\',200,\'b24c8fcb-1d10-4df1-9604-ba3182933e92\',70,51,200)
', null, false)
 6 SYSTEMPATH\Database\BaseBuilder.php(2192): CodeIgniter\Database\BaseBuilder->batchExecute('_insertBatch', 100)
 7 SYSTEMPATH\Model.php(364): CodeIgniter\Database\BaseBuilder->insertBatch([...], null, 100)
 8 SYSTEMPATH\BaseModel.php(874): CodeIgniter\Model->doInsertBatch([...], null, 100, false)
 9 APPPATH\Models\PdfModel.php(27): CodeIgniter\BaseModel->insertBatch([...], null, 100, false)
10 APPPATH\Controllers\MuralController.php(71): App\Models\PdfModel->insertBatch([...])
11 SYSTEMPATH\CodeIgniter.php(934): App\Controllers\MuralController->create()
12 SYSTEMPATH\CodeIgniter.php(499): CodeIgniter\CodeIgniter->runController(Object(App\Controllers\MuralController))
13 SYSTEMPATH\CodeIgniter.php(368): CodeIgniter\CodeIgniter->handleRequest(null, Object(Config\Cache), false)
14 FCPATH\index.php(67): CodeIgniter\CodeIgniter->run()
